[2026-02-18T10:06:08+03:00] Starting dk_capture...
[2026-02-18T10:06:09+03:00] STEP 0: sanity read (mode/fr/gn)
mode=1
fr=0
gn="02 "
[2026-02-18T10:06:10+03:00] STEP 1: enable YF and hold 45s
[2026-02-18T10:06:10+03:00] Enable YF stage: YF1 (max_attempts=30 confirm_sec=25)
[2026-02-18T10:06:10+03:00] YF1: attempt 1/30
restored_normal mode=1 fr=0
phase_change: "02 " -> "04 "
pre_send: mode=? fr=? gn=?
sent_set_yf_direct
confirm_timeout fr=0
restored_normal mode=3 fr=0
[2026-02-18T10:07:13+03:00] YF1: attempt 2/30
restored_normal mode=1 fr=0
phase_change: "10 " -> " "
pre_send: mode=? fr=? gn=?
sent_set_yf_direct
confirm_timeout fr=0
restored_normal mode=3 fr=0
[2026-02-18T10:08:08+03:00] YF1: attempt 3/30
restored_normal mode=1 fr=0
phase_change: "80 " -> "01 00 "
pre_send: mode=? fr=? gn=?
sent_set_yf_direct
confirm_timeout fr=0
restored_normal mode=3 fr=0
[2026-02-18T10:09:02+03:00] YF1: attempt 4/30
restored_normal mode=1 fr=0
phase_change: "04 00 " -> "08 00 "
pre_send: mode=? fr=? gn=?
sent_set_yf_direct
confirm_timeout fr=0
restored_normal mode=3 fr=0
[2026-02-18T10:09:57+03:00] YF1: attempt 5/30
restored_normal mode=1 fr=0
phase_change: "02 " -> "04 "
pre_send: mode=? fr=? gn=?
sent_set_yf_direct
confirm_timeout fr=0
[2026-02-18T10:10:49+03:00] YF1: fallback: set nominated phase then retry
set_phase_fallback_done
restored_normal mode=3 fr=0
[2026-02-18T10:10:53+03:00] YF1: attempt 6/30
restored_normal mode=1 fr=0
phase_change: "10 " -> " "
pre_send: mode=? fr=? gn=?
sent_set_yf_direct
