-- Logs begin at Tue 2026-02-17 13:20:19 +03. --
2026-02-18T11:26:28+0300 sintez-lite-3b node[465]: 10101 '<-' '#11:26:27 EVENT (13197) 4 9 255 255$2d\r'
2026-02-18T11:26:30+0300 sintez-lite-3b node[465]: 10101 '<-' '#11:26:29 EVENT (13198) 4 9 255 0$8b\r'
2026-02-18T11:26:32+0300 sintez-lite-3b node[465]: 10101 '->' '#GET_REFER (1219) 0 $D6\r'
2026-02-18T11:26:32+0300 sintez-lite-3b node[465]: 10101 '<-' '#11:26:31 REFER (1219) "Spectr" 10101 "Test SINTEZ UTMC"$bc\r'
2026-02-18T11:26:39+0300 sintez-lite-3b node[465]: 10101 '->' '#SET_YF (1220) $91\r'
2026-02-18T11:26:39+0300 sintez-lite-3b node[465]: 10101 '<-' '#11:26:39 EVENT (13199) 3 1 3 1 255 3$a8\r'
2026-02-18T11:26:39+0300 sintez-lite-3b node[465]: 10101 '<-' '#11:26:39 >O.K. (1220) $66\r'
2026-02-18T11:26:40+0300 sintez-lite-3b node[465]: 10101 '->' '#GET_STAT (1221) $0F\r'
2026-02-18T11:26:40+0300 sintez-lite-3b node[465]: 10101 '<-' '#11:26:39 STAT (1221) 0 0 0 0 0 3 1 255 157 9 255 12 0 3 0 0 0$5c\r'
2026-02-18T11:26:40+0300 sintez-lite-3b node[465]: 10101 '<-' '#11:26:40 EVENT (13200) 4 9 255 255$cf\r'
2026-02-18T11:26:46+0300 sintez-lite-3b node[465]: 10101 '<-' '#11:26:46 EVENT (13201) 4 10 255 255$c0\r'
2026-02-18T11:26:48+0300 sintez-lite-3b node[465]: 10101 '<-' '#11:26:47 EVENT (13202) 4 10 255 0$80\r'
2026-02-18T11:26:58+0300 sintez-lite-3b node[465]: 10101 '<-' '#11:26:58 EVENT (13203) 4 10 255 255$02\r'
2026-02-18T11:27:04+0300 sintez-lite-3b node[465]: 10101 '<-' '#11:27:04 EVENT (13204) 4 11 255 255$24\r'
2026-02-18T11:27:06+0300 sintez-lite-3b node[465]: 10101 '<-' '#11:27:06 EVENT (13205) 4 11 255 0$5d\r'
2026-02-18T11:27:16+0300 sintez-lite-3b node[465]: 10101 '<-' '#11:27:16 EVENT (13206) 4 11 255 255$65\r'
2026-02-18T11:27:22+0300 sintez-lite-3b node[465]: 10101 '<-' '#11:27:22 EVENT (13207) 4 12 255 255$c7\r'
2026-02-18T11:27:24+0300 sintez-lite-3b node[465]: 10101 '<-' '#11:27:24 EVENT (13208) 4 12 255 0$46\r'
2026-02-18T11:27:35+0300 sintez-lite-3b node[465]: 10101 '<-' '#11:27:34 EVENT (13209) 4 12 255 255$09\r'
2026-02-18T11:27:40+0300 sintez-lite-3b node[465]: 10101 '->' '#GET_REFER (1223) 0 $56\r'
2026-02-18T11:27:40+0300 sintez-lite-3b node[465]: 10101 '<-' '#11:27:39 REFER (1223) "Spectr" 10101 "Test SINTEZ UTMC"$8c\r'
2026-02-18T11:27:40+0300 sintez-lite-3b node[465]: 10101 '<-' '#11:27:40 EVENT (13210) 4 1 255 255$80\r'
2026-02-18T11:27:40+0300 sintez-lite-3b node[465]: 10101 '<-' '#11:27:40 EVENT (13211) 3 1 1 1 255 3$b0\r'
2026-02-18T11:27:40+0300 sintez-lite-3b node[465]: 10101 '->' '#GET_STAT (1224) $27\r'
2026-02-18T11:27:40+0300 sintez-lite-3b node[465]: 10101 '<-' '#11:27:40 STAT (1224) 0 0 0 0 0 1 1 255 0 1 255 0 255 3 0 0 0$3f\r'
2026-02-18T11:27:40+0300 sintez-lite-3b node[465]: 10101 '->' '#GET_STAT (1225) $2F\r'
2026-02-18T11:27:40+0300 sintez-lite-3b node[465]: 10101 '<-' '#11:27:40 STAT (1225) 0 0 0 0 0 1 1 255 0 1 255 0 255 3 0 0 0$43\r'
2026-02-18T11:27:42+0300 sintez-lite-3b node[465]: 10101 '<-' '#11:27:42 EVENT (13212) 4 1 255 0$70\r'
2026-02-18T11:27:50+0300 sintez-lite-3b node[465]: 10101 '->' '#SET_YF (1226) $C1\r'
2026-02-18T11:27:50+0300 sintez-lite-3b node[465]: 10101 '<-' '#11:27:50 EVENT (13213) 3 1 3 1 255 3$f6\r'
2026-02-18T11:27:50+0300 sintez-lite-3b node[465]: 10101 '<-' '#11:27:50 >O.K. (1226) $18\r'
2026-02-18T11:27:51+0300 sintez-lite-3b node[465]: 10101 '->' '#GET_STAT (1227) $3F\r'
2026-02-18T11:27:51+0300 sintez-lite-3b node[465]: 10101 '<-' '#11:27:50 STAT (1227) 0 0 0 0 0 3 1 255 10 1 255 10 0 3 0 0 0$67\r'
2026-02-18T11:27:52+0300 sintez-lite-3b node[465]: 10101 '<-' '#11:27:51 EVENT (13214) 4 1 255 255$99\r'
2026-02-18T11:27:57+0300 sintez-lite-3b node[465]: 10101 '<-' '#11:27:57 EVENT (13215) 4 255 255 255$6f\r'
2026-02-18T11:27:57+0300 sintez-lite-3b node[465]: 10101 '<-' '#11:27:57 EVENT (13216) 3 1 3 255 255 2$a4\r'
2026-02-18T11:27:58+0300 sintez-lite-3b node[465]: 10101 '->' '#GET_STAT (1229) $4F\r'
2026-02-18T11:27:58+0300 sintez-lite-3b node[465]: 10101 '<-' '#11:27:57 STAT (1229) 0 0 0 0 0 3 255 255 17 255 255 0 255 2 0 0 0$bc\r'
2026-02-18T11:27:58+0300 sintez-lite-3b node[465]: 10101 '->' '#GET_STAT (1230) $17\r'
2026-02-18T11:27:58+0300 sintez-lite-3b node[465]: 10101 '<-' '#11:27:57 STAT (1230) 0 0 0 0 0 3 255 255 17 255 255 0 255 2 0 0 0$39\r'
