-- Logs begin at Tue 2026-02-17 13:20:19 +03. --
2026-02-18T10:55:42+0300 sintez-lite-3b node[465]: 10101 '<-' '#10:55:41 EVENT (12893) 4 5 255 0$42\r'
2026-02-18T10:55:51+0300 sintez-lite-3b node[465]: 10101 '<-' '#10:55:51 EVENT (12894) 4 5 255 255$a8\r'
2026-02-18T10:55:57+0300 sintez-lite-3b node[465]: 10101 '->' '#GET_REFER (1173) 0 $17\r'
2026-02-18T10:55:57+0300 sintez-lite-3b node[465]: 10101 '<-' '#10:55:56 REFER (1173) "Spectr" 10101 "Test SINTEZ UTMC"$cd\r'
2026-02-18T10:55:58+0300 sintez-lite-3b node[465]: 10101 '<-' '#10:55:57 EVENT (12895) 4 6 255 255$1b\r'
2026-02-18T10:56:00+0300 sintez-lite-3b node[465]: 10101 '<-' '#10:55:59 EVENT (12896) 4 6 255 0$07\r'
2026-02-18T10:56:10+0300 sintez-lite-3b node[465]: 10101 '<-' '#10:56:10 EVENT (12897) 4 6 255 255$63\r'
2026-02-18T10:56:16+0300 sintez-lite-3b node[465]: 10101 '<-' '#10:56:15 EVENT (12898) 4 7 255 255$cd\r'
2026-02-18T10:56:18+0300 sintez-lite-3b node[465]: 10101 '<-' '#10:56:17 EVENT (12899) 4 7 255 0$b3\r'
2026-02-18T10:56:28+0300 sintez-lite-3b node[465]: 10101 '<-' '#10:56:27 EVENT (12900) 4 7 255 255$68\r'
2026-02-18T10:56:34+0300 sintez-lite-3b node[465]: 10101 '<-' '#10:56:33 EVENT (12901) 4 8 255 255$9a\r'
2026-02-18T10:56:36+0300 sintez-lite-3b node[465]: 10101 '<-' '#10:56:35 EVENT (12902) 4 8 255 0$e6\r'
2026-02-18T10:56:46+0300 sintez-lite-3b node[465]: 10101 '<-' '#10:56:46 EVENT (12903) 4 8 255 255$43\r'
2026-02-18T10:56:52+0300 sintez-lite-3b node[465]: 10101 '<-' '#10:56:52 EVENT (12904) 4 9 255 255$75\r'
2026-02-18T10:56:54+0300 sintez-lite-3b node[465]: 10101 '<-' '#10:56:54 EVENT (12905) 4 9 255 0$9d\r'
2026-02-18T10:56:57+0300 sintez-lite-3b node[465]: 10101 '->' '#GET_REFER (1174) 0 $37\r'
2026-02-18T10:56:57+0300 sintez-lite-3b node[465]: 10101 '<-' '#10:56:56 REFER (1174) "Spectr" 10101 "Test SINTEZ UTMC"$e5\r'
2026-02-18T10:57:05+0300 sintez-lite-3b node[465]: 10101 '<-' '#10:57:04 EVENT (12906) 4 9 255 255$f5\r'
2026-02-18T10:57:10+0300 sintez-lite-3b node[465]: 10101 '<-' '#10:57:10 EVENT (12907) 4 10 255 255$8c\r'
2026-02-18T10:57:12+0300 sintez-lite-3b node[465]: 10101 '<-' '#10:57:11 EVENT (12908) 4 10 255 0$73\r'
2026-02-18T10:57:22+0300 sintez-lite-3b node[465]: 10101 '<-' '#10:57:22 EVENT (12909) 4 10 255 255$cd\r'
2026-02-18T10:57:29+0300 sintez-lite-3b node[465]: 10101 '<-' '#10:57:28 EVENT (12910) 4 11 255 255$ac\r'
2026-02-18T10:57:31+0300 sintez-lite-3b node[465]: 10101 '<-' '#10:57:30 EVENT (12911) 4 11 255 0$5f\r'
2026-02-18T10:57:36+0300 sintez-lite-3b node[465]: 10101 '->' '#SET_YF (1175) $E9\r'
2026-02-18T10:57:36+0300 sintez-lite-3b node[465]: 10101 '<-' '#10:57:36 EVENT (12912) 3 1 3 1 255 3$48\r'
2026-02-18T10:57:36+0300 sintez-lite-3b node[465]: 10101 '<-' '#10:57:36 >O.K. (1175) $39\r'
2026-02-18T10:57:36+0300 sintez-lite-3b node[465]: 10101 '->' '#GET_STAT (1176) $67\r'
2026-02-18T10:57:36+0300 sintez-lite-3b node[465]: 10101 '<-' '#10:57:36 STAT (1176) 0 0 0 0 0 3 1 255 189 11 255 8 0 3 0 0 0$a2\r'
2026-02-18T10:57:38+0300 sintez-lite-3b node[465]: 10101 '<-' '#10:57:37 EVENT (12913) 4 11 255 255$3e\r'
2026-02-18T10:57:44+0300 sintez-lite-3b node[465]: 10101 '<-' '#10:57:43 EVENT (12914) 4 255 255 255$bf\r'
2026-02-18T10:57:44+0300 sintez-lite-3b node[465]: 10101 '<-' '#10:57:43 EVENT (12915) 3 1 3 255 255 2$e5\r'
2026-02-18T10:57:44+0300 sintez-lite-3b node[465]: 10101 '->' '#GET_STAT (1178) $77\r'
2026-02-18T10:57:44+0300 sintez-lite-3b node[465]: 10101 '<-' '#10:57:43 STAT (1178) 0 0 0 0 0 3 255 255 196 255 255 0 255 2 0 0 0$5e\r'
2026-02-18T10:57:44+0300 sintez-lite-3b node[465]: 10101 '->' '#GET_STAT (1179) $7F\r'
2026-02-18T10:57:44+0300 sintez-lite-3b node[465]: 10101 '<-' '#10:57:43 STAT (1179) 0 0 0 0 0 3 255 255 196 255 255 0 255 2 0 0 0$5f\r'
2026-02-18T10:58:37+0300 sintez-lite-3b node[465]: 10101 '->' '#SET_LOCAL (1180) $41\r'
2026-02-18T10:58:37+0300 sintez-lite-3b node[465]: 10101 '<-' '#10:58:36 EVENT (12916) 3 1 1 255 255 2$5e\r'
2026-02-18T10:58:37+0300 sintez-lite-3b node[465]: 10101 '<-' '#10:58:36 >O.K. (1180) $25\r'
2026-02-18T10:58:37+0300 sintez-lite-3b node[465]: 10101 '->' '#GET_STAT (1181) $4F\r'
2026-02-18T10:58:37+0300 sintez-lite-3b node[465]: 10101 '<-' '#10:58:36 STAT (1181) 0 0 0 0 0 1 255 255 250 255 255 54 255 2 0 0 0$62\r'
2026-02-18T10:58:38+0300 sintez-lite-3b node[465]: 10101 '<-' '#10:58:37 EVENT (12917) 3 1 1 240 255 3$61\r'
2026-02-18T10:58:38+0300 sintez-lite-3b node[465]: 10101 '->' '#GET_STAT (1183) $5F\r'
2026-02-18T10:58:38+0300 sintez-lite-3b node[465]: 10101 '<-' '#10:58:37 STAT (1183) 0 0 0 0 0 1 240 255 250 255 255 54 255 3 0 0 0$ef\r'
2026-02-18T10:58:40+0300 sintez-lite-3b node[465]: 10101 '<-' '#10:58:40 EVENT (12918) 4 1 255 255$47\r'
2026-02-18T10:58:40+0300 sintez-lite-3b node[465]: 10101 '<-' '#10:58:40 EVENT (12919) 3 1 1 1 255 3$cb\r'
2026-02-18T10:58:40+0300 sintez-lite-3b node[465]: 10101 '->' '#GET_STAT (1185) $6F\r'
2026-02-18T10:58:40+0300 sintez-lite-3b node[465]: 10101 '<-' '#10:58:40 STAT (1185) 0 0 0 0 0 1 1 255 0 1 255 0 255 3 0 0 0$62\r'
2026-02-18T10:58:40+0300 sintez-lite-3b node[465]: 10101 '->' '#GET_STAT (1186) $77\r'
2026-02-18T10:58:40+0300 sintez-lite-3b node[465]: 10101 '<-' '#10:58:40 STAT (1186) 0 0 0 0 0 1 1 255 0 1 255 0 255 3 0 0 0$66\r'
2026-02-18T10:58:42+0300 sintez-lite-3b node[465]: 10101 '<-' '#10:58:42 EVENT (12920) 4 1 255 0$a1\r'
2026-02-18T10:58:53+0300 sintez-lite-3b node[465]: 10101 '<-' '#10:58:52 EVENT (12921) 4 1 255 255$26\r'
2026-02-18T10:58:59+0300 sintez-lite-3b node[465]: 10101 '->' '#SET_YF (1187) $0A\r'
2026-02-18T10:58:59+0300 sintez-lite-3b node[465]: 10101 '<-' '#10:58:58 EVENT (12922) 4 2 255 255$98\r'
2026-02-18T10:58:59+0300 sintez-lite-3b node[465]: 10101 '<-' '#10:58:58 EVENT (12923) 3 1 3 1 255 3$0d\r'
2026-02-18T10:58:59+0300 sintez-lite-3b node[465]: 10101 '<-' '#10:58:58 >O.K. (1187) $60\r'
2026-02-18T10:58:59+0300 sintez-lite-3b node[465]: 10101 '->' '#GET_STAT (1188) $87\r'
2026-02-18T10:58:59+0300 sintez-lite-3b node[465]: 10101 '<-' '#10:58:58 STAT (1188) 0 0 0 0 0 3 1 255 18 2 255 0 255 3 0 0 0$e1\r'
2026-02-18T10:59:00+0300 sintez-lite-3b node[465]: 10101 '<-' '#10:59:00 EVENT (12924) 4 2 255 0$5e\r'
2026-02-18T10:59:10+0300 sintez-lite-3b node[465]: 10101 '<-' '#10:59:10 EVENT (12925) 4 2 255 255$19\r'
2026-02-18T10:59:17+0300 sintez-lite-3b node[465]: 10101 '<-' '#10:59:16 EVENT (12926) 4 3 255 255$8b\r'
2026-02-18T10:59:19+0300 sintez-lite-3b node[465]: 10101 '<-' '#10:59:18 EVENT (12927) 4 3 255 0$23\r'
2026-02-18T10:59:28+0300 sintez-lite-3b node[465]: 10101 '<-' '#10:59:28 EVENT (12928) 4 3 255 255$2c\r'
2026-02-18T10:59:31+0300 sintez-lite-3b node[465]: 10101 '->' '#SET_YF (1190) $E1\r'
2026-02-18T10:59:31+0300 sintez-lite-3b node[465]: 10101 '<-' '#10:59:30 >O.K. (1190) $36\r'
2026-02-18T10:59:34+0300 sintez-lite-3b node[465]: 10101 '<-' '#10:59:34 EVENT (12929) 4 4 255 255$5e\r'
2026-02-18T10:59:37+0300 sintez-lite-3b node[465]: 10101 '<-' '#10:59:36 EVENT (12930) 4 4 255 0$57\r'
2026-02-18T10:59:47+0300 sintez-lite-3b node[465]: 10101 '<-' '#10:59:46 EVENT (12931) 4 4 255 255$fc\r'
2026-02-18T10:59:53+0300 sintez-lite-3b node[465]: 10101 '<-' '#10:59:52 EVENT (12932) 4 5 255 255$2f\r'
2026-02-18T10:59:55+0300 sintez-lite-3b node[465]: 10101 '<-' '#10:59:54 EVENT (12933) 4 5 255 0$0c\r'
2026-02-18T11:00:05+0300 sintez-lite-3b node[465]: 10101 '<-' '#11:00:05 EVENT (12934) 4 5 255 255$b4\r'
2026-02-18T11:00:11+0300 sintez-lite-3b node[465]: 10101 '<-' '#11:00:10 EVENT (12935) 4 6 255 255$de\r'
2026-02-18T11:00:13+0300 sintez-lite-3b node[465]: 10101 '<-' '#11:00:12 EVENT (12936) 4 6 255 0$f7\r'
2026-02-18T11:00:23+0300 sintez-lite-3b node[465]: 10101 '<-' '#11:00:23 EVENT (12937) 4 6 255 255$87\r'
2026-02-18T11:00:29+0300 sintez-lite-3b node[465]: 10101 '<-' '#11:00:28 EVENT (12938) 4 7 255 255$f1\r'
2026-02-18T11:00:31+0300 sintez-lite-3b node[465]: 10101 '->' '#GET_REFER (1191) 0 $57\r'
2026-02-18T11:00:31+0300 sintez-lite-3b node[465]: 10101 '<-' '#11:00:30 REFER (1191) "Spectr" 10101 "Test SINTEZ UTMC"$ab\r'
2026-02-18T11:00:31+0300 sintez-lite-3b node[465]: 10101 '<-' '#11:00:31 EVENT (12939) 4 7 255 0$ae\r'
2026-02-18T11:00:32+0300 sintez-lite-3b node[465]: 10101 '<-' '#11:00:32 EVENT (12940) 3 1 1 1 255 3$be\r'
2026-02-18T11:00:32+0300 sintez-lite-3b node[465]: 10101 '->' '#GET_STAT (1192) $67\r'
2026-02-18T11:00:32+0300 sintez-lite-3b node[465]: 10101 '<-' '#11:00:32 STAT (1192) 0 0 0 0 0 1 1 255 112 7 255 3 0 3 0 0 0$90\r'
2026-02-18T11:00:41+0300 sintez-lite-3b node[465]: 10101 '<-' '#11:00:41 EVENT (12941) 4 7 255 255$98\r'
2026-02-18T11:00:47+0300 sintez-lite-3b node[465]: 10101 '<-' '#11:00:46 EVENT (12942) 4 8 255 255$03\r'
2026-02-18T11:00:50+0300 sintez-lite-3b node[465]: 10101 '<-' '#11:00:49 EVENT (12943) 4 8 255 0$03\r'
2026-02-18T11:00:59+0300 sintez-lite-3b node[465]: 10101 '<-' '#11:00:59 EVENT (12944) 4 8 255 255$ab\r'
2026-02-18T11:01:06+0300 sintez-lite-3b node[465]: 10101 '<-' '#11:01:05 EVENT (12945) 4 9 255 255$bd\r'
2026-02-18T11:01:08+0300 sintez-lite-3b node[465]: 10101 '<-' '#11:01:07 EVENT (12946) 4 9 255 0$af\r'
2026-02-18T11:01:17+0300 sintez-lite-3b node[465]: 10101 '<-' '#11:01:17 EVENT (12947) 4 9 255 255$5e\r'
2026-02-18T11:01:23+0300 sintez-lite-3b node[465]: 10101 '<-' '#11:01:23 EVENT (12948) 4 10 255 255$5d\r'
2026-02-18T11:01:26+0300 sintez-lite-3b node[465]: 10101 '<-' '#11:01:25 EVENT (12949) 4 10 255 0$ab\r'
2026-02-18T11:01:32+0300 sintez-lite-3b node[465]: 10101 '->' '#GET_REFER (1194) 0 $B7\r'
2026-02-18T11:01:32+0300 sintez-lite-3b node[465]: 10101 '<-' '#11:01:31 REFER (1194) "Spectr" 10101 "Test SINTEZ UTMC"$e4\r'
2026-02-18T11:01:36+0300 sintez-lite-3b node[465]: 10101 '<-' '#11:01:35 EVENT (12950) 4 10 255 255$9a\r'
2026-02-18T11:01:42+0300 sintez-lite-3b node[465]: 10101 '<-' '#11:01:41 EVENT (12951) 4 11 255 255$fc\r'
2026-02-18T11:01:44+0300 sintez-lite-3b node[465]: 10101 '<-' '#11:01:43 EVENT (12952) 4 11 255 0$93\r'
2026-02-18T11:01:54+0300 sintez-lite-3b node[465]: 10101 '<-' '#11:01:53 EVENT (12953) 4 11 255 255$3e\r'
2026-02-18T11:01:59+0300 sintez-lite-3b node[465]: 10101 '<-' '#11:01:59 EVENT (12954) 4 12 255 255$21\r'
2026-02-18T11:02:02+0300 sintez-lite-3b node[465]: 10101 '<-' '#11:02:01 EVENT (12955) 4 12 255 0$6c\r'
2026-02-18T11:02:12+0300 sintez-lite-3b node[465]: 10101 '<-' '#11:02:11 EVENT (12956) 4 12 255 255$a1\r'
2026-02-18T11:02:18+0300 sintez-lite-3b node[465]: 10101 '<-' '#11:02:17 EVENT (12957) 4 1 255 255$0f\r'
2026-02-18T11:02:20+0300 sintez-lite-3b node[465]: 10101 '<-' '#11:02:19 EVENT (12958) 4 1 255 0$04\r'
2026-02-18T11:02:30+0300 sintez-lite-3b node[465]: 10101 '<-' '#11:02:30 EVENT (12959) 4 1 255 255$77\r'
2026-02-18T11:02:32+0300 sintez-lite-3b node[465]: 10101 '->' '#GET_REFER (1195) 0 $D7\r'
2026-02-18T11:02:32+0300 sintez-lite-3b node[465]: 10101 '<-' '#11:02:31 REFER (1195) "Spectr" 10101 "Test SINTEZ UTMC"$fc\r'
2026-02-18T11:02:36+0300 sintez-lite-3b node[465]: 10101 '<-' '#11:02:36 EVENT (12960) 4 2 255 255$e7\r'
2026-02-18T11:02:38+0300 sintez-lite-3b node[465]: 10101 '<-' '#11:02:38 EVENT (12961) 4 2 255 0$3a\r'
2026-02-18T11:02:48+0300 sintez-lite-3b node[465]: 10101 '<-' '#11:02:48 EVENT (12962) 4 2 255 255$88\r'
2026-02-18T11:02:55+0300 sintez-lite-3b node[465]: 10101 '<-' '#11:02:54 EVENT (12963) 4 3 255 255$ba\r'
2026-02-18T11:02:56+0300 sintez-lite-3b node[465]: 10101 '<-' '#11:02:55 EVENT (12964) 4 3 255 0$ec\r'
2026-02-18T11:03:06+0300 sintez-lite-3b node[465]: 10101 '<-' '#11:03:06 EVENT (12965) 4 3 255 255$3b\r'
2026-02-18T11:03:12+0300 sintez-lite-3b node[465]: 10101 '<-' '#11:03:12 EVENT (12966) 4 4 255 255$6d\r'
2026-02-18T11:03:15+0300 sintez-lite-3b node[465]: 10101 '<-' '#11:03:14 EVENT (12967) 4 4 255 0$9b\r'
2026-02-18T11:03:24+0300 sintez-lite-3b node[465]: 10101 '<-' '#11:03:24 EVENT (12968) 4 4 255 255$0e\r'
2026-02-18T11:03:30+0300 sintez-lite-3b node[465]: 10101 '<-' '#11:03:30 EVENT (12969) 4 5 255 255$40\r'
2026-02-18T11:03:32+0300 sintez-lite-3b node[465]: 10101 '->' '#GET_REFER (1196) 0 $F7\r'
2026-02-18T11:03:32+0300 sintez-lite-3b node[465]: 10101 '<-' '#11:03:31 REFER (1196) "Spectr" 10101 "Test SINTEZ UTMC"$15\r'
2026-02-18T11:03:32+0300 sintez-lite-3b node[465]: 10101 '<-' '#11:03:32 EVENT (12970) 4 5 255 0$cf\r'
2026-02-18T11:03:43+0300 sintez-lite-3b node[465]: 10101 '<-' '#11:03:42 EVENT (12971) 4 5 255 255$de\r'
2026-02-18T11:03:48+0300 sintez-lite-3b node[465]: 10101 '<-' '#11:03:48 EVENT (12972) 4 6 255 255$51\r'
2026-02-18T11:03:50+0300 sintez-lite-3b node[465]: 10101 '<-' '#11:03:50 EVENT (12973) 4 6 255 0$84\r'
2026-02-18T11:04:01+0300 sintez-lite-3b node[465]: 10101 '<-' '#11:04:00 EVENT (12974) 4 6 255 255$91\r'
2026-02-18T11:04:07+0300 sintez-lite-3b node[465]: 10101 '<-' '#11:04:06 EVENT (12975) 4 7 255 255$04\r'
2026-02-18T11:04:09+0300 sintez-lite-3b node[465]: 10101 '<-' '#11:04:08 EVENT (12976) 4 7 255 0$41\r'
2026-02-18T11:04:19+0300 sintez-lite-3b node[465]: 10101 '<-' '#11:04:18 EVENT (12977) 4 7 255 255$a4\r'
2026-02-18T11:04:25+0300 sintez-lite-3b node[465]: 10101 '<-' '#11:04:25 EVENT (12978) 4 8 255 255$de\r'
2026-02-18T11:04:27+0300 sintez-lite-3b node[465]: 10101 '<-' '#11:04:26 EVENT (12979) 4 8 255 0$f5\r'
2026-02-18T11:04:32+0300 sintez-lite-3b node[465]: 10101 '->' '#GET_REFER (1197) 0 $18\r'
2026-02-18T11:04:32+0300 sintez-lite-3b node[465]: 10101 '<-' '#11:04:31 REFER (1197) "Spectr" 10101 "Test SINTEZ UTMC"$2d\r'
2026-02-18T11:04:37+0300 sintez-lite-3b node[465]: 10101 '<-' '#11:04:36 EVENT (12980) 4 8 255 255$75\r'
2026-02-18T11:04:43+0300 sintez-lite-3b node[465]: 10101 '<-' '#11:04:43 EVENT (12981) 4 9 255 255$af\r'
2026-02-18T11:04:45+0300 sintez-lite-3b node[465]: 10101 '<-' '#11:04:45 EVENT (12982) 4 9 255 0$2c\r'
2026-02-18T11:04:55+0300 sintez-lite-3b node[465]: 10101 '<-' '#11:04:55 EVENT (12983) 4 9 255 255$50\r'
2026-02-18T11:05:01+0300 sintez-lite-3b node[465]: 10101 '<-' '#11:05:00 EVENT (12984) 4 10 255 255$f0\r'
2026-02-18T11:05:04+0300 sintez-lite-3b node[465]: 10101 '<-' '#11:05:03 EVENT (12985) 4 10 255 0$94\r'
2026-02-18T11:05:14+0300 sintez-lite-3b node[465]: 10101 '<-' '#11:05:13 EVENT (12986) 4 10 255 255$42\r'
2026-02-18T11:05:19+0300 sintez-lite-3b node[465]: 10101 '<-' '#11:05:19 EVENT (12987) 4 11 255 255$25\r'
2026-02-18T11:05:21+0300 sintez-lite-3b node[465]: 10101 '<-' '#11:05:21 EVENT (12988) 4 11 255 0$7d\r'
2026-02-18T11:05:32+0300 sintez-lite-3b node[465]: 10101 '<-' '#11:05:31 EVENT (12989) 4 11 255 255$e5\r'
2026-02-18T11:05:32+0300 sintez-lite-3b node[465]: 10101 '->' '#GET_REFER (1198) 0 $38\r'
2026-02-18T11:05:32+0300 sintez-lite-3b node[465]: 10101 '<-' '#11:05:31 REFER (1198) "Spectr" 10101 "Test SINTEZ UTMC"$45\r'
2026-02-18T11:05:38+0300 sintez-lite-3b node[465]: 10101 '<-' '#11:05:37 EVENT (12990) 4 12 255 255$c4\r'
2026-02-18T11:05:39+0300 sintez-lite-3b node[465]: 10101 '<-' '#11:05:39 EVENT (12991) 4 12 255 0$85\r'
2026-02-18T11:05:50+0300 sintez-lite-3b node[465]: 10101 '<-' '#11:05:49 EVENT (12992) 4 12 255 255$06\r'
2026-02-18T11:05:56+0300 sintez-lite-3b node[465]: 10101 '<-' '#11:05:55 EVENT (12993) 4 1 255 255$01\r'
2026-02-18T11:05:58+0300 sintez-lite-3b node[465]: 10101 '<-' '#11:05:57 EVENT (12994) 4 1 255 0$80\r'
