==> /home/voicelink/rtc/resident/full.log <==

==> /home/voicelink/rtc/resident/info.log <==

==> /home/voicelink/rtc/resident/error.log <==

==> /home/voicelink/rtc/resident/info.log <==
17-02-2026 12:22:32;;0x101a;;Remote mode is launched using the {0} protocol.;;UTMC

==> /home/voicelink/rtc/resident/full.log <==
17-02-2026 12:22:32;;0x101a;;Remote mode is launched using the {0} protocol.;;UTMC

==> /home/voicelink/rtc/resident/info.log <==
17-02-2026 12:22:38;;0x101f;;Flashing yellow.;;

==> /home/voicelink/rtc/resident/full.log <==
17-02-2026 12:22:38;;0x101f;;Flashing yellow.;;

==> /home/voicelink/rtc/resident/info.log <==
17-02-2026 12:23:01;;0x101c;;Off.;;

==> /home/voicelink/rtc/resident/full.log <==
17-02-2026 12:23:01;;0x101c;;Off.;;

==> /home/voicelink/rtc/resident/info.log <==
17-02-2026 12:23:18;;0x101f;;Flashing yellow.;;

==> /home/voicelink/rtc/resident/full.log <==
17-02-2026 12:23:18;;0x101f;;Flashing yellow.;;

==> /home/voicelink/rtc/resident/info.log <==
17-02-2026 12:23:45;;0x1008;;Beginning the program restart...;;

==> /home/voicelink/rtc/resident/full.log <==
17-02-2026 12:23:45;;0x1008;;Beginning the program restart...;;

==> /home/voicelink/rtc/resident/info.log <==
17-02-2026 12:23:45;;0x1007;;The program is stopped.;;

==> /home/voicelink/rtc/resident/full.log <==
17-02-2026 12:23:45;;0x1007;;The program is stopped.;;

==> /home/voicelink/rtc/resident/info.log <==
17-02-2026 12:23:45;;0x1024;;Stopping the system bus...;;

==> /home/voicelink/rtc/resident/full.log <==
17-02-2026 12:23:45;;0x1024;;Stopping the system bus...;;

==> /home/voicelink/rtc/resident/info.log <==
17-02-2026 12:23:46;;0x1026;;The system bus is stopped.;;

==> /home/voicelink/rtc/resident/full.log <==
17-02-2026 12:23:46;;0x1026;;The system bus is stopped.;;

==> /home/voicelink/rtc/resident/info.log <==
17-02-2026 12:23:46;;0x1022;;Stopping the GPIO Handler...;;

==> /home/voicelink/rtc/resident/full.log <==
17-02-2026 12:23:46;;0x1022;;Stopping the GPIO Handler...;;

==> /home/voicelink/rtc/resident/info.log <==
17-02-2026 12:23:46;;0x1004;;Initializing the program...;;

==> /home/voicelink/rtc/resident/full.log <==
17-02-2026 12:23:46;;0x1004;;Initializing the program...;;

==> /home/voicelink/rtc/resident/info.log <==
17-02-2026 12:23:46;;0x1038;;Deny the use of the remote control panel: {0}.;;False

==> /home/voicelink/rtc/resident/full.log <==
17-02-2026 12:23:46;;0x1038;;Deny the use of the remote control panel: {0}.;;False

==> /home/voicelink/rtc/resident/info.log <==
17-02-2026 12:23:46;;0x103d;;Deny the use of fixed time mode via STCIP: {0}.;;False

==> /home/voicelink/rtc/resident/full.log <==
17-02-2026 12:23:46;;0x103d;;Deny the use of fixed time mode via STCIP: {0}.;;False

==> /home/voicelink/rtc/resident/info.log <==
17-02-2026 12:23:46;;0x1042;;Deny the remote controll in case of amber flash error: {0}.;;True

==> /home/voicelink/rtc/resident/full.log <==
17-02-2026 12:23:46;;0x1042;;Deny the remote controll in case of amber flash error: {0}.;;True

==> /home/voicelink/rtc/resident/info.log <==
17-02-2026 12:23:46;;0x1031;;Beginning of protocol search...;;

==> /home/voicelink/rtc/resident/full.log <==
17-02-2026 12:23:46;;0x1031;;Beginning of protocol search...;;

==> /home/voicelink/rtc/resident/info.log <==
17-02-2026 12:23:46;;0x1030;;Search for protocol {0}.;;bus_controller

==> /home/voicelink/rtc/resident/full.log <==
17-02-2026 12:23:46;;0x1030;;Search for protocol {0}.;;bus_controller

==> /home/voicelink/rtc/resident/info.log <==
17-02-2026 12:23:47;;0x100a;;Hardware initialization...;;

==> /home/voicelink/rtc/resident/full.log <==
17-02-2026 12:23:47;;0x100a;;Hardware initialization...;;

==> /home/voicelink/rtc/resident/info.log <==
17-02-2026 12:23:48;;0x100b;;Number of boards Security Processor: {0};;0

==> /home/voicelink/rtc/resident/full.log <==
17-02-2026 12:23:48;;0x100b;;Number of boards Security Processor: {0};;0

==> /home/voicelink/rtc/resident/info.log <==
17-02-2026 12:23:48;;0x100c;;Number of boards Lamp Control: {0};;0

==> /home/voicelink/rtc/resident/full.log <==
17-02-2026 12:23:48;;0x100c;;Number of boards Lamp Control: {0};;0

==> /home/voicelink/rtc/resident/info.log <==
17-02-2026 12:23:48;;0x100d;;Number of boards Remote Control Panel: {0};;0

==> /home/voicelink/rtc/resident/full.log <==
17-02-2026 12:23:48;;0x100d;;Number of boards Remote Control Panel: {0};;0

==> /home/voicelink/rtc/resident/info.log <==
17-02-2026 12:23:48;;0x100d;;Number of boards Input-Output: {0};;0

==> /home/voicelink/rtc/resident/full.log <==
17-02-2026 12:23:48;;0x100d;;Number of boards Input-Output: {0};;0
17-02-2026 12:23:48;;0x0000;;Version of boards Lamp Control: {0};;
17-02-2026 12:23:48;;0x0000;;Version of boards Input-Output: {0};;
17-02-2026 12:23:48;;0x0000;;Version of boards Remote Control Panel: {0};;
17-02-2026 12:23:48;;0x0000;;Version of boards Security Processor: {0};;

==> /home/voicelink/rtc/resident/info.log <==
17-02-2026 12:23:48;;0x102a;;Initializing the driver. Answer: {0}. Driver: {1}.;;False,,None

==> /home/voicelink/rtc/resident/full.log <==
17-02-2026 12:23:48;;0x102a;;Initializing the driver. Answer: {0}. Driver: {1}.;;False,,None

==> /home/voicelink/rtc/resident/info.log <==
17-02-2026 12:23:48;;0x1030;;Search for protocol {0}.;;bus_boards

==> /home/voicelink/rtc/resident/full.log <==
17-02-2026 12:23:48;;0x1030;;Search for protocol {0}.;;bus_boards

==> /home/voicelink/rtc/resident/info.log <==
17-02-2026 12:23:48;;0x100a;;Hardware initialization...;;

==> /home/voicelink/rtc/resident/full.log <==
17-02-2026 12:23:48;;0x100a;;Hardware initialization...;;

==> /home/voicelink/rtc/resident/info.log <==
17-02-2026 12:23:48;;0x100b;;Number of boards Security Processor: {0};;1

==> /home/voicelink/rtc/resident/full.log <==
17-02-2026 12:23:48;;0x100b;;Number of boards Security Processor: {0};;1

==> /home/voicelink/rtc/resident/info.log <==
17-02-2026 12:23:50;;0x100c;;Number of boards Lamp Control: {0};;6

==> /home/voicelink/rtc/resident/full.log <==
17-02-2026 12:23:50;;0x100c;;Number of boards Lamp Control: {0};;6

==> /home/voicelink/rtc/resident/info.log <==
17-02-2026 12:23:50;;0x100d;;Number of boards Remote Control Panel: {0};;0

==> /home/voicelink/rtc/resident/full.log <==
17-02-2026 12:23:50;;0x100d;;Number of boards Remote Control Panel: {0};;0

==> /home/voicelink/rtc/resident/info.log <==
17-02-2026 12:23:50;;0x100d;;Number of boards Input-Output: {0};;0

==> /home/voicelink/rtc/resident/full.log <==
17-02-2026 12:23:50;;0x100d;;Number of boards Input-Output: {0};;0
17-02-2026 12:23:50;;0x0000;;Version of boards Lamp Control: {0};;\n№1 1.0.132 2021-05-07 15:26:36.705, \n№2 1.0.132 2021-05-07 15:26:36.705, \n№3 1.0.132 2021-05-07 15:26:36.705, \n№4 1.0.132 2021-05-07 15:26:36.705, \n№5 1.0.132 2021-05-07 15:26:36.705, \n№6 1.0.132 2021-05-07 15:26:36.705
17-02-2026 12:23:50;;0x0000;;Version of boards Input-Output: {0};;
17-02-2026 12:23:50;;0x0000;;Version of boards Remote Control Panel: {0};;
17-02-2026 12:23:50;;0x0000;;Version of boards Security Processor: {0};;\n№1 3.0.103 2021-05-07 16:01:28.002

==> /home/voicelink/rtc/resident/info.log <==
17-02-2026 12:23:50;;0x102a;;Initializing the driver. Answer: {0}. Driver: {1}.;;True,,rs485

==> /home/voicelink/rtc/resident/full.log <==
17-02-2026 12:23:50;;0x102a;;Initializing the driver. Answer: {0}. Driver: {1}.;;True,,rs485

==> /home/voicelink/rtc/resident/info.log <==
17-02-2026 12:23:50;;0x1028;;Initialization. Date and time set: {0};;17.02.2026 12:23:51.002

==> /home/voicelink/rtc/resident/full.log <==
17-02-2026 12:23:50;;0x1028;;Initialization. Date and time set: {0};;17.02.2026 12:23:51.002

==> /home/voicelink/rtc/resident/info.log <==
17-02-2026 12:23:51;;0x1010;;The current threshold values are transmitted.;;

==> /home/voicelink/rtc/resident/full.log <==
17-02-2026 12:23:51;;0x1010;;The current threshold values are transmitted.;;

==> /home/voicelink/rtc/resident/info.log <==
17-02-2026 12:23:51;;0x1011;;Current control is not used.;;

==> /home/voicelink/rtc/resident/full.log <==
17-02-2026 12:23:51;;0x1011;;Current control is not used.;;

==> /home/voicelink/rtc/resident/info.log <==
17-02-2026 12:23:51;;0x102d;;The general threshold voltage setting is set.;;

==> /home/voicelink/rtc/resident/full.log <==
17-02-2026 12:23:51;;0x102d;;The general threshold voltage setting is set.;;

==> /home/voicelink/rtc/resident/info.log <==
17-02-2026 12:23:51;;0x1021;;Launching the GPIO Handler...;;

==> /home/voicelink/rtc/resident/full.log <==
17-02-2026 12:23:51;;0x1021;;Launching the GPIO Handler...;;

==> /home/voicelink/rtc/resident/info.log <==
17-02-2026 12:23:51;;0x102b;;Protocol initialization. Answer: {0}. Protocol: {1}.;;True,,bus_boards

==> /home/voicelink/rtc/resident/full.log <==
17-02-2026 12:23:51;;0x102b;;Protocol initialization. Answer: {0}. Protocol: {1}.;;True,,bus_boards

==> /home/voicelink/rtc/resident/info.log <==
17-02-2026 12:23:51;;0x1023;;Starting the system bus...;;

==> /home/voicelink/rtc/resident/full.log <==
17-02-2026 12:23:51;;0x1023;;Starting the system bus...;;

==> /home/voicelink/rtc/resident/info.log <==
17-02-2026 12:23:51;;0x1025;;The system bus is started.;;

==> /home/voicelink/rtc/resident/full.log <==
17-02-2026 12:23:51;;0x1025;;The system bus is started.;;

==> /home/voicelink/rtc/resident/info.log <==
17-02-2026 12:23:51;;0x1009;;End of program restart...;;

==> /home/voicelink/rtc/resident/full.log <==
17-02-2026 12:23:51;;0x1009;;End of program restart...;;

==> /home/voicelink/rtc/resident/info.log <==
17-02-2026 12:23:54;;0x1001;;Program №1 (fixed mode) is selected.;;

==> /home/voicelink/rtc/resident/full.log <==
17-02-2026 12:23:54;;0x1001;;Program №1 (fixed mode) is selected.;;

==> /home/voicelink/rtc/resident/info.log <==
17-02-2026 12:23:55;;0x1018;;Plan №{0} is started.;;1

==> /home/voicelink/rtc/resident/full.log <==
17-02-2026 12:23:55;;0x1018;;Plan №{0} is started.;;1

==> /home/voicelink/rtc/resident/info.log <==
17-02-2026 12:23:55;;0x1006;;Program №{0} is running.;;1

==> /home/voicelink/rtc/resident/full.log <==
17-02-2026 12:23:55;;0x1006;;Program №{0} is running.;;1
