2026-02-17T12:21:00+03:00 sysUpTime=36:2:54:57.91 mode=1 fr=0 gn="10 "
2026-02-17T12:21:01+03:00 sysUpTime=36:2:54:58.46 mode=1 fr=0 gn="10 "
2026-02-17T12:21:01+03:00 sysUpTime=36:2:54:58.93 mode=1 fr=0 gn="10 "
2026-02-17T12:21:02+03:00 sysUpTime=36:2:54:59.35 mode=1 fr=0 gn="10 "
2026-02-17T12:21:02+03:00 sysUpTime=36:2:54:59.94 mode=1 fr=0 gn="10 "
2026-02-17T12:21:03+03:00 sysUpTime=36:2:55:00.40 mode=1 fr=0 gn="10 "
2026-02-17T12:21:03+03:00 sysUpTime=36:2:55:00.84 mode=1 fr=0 gn="10 "
2026-02-17T12:21:04+03:00 sysUpTime=36:2:55:01.27 mode=1 fr=0 gn="10 "
2026-02-17T12:21:04+03:00 sysUpTime=36:2:55:01.70 mode=1 fr=0 gn="10 "
2026-02-17T12:21:05+03:00 sysUpTime=36:2:55:02.10 mode=1 fr=0 gn="10 "
2026-02-17T12:21:05+03:00 sysUpTime=36:2:55:02.65 mode=1 fr=0 gn="10 "
2026-02-17T12:21:06+03:00 sysUpTime=36:2:55:03.22 mode=1 fr=0 gn="10 "
2026-02-17T12:21:06+03:00 sysUpTime=36:2:55:03.61 mode=1 fr=0 gn="10 "
2026-02-17T12:21:06+03:00 sysUpTime=36:2:55:04.03 mode=1 fr=0 gn="10 "
2026-02-17T12:21:07+03:00 sysUpTime=36:2:55:04.51 mode=1 fr=0 gn="10 "
2026-02-17T12:21:07+03:00 sysUpTime=36:2:55:04.91 mode=1 fr=0 gn="10 "
2026-02-17T12:21:08+03:00 sysUpTime=36:2:55:05.41 mode=1 fr=0 gn="10 "
2026-02-17T12:21:08+03:00 sysUpTime=36:2:55:05.93 mode=1 fr=0 gn="10 "
2026-02-17T12:21:09+03:00 sysUpTime=36:2:55:06.32 mode=1 fr=0 gn="10 "
2026-02-17T12:21:09+03:00 sysUpTime=36:2:55:06.80 mode=1 fr=0 gn="10 "
2026-02-17T12:21:10+03:00 sysUpTime=36:2:55:07.33 mode=1 fr=0 gn=" "
2026-02-17T12:21:10+03:00 sysUpTime=36:2:55:07.78 mode=1 fr=0 gn=" "
2026-02-17T12:21:11+03:00 sysUpTime=36:2:55:08.23 mode=3 fr=0 gn=" "
2026-02-17T12:21:11+03:00 sysUpTime=36:2:55:08.64 mode=3 fr=0 gn=" "
2026-02-17T12:21:11+03:00 sysUpTime=36:2:55:09.04 mode=3 fr=0 gn=" "
2026-02-17T12:21:12+03:00 sysUpTime=36:2:55:09.50 mode=3 fr=0 gn=" "
2026-02-17T12:21:12+03:00 sysUpTime=36:2:55:10.02 mode=3 fr=0 gn=" "
2026-02-17T12:21:13+03:00 sysUpTime=36:2:55:10.40 mode=3 fr=0 gn=" "
2026-02-17T12:21:13+03:00 sysUpTime=36:2:55:10.85 mode=3 fr=0 gn=" "
2026-02-17T12:21:14+03:00 sysUpTime=36:2:55:11.28 mode=3 fr=0 gn=" "
2026-02-17T12:21:14+03:00 sysUpTime=36:2:55:11.66 mode=3 fr=0 gn=" "
2026-02-17T12:21:15+03:00 sysUpTime=36:2:55:12.12 mode=3 fr=0 gn=" "
2026-02-17T12:21:15+03:00 sysUpTime=36:2:55:12.52 mode=3 fr=0 gn=" "
2026-02-17T12:21:15+03:00 sysUpTime=36:2:55:12.99 mode=3 fr=0 gn=" "
2026-02-17T12:21:16+03:00 sysUpTime=36:2:55:13.43 mode=3 fr=0 gn=" "
2026-02-17T12:21:16+03:00 sysUpTime=36:2:55:13.81 mode=3 fr=0 gn=" "
2026-02-17T12:21:17+03:00 sysUpTime=36:2:55:14.32 mode=3 fr=0 gn=" "
2026-02-17T12:21:17+03:00 sysUpTime=36:2:55:14.76 mode=3 fr=0 gn=" "
2026-02-17T12:21:18+03:00 sysUpTime=36:2:55:15.14 mode=3 fr=0 gn=" "
2026-02-17T12:21:18+03:00 sysUpTime=36:2:55:15.68 mode=3 fr=0 gn=" "
2026-02-17T12:21:19+03:00 sysUpTime=36:2:55:16.13 mode=3 fr=0 gn=" "
2026-02-17T12:21:19+03:00 sysUpTime=36:2:55:16.52 mode=3 fr=0 gn=" "
2026-02-17T12:21:19+03:00 sysUpTime=36:2:55:17.09 mode=3 fr=0 gn=" "
2026-02-17T12:21:20+03:00 sysUpTime=36:2:55:17.56 mode=3 fr=0 gn=" "
2026-02-17T12:21:20+03:00 sysUpTime=36:2:55:17.95 mode=3 fr=0 gn=" "
2026-02-17T12:21:21+03:00 sysUpTime=36:2:55:18.43 mode=3 fr=0 gn=" "
2026-02-17T12:21:21+03:00 sysUpTime=36:2:55:18.92 mode=3 fr=0 gn=" "
2026-02-17T12:21:22+03:00 sysUpTime=36:2:55:19.33 mode=3 fr=0 gn=" "
2026-02-17T12:21:22+03:00 sysUpTime=36:2:55:19.74 mode=3 fr=0 gn=" "
2026-02-17T12:21:23+03:00 sysUpTime=36:2:55:20.17 mode=3 fr=0 gn=" "
2026-02-17T12:21:23+03:00 sysUpTime=36:2:55:20.56 mode=3 fr=0 gn=" "
2026-02-17T12:21:23+03:00 sysUpTime=36:2:55:21.03 mode=3 fr=0 gn=" "
2026-02-17T12:21:24+03:00 sysUpTime=36:2:55:21.52 mode=3 fr=0 gn=" "
2026-02-17T12:21:24+03:00 sysUpTime=36:2:55:21.92 mode=3 fr=0 gn=" "
2026-02-17T12:21:25+03:00 sysUpTime=36:2:55:22.40 mode=3 fr=0 gn=" "
2026-02-17T12:21:25+03:00 sysUpTime=36:2:55:23.02 mode=3 fr=0 gn=" "
2026-02-17T12:21:26+03:00 sysUpTime=36:2:55:23.44 mode=3 fr=0 gn=" "
2026-02-17T12:21:26+03:00 sysUpTime=36:2:55:23.88 mode=3 fr=0 gn=" "
2026-02-17T12:21:27+03:00 sysUpTime=36:2:55:24.35 mode=3 fr=0 gn=" "
2026-02-17T12:21:27+03:00 sysUpTime=36:2:55:24.74 mode=3 fr=0 gn=" "
2026-02-17T12:21:28+03:00 sysUpTime=36:2:55:25.20 mode=3 fr=0 gn=" "
2026-02-17T12:21:28+03:00 sysUpTime=36:2:55:25.64 mode=3 fr=0 gn=" "
2026-02-17T12:21:28+03:00 sysUpTime=36:2:55:26.02 mode=3 fr=0 gn="@"
2026-02-17T12:21:29+03:00 sysUpTime=36:2:55:26.42 mode=3 fr=0 gn="@"
2026-02-17T12:21:29+03:00 sysUpTime=36:2:55:26.80 mode=3 fr=0 gn="@"
2026-02-17T12:21:30+03:00 sysUpTime=36:2:55:27.35 mode=3 fr=0 gn="@"
2026-02-17T12:21:30+03:00 sysUpTime=36:2:55:27.74 mode=3 fr=0 gn="@"
2026-02-17T12:21:30+03:00 sysUpTime=36:2:55:28.07 mode=3 fr=0 gn="@"
2026-02-17T12:21:31+03:00 sysUpTime=36:2:55:28.56 mode=3 fr=0 gn="@"
2026-02-17T12:21:31+03:00 sysUpTime=36:2:55:28.97 mode=3 fr=0 gn="@"
2026-02-17T12:21:32+03:00 sysUpTime=36:2:55:29.44 mode=3 fr=0 gn="@"
2026-02-17T12:21:32+03:00 sysUpTime=36:2:55:29.85 mode=3 fr=0 gn="@"
2026-02-17T12:21:33+03:00 sysUpTime=36:2:55:30.25 mode=3 fr=0 gn="@"
2026-02-17T12:21:33+03:00 sysUpTime=36:2:55:30.79 mode=3 fr=0 gn="@"
2026-02-17T12:21:34+03:00 sysUpTime=36:2:55:31.34 mode=3 fr=0 gn="@"
2026-02-17T12:21:34+03:00 sysUpTime=36:2:55:31.79 mode=3 fr=0 gn="@"
2026-02-17T12:21:35+03:00 sysUpTime=36:2:55:32.19 mode=3 fr=0 gn="@"
2026-02-17T12:21:35+03:00 sysUpTime=36:2:55:32.61 mode=3 fr=0 gn="@"
2026-02-17T12:21:35+03:00 sysUpTime=36:2:55:33.10 mode=3 fr=0 gn="@"
2026-02-17T12:21:36+03:00 sysUpTime=36:2:55:33.55 mode=3 fr=0 gn="@"
2026-02-17T12:21:36+03:00 sysUpTime=36:2:55:34.00 mode=3 fr=0 gn="@"
2026-02-17T12:21:37+03:00 sysUpTime=36:2:55:34.37 mode=3 fr=0 gn="@"
2026-02-17T12:21:37+03:00 sysUpTime=36:2:55:34.86 mode=3 fr=0 gn="@"
2026-02-17T12:21:38+03:00 sysUpTime=36:2:55:35.31 mode=3 fr=0 gn="@"
2026-02-17T12:21:38+03:00 sysUpTime=36:2:55:35.71 mode=3 fr=0 gn="@"
2026-02-17T12:21:39+03:00 sysUpTime=36:2:55:36.17 mode=3 fr=0 gn="@"
2026-02-17T12:21:39+03:00 sysUpTime=36:2:55:36.72 mode=3 fr=0 gn="@"
2026-02-17T12:21:40+03:00 sysUpTime=36:2:55:37.11 mode=3 fr=0 gn="@"
2026-02-17T12:21:40+03:00 sysUpTime=36:2:55:37.54 mode=3 fr=0 gn="@"
2026-02-17T12:21:40+03:00 sysUpTime=36:2:55:37.99 mode=3 fr=0 gn="@"
2026-02-17T12:21:41+03:00 sysUpTime=36:2:55:38.34 mode=3 fr=0 gn="@"
2026-02-17T12:21:41+03:00 sysUpTime=36:2:55:38.84 mode=3 fr=0 gn="@"
2026-02-17T12:21:42+03:00 sysUpTime=36:2:55:39.37 mode=3 fr=0 gn="@"
2026-02-17T12:21:42+03:00 sysUpTime=36:2:55:39.76 mode=3 fr=0 gn="@"
2026-02-17T12:21:43+03:00 sysUpTime=36:2:55:40.28 mode=3 fr=0 gn="@"
2026-02-17T12:21:43+03:00 sysUpTime=36:2:55:40.72 mode=3 fr=0 gn="@"
2026-02-17T12:21:44+03:00 sysUpTime=36:2:55:41.12 mode=3 fr=0 gn="@"
2026-02-17T12:21:44+03:00 sysUpTime=36:2:55:41.61 mode=3 fr=0 gn="@"
2026-02-17T12:21:45+03:00 sysUpTime=36:2:55:42.15 mode=3 fr=0 gn="@"
2026-02-17T12:21:45+03:00 sysUpTime=36:2:55:42.57 mode=3 fr=0 gn="@"
2026-02-17T12:21:45+03:00 sysUpTime=36:2:55:43.06 mode=3 fr=0 gn="@"
2026-02-17T12:21:46+03:00 sysUpTime=36:2:55:43.47 mode=3 fr=0 gn="@"
2026-02-17T12:21:46+03:00 sysUpTime=36:2:55:43.87 mode=3 fr=0 gn="80 "
2026-02-17T12:21:47+03:00 sysUpTime=36:2:55:44.32 mode=3 fr=0 gn="80 "
2026-02-17T12:21:47+03:00 sysUpTime=36:2:55:44.69 mode=3 fr=0 gn="80 "
2026-02-17T12:21:48+03:00 sysUpTime=36:2:55:45.21 mode=3 fr=0 gn="80 "
2026-02-17T12:21:48+03:00 sysUpTime=36:2:55:45.67 mode=3 fr=0 gn="80 "
2026-02-17T12:21:48+03:00 sysUpTime=36:2:55:46.06 mode=3 fr=0 gn="80 "
2026-02-17T12:21:49+03:00 sysUpTime=36:2:55:46.61 mode=3 fr=0 gn="80 "
2026-02-17T12:21:49+03:00 sysUpTime=36:2:55:47.04 mode=3 fr=0 gn="80 "
2026-02-17T12:21:50+03:00 sysUpTime=36:2:55:47.41 mode=3 fr=0 gn="80 "
2026-02-17T12:21:50+03:00 sysUpTime=36:2:55:47.83 mode=3 fr=0 gn="80 "
2026-02-17T12:21:51+03:00 sysUpTime=36:2:55:48.23 mode=3 fr=0 gn="80 "
2026-02-17T12:21:51+03:00 sysUpTime=36:2:55:48.66 mode=3 fr=0 gn="80 "
2026-02-17T12:21:52+03:00 sysUpTime=36:2:55:49.09 mode=3 fr=0 gn="80 "
2026-02-17T12:21:52+03:00 sysUpTime=36:2:55:49.52 mode=3 fr=0 gn="80 "
2026-02-17T12:21:52+03:00 sysUpTime=36:2:55:50.00 mode=3 fr=0 gn="80 "
2026-02-17T12:21:53+03:00 sysUpTime=36:2:55:50.45 mode=3 fr=0 gn="80 "
2026-02-17T12:21:53+03:00 sysUpTime=36:2:55:50.83 mode=3 fr=0 gn="80 "
2026-02-17T12:21:54+03:00 sysUpTime=36:2:55:51.38 mode=3 fr=0 gn="80 "
2026-02-17T12:21:54+03:00 sysUpTime=36:2:55:51.80 mode=3 fr=0 gn="80 "
2026-02-17T12:21:55+03:00 sysUpTime=36:2:55:52.12 mode=3 fr=0 gn="80 "
2026-02-17T12:21:55+03:00 sysUpTime=36:2:55:52.51 mode=3 fr=0 gn="80 "
2026-02-17T12:21:55+03:00 sysUpTime=36:2:55:52.90 mode=3 fr=0 gn="80 "
2026-02-17T12:21:56+03:00 sysUpTime=36:2:55:53.49 mode=3 fr=0 gn="80 "
2026-02-17T12:21:56+03:00 sysUpTime=36:2:55:53.91 mode=3 fr=0 gn="80 "
2026-02-17T12:21:57+03:00 sysUpTime=36:2:55:54.30 mode=3 fr=0 gn="80 "
2026-02-17T12:21:57+03:00 sysUpTime=36:2:55:54.74 mode=3 fr=0 gn="80 "
2026-02-17T12:21:58+03:00 sysUpTime=36:2:55:55.11 mode=3 fr=0 gn="80 "
2026-02-17T12:21:58+03:00 sysUpTime=36:2:55:55.54 mode=3 fr=0 gn="80 "
2026-02-17T12:21:58+03:00 sysUpTime=36:2:55:56.03 mode=3 fr=0 gn="80 "
2026-02-17T12:21:59+03:00 sysUpTime=36:2:55:56.41 mode=3 fr=0 gn="80 "
2026-02-17T12:21:59+03:00 sysUpTime=36:2:55:56.92 mode=3 fr=0 gn="80 "
2026-02-17T12:22:00+03:00 sysUpTime=36:2:55:57.38 mode=3 fr=0 gn="80 "
2026-02-17T12:22:00+03:00 sysUpTime=36:2:55:57.78 mode=3 fr=0 gn="80 "
2026-02-17T12:22:01+03:00 sysUpTime=36:2:55:58.22 mode=3 fr=0 gn="80 "
2026-02-17T12:22:01+03:00 sysUpTime=36:2:55:58.65 mode=3 fr=0 gn="80 "
2026-02-17T12:22:01+03:00 sysUpTime=36:2:55:59.00 mode=3 fr=0 gn="80 "
2026-02-17T12:22:02+03:00 sysUpTime=36:2:55:59.52 mode=3 fr=0 gn="80 "
2026-02-17T12:22:02+03:00 sysUpTime=36:2:55:59.94 mode=3 fr=0 gn="80 "
2026-02-17T12:22:03+03:00 sysUpTime=36:2:56:00.40 mode=3 fr=0 gn="80 "
2026-02-17T12:22:03+03:00 sysUpTime=36:2:56:00.82 mode=3 fr=0 gn="80 "
2026-02-17T12:22:04+03:00 sysUpTime=36:2:56:01.22 mode=3 fr=0 gn="80 "
2026-02-17T12:22:04+03:00 sysUpTime=36:2:56:01.78 mode=3 fr=0 gn="01 00 "
2026-02-17T12:22:05+03:00 sysUpTime=36:2:56:02.18 mode=3 fr=0 gn="01 00 "
2026-02-17T12:22:05+03:00 sysUpTime=36:2:56:02.54 mode=3 fr=0 gn="01 00 "
2026-02-17T12:22:05+03:00 sysUpTime=36:2:56:03.08 mode=3 fr=0 gn="01 00 "
2026-02-17T12:22:06+03:00 sysUpTime=36:2:56:03.54 mode=3 fr=0 gn="01 00 "
2026-02-17T12:22:06+03:00 sysUpTime=36:2:56:03.98 mode=3 fr=0 gn="01 00 "
2026-02-17T12:22:07+03:00 sysUpTime=36:2:56:04.44 mode=3 fr=0 gn="01 00 "
2026-02-17T12:22:07+03:00 sysUpTime=36:2:56:04.88 mode=3 fr=0 gn="01 00 "
2026-02-17T12:22:08+03:00 sysUpTime=36:2:56:05.36 mode=3 fr=0 gn="01 00 "
2026-02-17T12:22:08+03:00 sysUpTime=36:2:56:05.77 mode=3 fr=0 gn="01 00 "
2026-02-17T12:22:09+03:00 sysUpTime=36:2:56:06.15 mode=3 fr=0 gn="01 00 "
2026-02-17T12:22:09+03:00 sysUpTime=36:2:56:06.59 mode=3 fr=0 gn="01 00 "
2026-02-17T12:22:09+03:00 sysUpTime=36:2:56:06.98 mode=3 fr=0 gn="01 00 "
2026-02-17T12:22:10+03:00 sysUpTime=36:2:56:07.44 mode=3 fr=0 gn="01 00 "
2026-02-17T12:22:10+03:00 sysUpTime=36:2:56:07.95 mode=3 fr=0 gn="01 00 "
2026-02-17T12:22:11+03:00 sysUpTime=36:2:56:08.43 mode=1 fr=0 gn="01 00 "
2026-02-17T12:22:11+03:00 sysUpTime=36:2:56:08.84 mode=1 fr=0 gn="01 00 "
2026-02-17T12:22:12+03:00 sysUpTime=36:2:56:09.28 mode=1 fr=0 gn="01 00 "
2026-02-17T12:22:12+03:00 sysUpTime=36:2:56:09.66 mode=1 fr=0 gn="01 00 "
2026-02-17T12:22:13+03:00 sysUpTime=36:2:56:10.10 mode=1 fr=0 gn="01 00 "
2026-02-17T12:22:13+03:00 sysUpTime=36:2:56:10.57 mode=1 fr=0 gn="01 00 "
2026-02-17T12:22:13+03:00 sysUpTime=36:2:56:10.95 mode=1 fr=0 gn="01 00 "
2026-02-17T12:22:14+03:00 sysUpTime=36:2:56:11.54 mode=1 fr=0 gn="01 00 "
2026-02-17T12:22:14+03:00 sysUpTime=36:2:56:11.95 mode=1 fr=0 gn="01 00 "
2026-02-17T12:22:15+03:00 sysUpTime=36:2:56:12.35 mode=1 fr=0 gn="01 00 "
2026-02-17T12:22:15+03:00 sysUpTime=36:2:56:12.80 mode=1 fr=0 gn="01 00 "
2026-02-17T12:22:16+03:00 sysUpTime=36:2:56:13.35 mode=1 fr=0 gn="01 00 "
2026-02-17T12:22:16+03:00 sysUpTime=36:2:56:13.72 mode=1 fr=0 gn="01 00 "
2026-02-17T12:22:17+03:00 sysUpTime=36:2:56:14.25 mode=1 fr=0 gn="01 00 "
2026-02-17T12:22:17+03:00 sysUpTime=36:2:56:14.67 mode=1 fr=0 gn="01 00 "
2026-02-17T12:22:17+03:00 sysUpTime=36:2:56:15.09 mode=1 fr=0 gn="01 00 "
2026-02-17T12:22:18+03:00 sysUpTime=36:2:56:15.58 mode=1 fr=0 gn="01 00 "
2026-02-17T12:22:18+03:00 sysUpTime=36:2:56:16.07 mode=1 fr=0 gn="01 00 "
2026-02-17T12:22:19+03:00 sysUpTime=36:2:56:16.50 mode=1 fr=0 gn="01 00 "
2026-02-17T12:22:19+03:00 sysUpTime=36:2:56:16.90 mode=1 fr=0 gn="01 00 "
2026-02-17T12:22:20+03:00 sysUpTime=36:2:56:17.34 mode=1 fr=0 gn="01 00 "
2026-02-17T12:22:20+03:00 sysUpTime=36:2:56:17.71 mode=1 fr=0 gn="01 00 "
2026-02-17T12:22:21+03:00 sysUpTime=36:2:56:18.26 mode=1 fr=0 gn="01 00 "
2026-02-17T12:22:21+03:00 sysUpTime=36:2:56:18.77 mode=1 fr=0 gn="01 00 "
2026-02-17T12:22:22+03:00 sysUpTime=36:2:56:19.15 mode=1 fr=0 gn="01 00 "
2026-02-17T12:22:22+03:00 sysUpTime=36:2:56:19.58 mode=1 fr=0 gn="01 00 "
2026-02-17T12:22:22+03:00 sysUpTime=36:2:56:20.02 mode=1 fr=0 gn="02 00 "
2026-02-17T12:22:23+03:00 sysUpTime=36:2:56:20.41 mode=1 fr=0 gn="02 00 "
2026-02-17T12:22:23+03:00 sysUpTime=36:2:56:20.89 mode=1 fr=0 gn="02 00 "
2026-02-17T12:22:24+03:00 sysUpTime=36:2:56:21.32 mode=1 fr=0 gn="02 00 "
2026-02-17T12:22:24+03:00 sysUpTime=36:2:56:21.69 mode=1 fr=0 gn="02 00 "
2026-02-17T12:22:25+03:00 sysUpTime=36:2:56:22.21 mode=1 fr=0 gn="02 00 "
2026-02-17T12:22:25+03:00 sysUpTime=36:2:56:22.62 mode=1 fr=0 gn="02 00 "
2026-02-17T12:22:25+03:00 sysUpTime=36:2:56:22.99 mode=1 fr=0 gn="02 00 "
2026-02-17T12:22:26+03:00 sysUpTime=36:2:56:23.46 mode=1 fr=0 gn="02 00 "
2026-02-17T12:22:26+03:00 sysUpTime=36:2:56:23.84 mode=1 fr=0 gn="02 00 "
2026-02-17T12:22:27+03:00 sysUpTime=36:2:56:24.35 mode=1 fr=0 gn="02 00 "
2026-02-17T12:22:27+03:00 sysUpTime=36:2:56:24.77 mode=1 fr=0 gn="02 00 "
2026-02-17T12:22:28+03:00 sysUpTime=36:2:56:25.17 mode=1 fr=0 gn="02 00 "
2026-02-17T12:22:28+03:00 sysUpTime=36:2:56:25.72 mode=1 fr=0 gn="02 00 "
2026-02-17T12:22:29+03:00 sysUpTime=36:2:56:26.16 mode=1 fr=0 gn="02 00 "
2026-02-17T12:22:29+03:00 sysUpTime=36:2:56:26.50 mode=1 fr=0 gn="02 00 "
2026-02-17T12:22:29+03:00 sysUpTime=36:2:56:26.99 mode=1 fr=0 gn="02 00 "
2026-02-17T12:22:30+03:00 sysUpTime=36:2:56:27.49 mode=1 fr=0 gn="02 00 "
2026-02-17T12:22:30+03:00 sysUpTime=36:2:56:27.88 mode=1 fr=0 gn="02 00 "
2026-02-17T12:22:31+03:00 sysUpTime=36:2:56:28.35 mode=1 fr=0 gn="02 00 "
2026-02-17T12:22:31+03:00 sysUpTime=36:2:56:28.82 mode=1 fr=0 gn="02 00 "
2026-02-17T12:22:32+03:00 sysUpTime=36:2:56:29.21 mode=1 fr=0 gn="02 00 "
2026-02-17T12:22:32+03:00 sysUpTime=36:2:56:29.68 mode=3 fr=0 gn="02 00 "
2026-02-17T12:22:32+03:00 sysUpTime=36:2:56:30.09 mode=3 fr=0 gn="02 00 "
2026-02-17T12:22:33+03:00 sysUpTime=36:2:56:30.46 mode=3 fr=0 gn="02 00 "
2026-02-17T12:22:33+03:00 sysUpTime=36:2:56:30.90 mode=3 fr=0 gn="02 00 "
2026-02-17T12:22:34+03:00 sysUpTime=36:2:56:31.31 mode=3 fr=0 gn="02 00 "
2026-02-17T12:22:34+03:00 sysUpTime=36:2:56:31.77 mode=3 fr=0 gn="02 00 "
2026-02-17T12:22:35+03:00 sysUpTime=36:2:56:32.24 mode=3 fr=0 gn="02 00 "
2026-02-17T12:22:35+03:00 sysUpTime=36:2:56:32.62 mode=3 fr=0 gn="02 00 "
2026-02-17T12:22:35+03:00 sysUpTime=36:2:56:33.06 mode=3 fr=0 gn="02 00 "
2026-02-17T12:22:36+03:00 sysUpTime=36:2:56:33.43 mode=3 fr=0 gn="02 00 "
2026-02-17T12:22:36+03:00 sysUpTime=36:2:56:33.87 mode=3 fr=0 gn="02 00 "
2026-02-17T12:22:37+03:00 sysUpTime=36:2:56:34.35 mode=3 fr=0 gn="02 00 "
2026-02-17T12:22:37+03:00 sysUpTime=36:2:56:34.73 mode=3 fr=0 gn="02 00 "
2026-02-17T12:22:38+03:00 sysUpTime=36:2:56:35.26 mode=3 fr=0 gn="02 00 "
2026-02-17T12:22:38+03:00 sysUpTime=36:2:56:35.83 mode=3 fr=0 gn="02 00 "
2026-02-17T12:22:39+03:00 sysUpTime=36:2:56:36.27 mode=3 fr=0 gn="02 00 "
2026-02-17T12:22:39+03:00 sysUpTime=36:2:56:36.68 mode=3 fr=1 gn="00 "
2026-02-17T12:22:40+03:00 sysUpTime=36:2:56:37.16 mode=3 fr=1 gn="00 "
2026-02-17T12:22:40+03:00 sysUpTime=36:2:56:37.61 mode=3 fr=1 gn="00 "
2026-02-17T12:22:40+03:00 sysUpTime=36:2:56:38.00 mode=3 fr=1 gn="00 "
2026-02-17T12:22:41+03:00 sysUpTime=36:2:56:38.51 mode=3 fr=1 gn="00 "
2026-02-17T12:22:41+03:00 sysUpTime=36:2:56:38.96 mode=3 fr=1 gn="00 "
2026-02-17T12:22:42+03:00 sysUpTime=36:2:56:39.36 mode=3 fr=1 gn="00 "
2026-02-17T12:22:42+03:00 sysUpTime=36:2:56:39.85 mode=3 fr=1 gn="00 "
2026-02-17T12:22:43+03:00 sysUpTime=36:2:56:40.38 mode=3 fr=1 gn="00 "
2026-02-17T12:22:43+03:00 sysUpTime=36:2:56:40.79 mode=3 fr=1 gn="00 "
2026-02-17T12:22:44+03:00 sysUpTime=36:2:56:41.21 mode=3 fr=1 gn="00 "
2026-02-17T12:22:44+03:00 sysUpTime=36:2:56:41.61 mode=3 fr=1 gn="00 "
2026-02-17T12:22:45+03:00 sysUpTime=36:2:56:42.16 mode=3 fr=1 gn="00 "
2026-02-17T12:22:45+03:00 sysUpTime=36:2:56:42.70 mode=3 fr=1 gn="00 "
2026-02-17T12:22:46+03:00 sysUpTime=36:2:56:43.12 mode=3 fr=1 gn="00 "
2026-02-17T12:22:46+03:00 sysUpTime=36:2:56:43.61 mode=3 fr=1 gn="00 "
2026-02-17T12:22:46+03:00 sysUpTime=36:2:56:44.08 mode=3 fr=1 gn="00 "
2026-02-17T12:22:47+03:00 sysUpTime=36:2:56:44.53 mode=3 fr=1 gn="00 "
2026-02-17T12:22:47+03:00 sysUpTime=36:2:56:44.99 mode=3 fr=1 gn="00 "
2026-02-17T12:22:48+03:00 sysUpTime=36:2:56:45.56 mode=3 fr=1 gn="00 "
2026-02-17T12:22:48+03:00 sysUpTime=36:2:56:46.03 mode=3 fr=1 gn="00 "
2026-02-17T12:22:49+03:00 sysUpTime=36:2:56:46.46 mode=3 fr=1 gn="00 "
2026-02-17T12:22:49+03:00 sysUpTime=36:2:56:46.89 mode=3 fr=1 gn="00 "
2026-02-17T12:22:50+03:00 sysUpTime=36:2:56:47.41 mode=3 fr=1 gn="00 "
2026-02-17T12:22:50+03:00 sysUpTime=36:2:56:47.92 mode=3 fr=1 gn="00 "
2026-02-17T12:22:51+03:00 sysUpTime=36:2:56:48.34 mode=3 fr=1 gn="00 "
2026-02-17T12:22:51+03:00 sysUpTime=36:2:56:48.76 mode=3 fr=1 gn="00 "
2026-02-17T12:22:52+03:00 sysUpTime=36:2:56:49.21 mode=3 fr=1 gn="00 "
2026-02-17T12:22:52+03:00 sysUpTime=36:2:56:49.59 mode=3 fr=1 gn="00 "
2026-02-17T12:22:52+03:00 sysUpTime=36:2:56:50.05 mode=3 fr=1 gn="00 "
2026-02-17T12:22:53+03:00 sysUpTime=36:2:56:50.52 mode=3 fr=1 gn="00 "
2026-02-17T12:22:53+03:00 sysUpTime=36:2:56:50.94 mode=3 fr=1 gn="00 "
2026-02-17T12:22:54+03:00 sysUpTime=36:2:56:51.33 mode=3 fr=1 gn="00 "
2026-02-17T12:22:54+03:00 sysUpTime=36:2:56:51.93 mode=3 fr=1 gn="00 "
2026-02-17T12:22:55+03:00 sysUpTime=36:2:56:52.37 mode=3 fr=1 gn="00 "
2026-02-17T12:22:55+03:00 sysUpTime=36:2:56:52.80 mode=3 fr=1 gn="00 "
2026-02-17T12:22:56+03:00 sysUpTime=36:2:56:53.38 mode=3 fr=1 gn="00 "
2026-02-17T12:22:56+03:00 sysUpTime=36:2:56:53.89 mode=3 fr=1 gn="00 "
2026-02-17T12:22:57+03:00 sysUpTime=36:2:56:54.32 mode=3 fr=1 gn="00 "
2026-02-17T12:22:57+03:00 sysUpTime=36:2:56:54.71 mode=3 fr=1 gn="00 "
2026-02-17T12:22:58+03:00 sysUpTime=36:2:56:55.28 mode=3 fr=1 gn="00 "
2026-02-17T12:22:58+03:00 sysUpTime=36:2:56:55.89 mode=3 fr=1 gn="00 "
2026-02-17T12:22:59+03:00 sysUpTime=36:2:56:56.36 mode=3 fr=1 gn="00 "
2026-02-17T12:22:59+03:00 sysUpTime=36:2:56:56.81 mode=3 fr=1 gn="00 "
2026-02-17T12:23:00+03:00 sysUpTime=36:2:56:57.25 mode=3 fr=1 gn="00 "
2026-02-17T12:23:00+03:00 sysUpTime=36:2:56:57.73 mode=3 fr=1 gn="00 "
2026-02-17T12:23:01+03:00 sysUpTime=36:2:56:58.17 mode=3 fr=1 gn="00 "
2026-02-17T12:23:01+03:00 sysUpTime=36:2:56:58.56 mode=3 fr=1 gn="00 "
2026-02-17T12:23:01+03:00 sysUpTime=36:2:56:59.06 mode=3 fr=1 gn="00 "
2026-02-17T12:23:02+03:00 sysUpTime=36:2:56:59.50 mode=3 fr=1 gn="00 "
2026-02-17T12:23:02+03:00 sysUpTime=36:2:56:59.91 mode=3 fr=0 gn="00 "
2026-02-17T12:23:03+03:00 sysUpTime=36:2:57:00.38 mode=3 fr=0 gn="00 "
2026-02-17T12:23:03+03:00 sysUpTime=36:2:57:00.83 mode=3 fr=0 gn="00 "
2026-02-17T12:23:04+03:00 sysUpTime=36:2:57:01.38 mode=3 fr=0 gn="00 "
2026-02-17T12:23:04+03:00 sysUpTime=36:2:57:01.80 mode=3 fr=0 gn="00 "
2026-02-17T12:23:05+03:00 sysUpTime=36:2:57:02.28 mode=3 fr=0 gn="00 "
2026-02-17T12:23:05+03:00 sysUpTime=36:2:57:02.69 mode=3 fr=0 gn="00 "
2026-02-17T12:23:06+03:00 sysUpTime=36:2:57:03.13 mode=3 fr=0 gn="00 "
2026-02-17T12:23:06+03:00 sysUpTime=36:2:57:03.57 mode=3 fr=0 gn="00 "
2026-02-17T12:23:06+03:00 sysUpTime=36:2:57:03.99 mode=3 fr=0 gn="00 "
2026-02-17T12:23:07+03:00 sysUpTime=36:2:57:04.36 mode=3 fr=0 gn="00 "
2026-02-17T12:23:07+03:00 sysUpTime=36:2:57:04.96 mode=3 fr=0 gn="00 "
2026-02-17T12:23:08+03:00 sysUpTime=36:2:57:05.39 mode=3 fr=0 gn="00 "
2026-02-17T12:23:08+03:00 sysUpTime=36:2:57:05.79 mode=3 fr=0 gn="00 "
2026-02-17T12:23:09+03:00 sysUpTime=36:2:57:06.28 mode=3 fr=0 gn="00 "
2026-02-17T12:23:09+03:00 sysUpTime=36:2:57:06.78 mode=3 fr=0 gn="00 "
2026-02-17T12:23:10+03:00 sysUpTime=36:2:57:07.21 mode=3 fr=0 gn="00 "
2026-02-17T12:23:10+03:00 sysUpTime=36:2:57:07.65 mode=3 fr=0 gn="00 "
2026-02-17T12:23:11+03:00 sysUpTime=36:2:57:08.16 mode=3 fr=0 gn="00 "
2026-02-17T12:23:11+03:00 sysUpTime=36:2:57:08.75 mode=3 fr=0 gn="00 "
2026-02-17T12:23:12+03:00 sysUpTime=36:2:57:09.33 mode=3 fr=0 gn="00 "
2026-02-17T12:23:12+03:00 sysUpTime=36:2:57:09.80 mode=3 fr=0 gn="00 "
2026-02-17T12:23:13+03:00 sysUpTime=36:2:57:10.22 mode=3 fr=0 gn="00 "
2026-02-17T12:23:13+03:00 sysUpTime=36:2:57:10.68 mode=3 fr=0 gn="00 "
2026-02-17T12:23:13+03:00 sysUpTime=36:2:57:11.07 mode=3 fr=0 gn="00 "
2026-02-17T12:23:14+03:00 sysUpTime=36:2:57:11.47 mode=3 fr=0 gn="00 "
2026-02-17T12:23:14+03:00 sysUpTime=36:2:57:12.01 mode=3 fr=0 gn="00 "
2026-02-17T12:23:15+03:00 sysUpTime=36:2:57:12.46 mode=3 fr=0 gn="00 "
2026-02-17T12:23:15+03:00 sysUpTime=36:2:57:12.88 mode=3 fr=0 gn="00 "
2026-02-17T12:23:16+03:00 sysUpTime=36:2:57:13.35 mode=3 fr=0 gn="00 "
2026-02-17T12:23:16+03:00 sysUpTime=36:2:57:13.87 mode=3 fr=0 gn="00 "
2026-02-17T12:23:17+03:00 sysUpTime=36:2:57:14.28 mode=3 fr=0 gn="00 "
2026-02-17T12:23:17+03:00 sysUpTime=36:2:57:14.66 mode=3 fr=0 gn="00 "
2026-02-17T12:23:18+03:00 sysUpTime=36:2:57:15.20 mode=3 fr=0 gn="00 "
2026-02-17T12:23:18+03:00 sysUpTime=36:2:57:15.91 mode=3 fr=0 gn="00 "
2026-02-17T12:23:19+03:00 sysUpTime=36:2:57:16.40 mode=3 fr=1 gn="00 "
2026-02-17T12:23:19+03:00 sysUpTime=36:2:57:16.79 mode=3 fr=1 gn="00 "
2026-02-17T12:23:20+03:00 sysUpTime=36:2:57:17.27 mode=3 fr=1 gn="00 "
2026-02-17T12:23:20+03:00 sysUpTime=36:2:57:17.85 mode=3 fr=1 gn="00 "
2026-02-17T12:23:21+03:00 sysUpTime=36:2:57:18.38 mode=3 fr=1 gn="00 "
2026-02-17T12:23:21+03:00 sysUpTime=36:2:57:18.81 mode=3 fr=1 gn="00 "
2026-02-17T12:23:22+03:00 sysUpTime=36:2:57:19.19 mode=3 fr=1 gn="00 "
2026-02-17T12:23:22+03:00 sysUpTime=36:2:57:19.75 mode=3 fr=1 gn="00 "
2026-02-17T12:23:23+03:00 sysUpTime=36:2:57:20.16 mode=3 fr=1 gn="00 "
2026-02-17T12:23:23+03:00 sysUpTime=36:2:57:20.60 mode=3 fr=1 gn="00 "
2026-02-17T12:23:23+03:00 sysUpTime=36:2:57:21.09 mode=3 fr=1 gn="00 "
2026-02-17T12:23:24+03:00 sysUpTime=36:2:57:21.57 mode=3 fr=1 gn="00 "
2026-02-17T12:23:24+03:00 sysUpTime=36:2:57:22.03 mode=3 fr=1 gn="00 "
2026-02-17T12:23:25+03:00 sysUpTime=36:2:57:22.42 mode=3 fr=1 gn="00 "
2026-02-17T12:23:25+03:00 sysUpTime=36:2:57:22.90 mode=3 fr=1 gn="00 "
2026-02-17T12:23:26+03:00 sysUpTime=36:2:57:23.30 mode=3 fr=1 gn="00 "
2026-02-17T12:23:26+03:00 sysUpTime=36:2:57:23.70 mode=3 fr=1 gn="00 "
2026-02-17T12:23:26+03:00 sysUpTime=36:2:57:24.09 mode=3 fr=1 gn="00 "
2026-02-17T12:23:27+03:00 sysUpTime=36:2:57:24.47 mode=3 fr=1 gn="00 "
2026-02-17T12:23:27+03:00 sysUpTime=36:2:57:24.97 mode=3 fr=1 gn="00 "
2026-02-17T12:23:28+03:00 sysUpTime=36:2:57:25.40 mode=3 fr=1 gn="00 "
2026-02-17T12:23:28+03:00 sysUpTime=36:2:57:25.79 mode=3 fr=1 gn="00 "
2026-02-17T12:23:29+03:00 sysUpTime=36:2:57:26.22 mode=3 fr=1 gn="00 "
2026-02-17T12:23:29+03:00 sysUpTime=36:2:57:26.66 mode=3 fr=1 gn="00 "
2026-02-17T12:23:29+03:00 sysUpTime=36:2:57:27.05 mode=3 fr=1 gn="00 "
2026-02-17T12:23:30+03:00 sysUpTime=36:2:57:27.59 mode=3 fr=1 gn="00 "
2026-02-17T12:23:30+03:00 sysUpTime=36:2:57:28.05 mode=3 fr=1 gn="00 "
2026-02-17T12:23:31+03:00 sysUpTime=36:2:57:28.40 mode=3 fr=1 gn="00 "
2026-02-17T12:23:31+03:00 sysUpTime=36:2:57:28.79 mode=3 fr=1 gn="00 "
2026-02-17T12:23:32+03:00 sysUpTime=36:2:57:29.49 mode=3 fr=1 gn="00 "
2026-02-17T12:23:32+03:00 sysUpTime=36:2:57:29.97 mode=3 fr=1 gn="00 "
2026-02-17T12:23:33+03:00 sysUpTime=36:2:57:30.38 mode=3 fr=1 gn="00 "
2026-02-17T12:23:33+03:00 sysUpTime=36:2:57:30.80 mode=3 fr=1 gn="00 "
2026-02-17T12:23:34+03:00 sysUpTime=36:2:57:31.37 mode=3 fr=1 gn="00 "
2026-02-17T12:23:34+03:00 sysUpTime=36:2:57:31.77 mode=3 fr=1 gn="00 "
2026-02-17T12:23:35+03:00 sysUpTime=36:2:57:32.21 mode=3 fr=1 gn="00 "
2026-02-17T12:23:35+03:00 sysUpTime=36:2:57:32.67 mode=3 fr=1 gn="00 "
2026-02-17T12:23:36+03:00 sysUpTime=36:2:57:33.10 mode=3 fr=1 gn="00 "
2026-02-17T12:23:36+03:00 sysUpTime=36:2:57:33.57 mode=3 fr=1 gn="00 "
2026-02-17T12:23:36+03:00 sysUpTime=36:2:57:33.96 mode=3 fr=1 gn="00 "
2026-02-17T12:23:37+03:00 sysUpTime=36:2:57:34.53 mode=3 fr=1 gn="00 "
2026-02-17T12:23:37+03:00 sysUpTime=36:2:57:35.02 mode=3 fr=1 gn="00 "
2026-02-17T12:23:38+03:00 sysUpTime=36:2:57:35.47 mode=3 fr=1 gn="00 "
2026-02-17T12:23:38+03:00 sysUpTime=36:2:57:35.85 mode=3 fr=1 gn="00 "
2026-02-17T12:23:39+03:00 sysUpTime=36:2:57:36.43 mode=3 fr=1 gn="00 "
2026-02-17T12:23:39+03:00 sysUpTime=36:2:57:36.88 mode=3 fr=1 gn="00 "
2026-02-17T12:23:40+03:00 sysUpTime=36:2:57:37.29 mode=3 fr=1 gn="00 "
2026-02-17T12:23:40+03:00 sysUpTime=36:2:57:37.75 mode=3 fr=1 gn="00 "
2026-02-17T12:23:41+03:00 sysUpTime=36:2:57:38.20 mode=3 fr=1 gn="00 "
2026-02-17T12:23:41+03:00 sysUpTime=36:2:57:38.65 mode=3 fr=1 gn="00 "
2026-02-17T12:23:42+03:00 sysUpTime=36:2:57:39.10 mode=3 fr=1 gn="00 "
2026-02-17T12:23:42+03:00 sysUpTime=36:2:57:39.60 mode=3 fr=1 gn="00 "
2026-02-17T12:23:42+03:00 sysUpTime=36:2:57:40.01 mode=3 fr=1 gn="00 "
2026-02-17T12:23:43+03:00 sysUpTime=36:2:57:40.41 mode=3 fr=1 gn="00 "
2026-02-17T12:23:43+03:00 sysUpTime=36:2:57:40.87 mode=3 fr=1 gn="00 "
2026-02-17T12:23:44+03:00 sysUpTime=36:2:57:41.29 mode=3 fr=1 gn="00 "
2026-02-17T12:23:44+03:00 sysUpTime=36:2:57:41.78 mode=3 fr=1 gn="00 "
2026-02-17T12:23:45+03:00 sysUpTime=36:2:57:42.18 mode=3 fr=1 gn="00 "
2026-02-17T12:23:45+03:00 sysUpTime=36:2:57:42.79 mode=3 fr=1 gn="00 "
2026-02-17T12:23:46+03:00 sysUpTime=36:2:57:43.28 mode=3 fr=1 gn="00 "
2026-02-17T12:23:46+03:00 sysUpTime=36:2:57:43.67 mode=3 fr=0 gn="00 "
2026-02-17T12:23:47+03:00 sysUpTime=36:2:57:44.14 mode=3 fr=0 gn="00 "
2026-02-17T12:23:47+03:00 sysUpTime=36:2:57:44.55 mode=3 fr=0 gn="00 "
2026-02-17T12:23:47+03:00 sysUpTime=36:2:57:44.92 mode=3 fr=0 gn="00 "
2026-02-17T12:23:48+03:00 sysUpTime=36:2:57:45.44 mode=3 fr=0 gn="00 "
2026-02-17T12:23:48+03:00 sysUpTime=36:2:57:45.88 mode=3 fr=0 gn="00 "
2026-02-17T12:23:49+03:00 sysUpTime=36:2:57:46.24 mode=3 fr=0 gn="00 "
2026-02-17T12:23:49+03:00 sysUpTime=36:2:57:46.63 mode=3 fr=0 gn="00 "
2026-02-17T12:23:49+03:00 sysUpTime=36:2:57:47.05 mode=3 fr=0 gn="00 "
2026-02-17T12:23:50+03:00 sysUpTime=36:2:57:47.42 mode=3 fr=0 gn="00 "
2026-02-17T12:23:51+03:00 sysUpTime=36:2:57:47.89 mode=3 fr=0 gn="00 "
2026-02-17T12:23:51+03:00 sysUpTime=36:2:57:48.28 mode=3 fr=0 gn="00 "
2026-02-17T12:23:51+03:00 sysUpTime=36:2:57:48.76 mode=3 fr=0 gn="00 "
2026-02-17T12:23:52+03:00 sysUpTime=36:2:57:49.12 mode=3 fr=0 gn="00 "
2026-02-17T12:23:52+03:00 sysUpTime=36:2:57:49.53 mode=3 fr=0 gn="00 "
2026-02-17T12:23:53+03:00 sysUpTime=36:2:57:50.09 mode=3 fr=0 gn="00 "
2026-02-17T12:23:53+03:00 sysUpTime=36:2:57:50.61 mode=3 fr=0 gn="00 "
2026-02-17T12:23:54+03:00 sysUpTime=36:2:57:50.99 mode=3 fr=0 gn="00 "
2026-02-17T12:23:54+03:00 sysUpTime=36:2:57:51.43 mode=3 fr=0 gn="00 "
2026-02-17T12:23:55+03:00 sysUpTime=36:2:57:51.86 mode=3 fr=0 gn="00 "
2026-02-17T12:23:55+03:00 sysUpTime=36:2:57:52.26 mode=3 fr=0 gn="00 "
2026-02-17T12:23:55+03:00 sysUpTime=36:2:57:52.72 mode=3 fr=0 gn="01 "
2026-02-17T12:23:56+03:00 sysUpTime=36:2:57:53.22 mode=3 fr=0 gn="01 "
2026-02-17T12:23:56+03:00 sysUpTime=36:2:57:53.64 mode=3 fr=0 gn="01 "
2026-02-17T12:23:57+03:00 sysUpTime=36:2:57:54.07 mode=3 fr=0 gn="01 "
2026-02-17T12:23:57+03:00 sysUpTime=36:2:57:54.48 mode=3 fr=0 gn="01 "
2026-02-17T12:23:58+03:00 sysUpTime=36:2:57:54.87 mode=3 fr=0 gn="01 "
2026-02-17T12:23:58+03:00 sysUpTime=36:2:57:55.35 mode=3 fr=0 gn="01 "
2026-02-17T12:23:58+03:00 sysUpTime=36:2:57:55.76 mode=3 fr=0 gn="01 "
2026-02-17T12:23:59+03:00 sysUpTime=36:2:57:56.16 mode=3 fr=0 gn="01 "
2026-02-17T12:23:59+03:00 sysUpTime=36:2:57:56.59 mode=3 fr=0 gn="01 "
2026-02-17T12:24:00+03:00 sysUpTime=36:2:57:56.99 mode=3 fr=0 gn="01 "
2026-02-17T12:24:00+03:00 sysUpTime=36:2:57:57.43 mode=3 fr=0 gn="01 "
2026-02-17T12:24:00+03:00 sysUpTime=36:2:57:57.83 mode=3 fr=0 gn="01 "
2026-02-17T12:24:01+03:00 sysUpTime=36:2:57:58.34 mode=3 fr=0 gn="01 "
2026-02-17T12:24:02+03:00 sysUpTime=36:2:57:58.91 mode=3 fr=0 gn="01 "
2026-02-17T12:24:02+03:00 sysUpTime=36:2:57:59.33 mode=3 fr=0 gn="01 "
2026-02-17T12:24:02+03:00 sysUpTime=36:2:57:59.69 mode=3 fr=0 gn="01 "
2026-02-17T12:24:03+03:00 sysUpTime=36:2:58:00.12 mode=3 fr=0 gn="01 "
2026-02-17T12:24:03+03:00 sysUpTime=36:2:58:00.49 mode=3 fr=0 gn="01 "
2026-02-17T12:24:04+03:00 sysUpTime=36:2:58:01.04 mode=3 fr=0 gn="01 "
2026-02-17T12:24:04+03:00 sysUpTime=36:2:58:01.46 mode=3 fr=0 gn="01 "
2026-02-17T12:24:04+03:00 sysUpTime=36:2:58:01.84 mode=3 fr=0 gn="01 "
2026-02-17T12:24:05+03:00 sysUpTime=36:2:58:02.29 mode=3 fr=0 gn="01 "
2026-02-17T12:24:05+03:00 sysUpTime=36:2:58:02.71 mode=3 fr=0 gn="01 "
2026-02-17T12:24:06+03:00 sysUpTime=36:2:58:03.07 mode=3 fr=0 gn="01 "
2026-02-17T12:24:06+03:00 sysUpTime=36:2:58:03.54 mode=3 fr=0 gn="01 "
2026-02-17T12:24:07+03:00 sysUpTime=36:2:58:03.93 mode=3 fr=0 gn="01 "
2026-02-17T12:24:07+03:00 sysUpTime=36:2:58:04.39 mode=3 fr=0 gn="01 "
2026-02-17T12:24:08+03:00 sysUpTime=36:2:58:04.97 mode=3 fr=0 gn="01 "
2026-02-17T12:24:08+03:00 sysUpTime=36:2:58:05.35 mode=3 fr=0 gn="01 "
2026-02-17T12:24:08+03:00 sysUpTime=36:2:58:05.85 mode=3 fr=0 gn="01 "
2026-02-17T12:24:09+03:00 sysUpTime=36:2:58:06.36 mode=3 fr=0 gn="01 "
2026-02-17T12:24:09+03:00 sysUpTime=36:2:58:06.79 mode=3 fr=0 gn="01 "
2026-02-17T12:24:10+03:00 sysUpTime=36:2:58:07.18 mode=3 fr=0 gn="01 "
2026-02-17T12:24:11+03:00 sysUpTime=36:2:58:07.87 mode=3 fr=0 gn="01 "
2026-02-17T12:24:11+03:00 sysUpTime=36:2:58:08.32 mode=3 fr=0 gn="01 "
2026-02-17T12:24:11+03:00 sysUpTime=36:2:58:08.70 mode=3 fr=0 gn="01 "
2026-02-17T12:24:12+03:00 sysUpTime=36:2:58:09.14 mode=3 fr=0 gn="01 "
2026-02-17T12:24:12+03:00 sysUpTime=36:2:58:09.55 mode=3 fr=0 gn="01 "
2026-02-17T12:24:13+03:00 sysUpTime=36:2:58:09.95 mode=3 fr=0 gn="01 "
2026-02-17T12:24:13+03:00 sysUpTime=36:2:58:10.38 mode=3 fr=0 gn="01 "
2026-02-17T12:24:13+03:00 sysUpTime=36:2:58:10.75 mode=3 fr=0 gn="02 "
2026-02-17T12:24:14+03:00 sysUpTime=36:2:58:11.20 mode=3 fr=0 gn="02 "
2026-02-17T12:24:14+03:00 sysUpTime=36:2:58:11.58 mode=3 fr=0 gn="02 "
2026-02-17T12:24:15+03:00 sysUpTime=36:2:58:12.04 mode=3 fr=0 gn="02 "
2026-02-17T12:24:15+03:00 sysUpTime=36:2:58:12.54 mode=3 fr=0 gn="02 "
2026-02-17T12:24:16+03:00 sysUpTime=36:2:58:12.91 mode=3 fr=0 gn="02 "
2026-02-17T12:24:16+03:00 sysUpTime=36:2:58:13.34 mode=3 fr=0 gn="02 "
2026-02-17T12:24:16+03:00 sysUpTime=36:2:58:13.73 mode=3 fr=0 gn="02 "
2026-02-17T12:24:17+03:00 sysUpTime=36:2:58:14.18 mode=3 fr=0 gn="02 "
2026-02-17T12:24:17+03:00 sysUpTime=36:2:58:14.70 mode=3 fr=0 gn="02 "
2026-02-17T12:24:18+03:00 sysUpTime=36:2:58:15.09 mode=3 fr=0 gn="02 "
2026-02-17T12:24:18+03:00 sysUpTime=36:2:58:15.54 mode=1 fr=0 gn="02 "
2026-02-17T12:24:19+03:00 sysUpTime=36:2:58:16.00 mode=1 fr=0 gn="02 "
2026-02-17T12:24:19+03:00 sysUpTime=36:2:58:16.37 mode=1 fr=0 gn="02 "
2026-02-17T12:24:19+03:00 sysUpTime=36:2:58:16.82 mode=1 fr=0 gn="02 "
2026-02-17T12:24:20+03:00 sysUpTime=36:2:58:17.23 mode=1 fr=0 gn="02 "
2026-02-17T12:24:20+03:00 sysUpTime=36:2:58:17.66 mode=1 fr=0 gn="02 "
2026-02-17T12:24:21+03:00 sysUpTime=36:2:58:18.14 mode=1 fr=0 gn="02 "
2026-02-17T12:24:21+03:00 sysUpTime=36:2:58:18.64 mode=1 fr=0 gn="02 "
2026-02-17T12:24:22+03:00 sysUpTime=36:2:58:19.04 mode=1 fr=0 gn="02 "
2026-02-17T12:24:22+03:00 sysUpTime=36:2:58:19.51 mode=1 fr=0 gn="02 "
2026-02-17T12:24:23+03:00 sysUpTime=36:2:58:19.89 mode=1 fr=0 gn="02 "
2026-02-17T12:24:23+03:00 sysUpTime=36:2:58:20.28 mode=1 fr=0 gn="02 "
2026-02-17T12:24:23+03:00 sysUpTime=36:2:58:20.71 mode=1 fr=0 gn="02 "
2026-02-17T12:24:24+03:00 sysUpTime=36:2:58:21.10 mode=1 fr=0 gn="02 "
2026-02-17T12:24:24+03:00 sysUpTime=36:2:58:21.65 mode=1 fr=0 gn="02 "
2026-02-17T12:24:25+03:00 sysUpTime=36:2:58:22.15 mode=1 fr=0 gn="02 "
2026-02-17T12:24:25+03:00 sysUpTime=36:2:58:22.52 mode=1 fr=0 gn="02 "
2026-02-17T12:24:26+03:00 sysUpTime=36:2:58:22.97 mode=1 fr=0 gn="02 "
2026-02-17T12:24:26+03:00 sysUpTime=36:2:58:23.39 mode=1 fr=0 gn="02 "
2026-02-17T12:24:26+03:00 sysUpTime=36:2:58:23.71 mode=1 fr=0 gn="02 "
2026-02-17T12:24:27+03:00 sysUpTime=36:2:58:24.18 mode=1 fr=0 gn="02 "
2026-02-17T12:24:27+03:00 sysUpTime=36:2:58:24.59 mode=1 fr=0 gn="02 "
2026-02-17T12:24:28+03:00 sysUpTime=36:2:58:25.04 mode=1 fr=0 gn="02 "
2026-02-17T12:24:28+03:00 sysUpTime=36:2:58:25.51 mode=1 fr=0 gn="02 "
2026-02-17T12:24:29+03:00 sysUpTime=36:2:58:25.90 mode=1 fr=0 gn="02 "
2026-02-17T12:24:29+03:00 sysUpTime=36:2:58:26.34 mode=1 fr=0 gn="02 "
2026-02-17T12:24:29+03:00 sysUpTime=36:2:58:26.75 mode=1 fr=0 gn="02 "
2026-02-17T12:24:30+03:00 sysUpTime=36:2:58:27.10 mode=1 fr=0 gn="02 "
2026-02-17T12:24:30+03:00 sysUpTime=36:2:58:27.73 mode=1 fr=0 gn="02 "
2026-02-17T12:24:31+03:00 sysUpTime=36:2:58:28.16 mode=1 fr=0 gn="02 "
2026-02-17T12:24:31+03:00 sysUpTime=36:2:58:28.53 mode=1 fr=0 gn="02 "
2026-02-17T12:24:32+03:00 sysUpTime=36:2:58:29.09 mode=1 fr=0 gn="04 "
2026-02-17T12:24:32+03:00 sysUpTime=36:2:58:29.51 mode=1 fr=0 gn="04 "
2026-02-17T12:24:33+03:00 sysUpTime=36:2:58:29.90 mode=1 fr=0 gn="04 "
2026-02-17T12:24:33+03:00 sysUpTime=36:2:58:30.35 mode=1 fr=0 gn="04 "
2026-02-17T12:24:33+03:00 sysUpTime=36:2:58:30.76 mode=1 fr=0 gn="04 "
2026-02-17T12:24:34+03:00 sysUpTime=36:2:58:31.20 mode=1 fr=0 gn="04 "
2026-02-17T12:24:34+03:00 sysUpTime=36:2:58:31.65 mode=1 fr=0 gn="04 "
2026-02-17T12:24:35+03:00 sysUpTime=36:2:58:32.03 mode=1 fr=0 gn="04 "
2026-02-17T12:24:35+03:00 sysUpTime=36:2:58:32.47 mode=1 fr=0 gn="04 "
2026-02-17T12:24:36+03:00 sysUpTime=36:2:58:32.89 mode=1 fr=0 gn="04 "
2026-02-17T12:24:36+03:00 sysUpTime=36:2:58:33.29 mode=1 fr=0 gn="04 "
2026-02-17T12:24:36+03:00 sysUpTime=36:2:58:33.72 mode=1 fr=0 gn="04 "
2026-02-17T12:24:37+03:00 sysUpTime=36:2:58:34.05 mode=1 fr=0 gn="04 "
2026-02-17T12:24:37+03:00 sysUpTime=36:2:58:34.53 mode=1 fr=0 gn="04 "
2026-02-17T12:24:38+03:00 sysUpTime=36:2:58:35.13 mode=1 fr=0 gn="04 "
2026-02-17T12:24:38+03:00 sysUpTime=36:2:58:35.57 mode=1 fr=0 gn="04 "
2026-02-17T12:24:39+03:00 sysUpTime=36:2:58:35.95 mode=1 fr=0 gn="04 "
2026-02-17T12:24:39+03:00 sysUpTime=36:2:58:36.41 mode=1 fr=0 gn="04 "
2026-02-17T12:24:39+03:00 sysUpTime=36:2:58:36.79 mode=1 fr=0 gn="04 "
2026-02-17T12:24:40+03:00 sysUpTime=36:2:58:37.27 mode=1 fr=0 gn="04 "
2026-02-17T12:24:40+03:00 sysUpTime=36:2:58:37.72 mode=1 fr=0 gn="04 "
2026-02-17T12:24:41+03:00 sysUpTime=36:2:58:38.12 mode=1 fr=0 gn="04 "
2026-02-17T12:24:41+03:00 sysUpTime=36:2:58:38.67 mode=1 fr=0 gn="04 "
2026-02-17T12:24:42+03:00 sysUpTime=36:2:58:39.08 mode=1 fr=0 gn="04 "
2026-02-17T12:24:42+03:00 sysUpTime=36:2:58:39.46 mode=1 fr=0 gn="04 "
2026-02-17T12:24:43+03:00 sysUpTime=36:2:58:39.90 mode=1 fr=0 gn="04 "
2026-02-17T12:24:43+03:00 sysUpTime=36:2:58:40.29 mode=1 fr=0 gn="04 "
2026-02-17T12:24:43+03:00 sysUpTime=36:2:58:40.77 mode=1 fr=0 gn="04 "
2026-02-17T12:24:44+03:00 sysUpTime=36:2:58:41.37 mode=1 fr=0 gn="04 "
2026-02-17T12:24:45+03:00 sysUpTime=36:2:58:41.88 mode=1 fr=0 gn="04 "
2026-02-17T12:24:45+03:00 sysUpTime=36:2:58:42.31 mode=1 fr=0 gn="04 "
2026-02-17T12:24:45+03:00 sysUpTime=36:2:58:42.73 mode=1 fr=0 gn="04 "
2026-02-17T12:24:46+03:00 sysUpTime=36:2:58:43.22 mode=1 fr=0 gn="04 "
2026-02-17T12:24:46+03:00 sysUpTime=36:2:58:43.64 mode=1 fr=0 gn="04 "
2026-02-17T12:24:47+03:00 sysUpTime=36:2:58:44.07 mode=1 fr=0 gn="04 "
2026-02-17T12:24:47+03:00 sysUpTime=36:2:58:44.54 mode=1 fr=0 gn="04 "
2026-02-17T12:24:48+03:00 sysUpTime=36:2:58:44.92 mode=1 fr=0 gn="04 "
2026-02-17T12:24:48+03:00 sysUpTime=36:2:58:45.36 mode=1 fr=0 gn="04 "
2026-02-17T12:24:48+03:00 sysUpTime=36:2:58:45.85 mode=1 fr=0 gn="04 "
2026-02-17T12:24:49+03:00 sysUpTime=36:2:58:46.22 mode=1 fr=0 gn="04 "
2026-02-17T12:24:49+03:00 sysUpTime=36:2:58:46.66 mode=1 fr=0 gn="04 "
2026-02-17T12:24:50+03:00 sysUpTime=36:2:58:47.10 mode=1 fr=0 gn="04 "
2026-02-17T12:24:50+03:00 sysUpTime=36:2:58:47.56 mode=1 fr=0 gn="08 "
2026-02-17T12:24:51+03:00 sysUpTime=36:2:58:48.05 mode=1 fr=0 gn="08 "
2026-02-17T12:24:51+03:00 sysUpTime=36:2:58:48.48 mode=1 fr=0 gn="08 "
2026-02-17T12:24:52+03:00 sysUpTime=36:2:58:48.87 mode=1 fr=0 gn="08 "
2026-02-17T12:24:52+03:00 sysUpTime=36:2:58:49.43 mode=1 fr=0 gn="08 "
2026-02-17T12:24:52+03:00 sysUpTime=36:2:58:49.81 mode=1 fr=0 gn="08 "
2026-02-17T12:24:53+03:00 sysUpTime=36:2:58:50.21 mode=1 fr=0 gn="08 "
2026-02-17T12:24:53+03:00 sysUpTime=36:2:58:50.66 mode=1 fr=0 gn="08 "
2026-02-17T12:24:54+03:00 sysUpTime=36:2:58:51.02 mode=1 fr=0 gn="08 "
2026-02-17T12:24:54+03:00 sysUpTime=36:2:58:51.50 mode=1 fr=0 gn="08 "
2026-02-17T12:24:55+03:00 sysUpTime=36:2:58:51.92 mode=1 fr=0 gn="08 "
2026-02-17T12:24:55+03:00 sysUpTime=36:2:58:52.29 mode=1 fr=0 gn="08 "
2026-02-17T12:24:55+03:00 sysUpTime=36:2:58:52.82 mode=1 fr=0 gn="08 "
2026-02-17T12:24:56+03:00 sysUpTime=36:2:58:53.23 mode=1 fr=0 gn="08 "
2026-02-17T12:24:56+03:00 sysUpTime=36:2:58:53.63 mode=1 fr=0 gn="08 "
2026-02-17T12:24:57+03:00 sysUpTime=36:2:58:54.10 mode=1 fr=0 gn="08 "
2026-02-17T12:24:57+03:00 sysUpTime=36:2:58:54.46 mode=1 fr=0 gn="08 "
2026-02-17T12:24:58+03:00 sysUpTime=36:2:58:54.87 mode=1 fr=0 gn="08 "
2026-02-17T12:24:58+03:00 sysUpTime=36:2:58:55.27 mode=1 fr=0 gn="08 "
2026-02-17T12:24:58+03:00 sysUpTime=36:2:58:55.66 mode=1 fr=0 gn="08 "
2026-02-17T12:24:59+03:00 sysUpTime=36:2:58:56.21 mode=1 fr=0 gn="08 "
2026-02-17T12:24:59+03:00 sysUpTime=36:2:58:56.65 mode=1 fr=0 gn="08 "
2026-02-17T12:25:00+03:00 sysUpTime=36:2:58:57.05 mode=1 fr=0 gn="08 "
2026-02-17T12:25:00+03:00 sysUpTime=36:2:58:57.51 mode=1 fr=0 gn="08 "
2026-02-17T12:25:01+03:00 sysUpTime=36:2:58:57.88 mode=1 fr=0 gn="08 "
2026-02-17T12:25:01+03:00 sysUpTime=36:2:58:58.32 mode=1 fr=0 gn="08 "
2026-02-17T12:25:01+03:00 sysUpTime=36:2:58:58.80 mode=1 fr=0 gn="08 "
2026-02-17T12:25:02+03:00 sysUpTime=36:2:58:59.20 mode=1 fr=0 gn="08 "
2026-02-17T12:25:02+03:00 sysUpTime=36:2:58:59.62 mode=1 fr=0 gn="08 "
2026-02-17T12:25:03+03:00 sysUpTime=36:2:59:00.05 mode=1 fr=0 gn="08 "
2026-02-17T12:25:03+03:00 sysUpTime=36:2:59:00.47 mode=1 fr=0 gn="08 "
2026-02-17T12:25:04+03:00 sysUpTime=36:2:59:01.02 mode=1 fr=0 gn="08 "
2026-02-17T12:25:04+03:00 sysUpTime=36:2:59:01.42 mode=1 fr=0 gn="08 "
2026-02-17T12:25:04+03:00 sysUpTime=36:2:59:01.80 mode=1 fr=0 gn="08 "
2026-02-17T12:25:05+03:00 sysUpTime=36:2:59:02.24 mode=1 fr=0 gn="08 "
2026-02-17T12:25:05+03:00 sysUpTime=36:2:59:02.65 mode=1 fr=0 gn="08 "
2026-02-17T12:25:06+03:00 sysUpTime=36:2:59:03.04 mode=1 fr=0 gn="08 "
2026-02-17T12:25:06+03:00 sysUpTime=36:2:59:03.50 mode=1 fr=0 gn="08 "
2026-02-17T12:25:07+03:00 sysUpTime=36:2:59:03.90 mode=1 fr=0 gn="08 "
2026-02-17T12:25:07+03:00 sysUpTime=36:2:59:04.32 mode=1 fr=0 gn="08 "
2026-02-17T12:25:07+03:00 sysUpTime=36:2:59:04.83 mode=1 fr=0 gn="10 "
2026-02-17T12:25:08+03:00 sysUpTime=36:2:59:05.28 mode=1 fr=0 gn="10 "
2026-02-17T12:25:08+03:00 sysUpTime=36:2:59:05.69 mode=1 fr=0 gn="10 "
2026-02-17T12:25:09+03:00 sysUpTime=36:2:59:06.11 mode=1 fr=0 gn="10 "
2026-02-17T12:25:09+03:00 sysUpTime=36:2:59:06.53 mode=1 fr=0 gn="10 "
2026-02-17T12:25:10+03:00 sysUpTime=36:2:59:07.15 mode=1 fr=0 gn="10 "
2026-02-17T12:25:10+03:00 sysUpTime=36:2:59:07.74 mode=1 fr=0 gn="10 "
2026-02-17T12:25:11+03:00 sysUpTime=36:2:59:08.13 mode=1 fr=0 gn="10 "
2026-02-17T12:25:11+03:00 sysUpTime=36:2:59:08.44 mode=1 fr=0 gn="10 "
2026-02-17T12:25:12+03:00 sysUpTime=36:2:59:09.04 mode=1 fr=0 gn="10 "
2026-02-17T12:25:12+03:00 sysUpTime=36:2:59:09.48 mode=1 fr=0 gn="10 "
2026-02-17T12:25:13+03:00 sysUpTime=36:2:59:09.87 mode=1 fr=0 gn="10 "
2026-02-17T12:25:13+03:00 sysUpTime=36:2:59:10.26 mode=1 fr=0 gn="10 "
2026-02-17T12:25:13+03:00 sysUpTime=36:2:59:10.66 mode=1 fr=0 gn="10 "
2026-02-17T12:25:14+03:00 sysUpTime=36:2:59:11.15 mode=1 fr=0 gn="10 "
2026-02-17T12:25:14+03:00 sysUpTime=36:2:59:11.55 mode=1 fr=0 gn="10 "
2026-02-17T12:25:15+03:00 sysUpTime=36:2:59:11.87 mode=1 fr=0 gn="10 "
2026-02-17T12:25:15+03:00 sysUpTime=36:2:59:12.46 mode=1 fr=0 gn="10 "
2026-02-17T12:25:16+03:00 sysUpTime=36:2:59:13.03 mode=1 fr=0 gn="10 "
2026-02-17T12:25:16+03:00 sysUpTime=36:2:59:13.41 mode=1 fr=0 gn="10 "
2026-02-17T12:25:16+03:00 sysUpTime=36:2:59:13.80 mode=1 fr=0 gn="10 "
2026-02-17T12:25:17+03:00 sysUpTime=36:2:59:14.40 mode=1 fr=0 gn="10 "
2026-02-17T12:25:17+03:00 sysUpTime=36:2:59:14.85 mode=1 fr=0 gn="10 "
2026-02-17T12:25:18+03:00 sysUpTime=36:2:59:15.23 mode=1 fr=0 gn="10 "
2026-02-17T12:25:18+03:00 sysUpTime=36:2:59:15.70 mode=1 fr=0 gn="10 "
2026-02-17T12:25:19+03:00 sysUpTime=36:2:59:16.19 mode=1 fr=0 gn="10 "
2026-02-17T12:25:19+03:00 sysUpTime=36:2:59:16.59 mode=1 fr=0 gn="10 "
2026-02-17T12:25:20+03:00 sysUpTime=36:2:59:17.17 mode=1 fr=0 gn="10 "
2026-02-17T12:25:20+03:00 sysUpTime=36:2:59:17.59 mode=1 fr=0 gn="10 "
2026-02-17T12:25:21+03:00 sysUpTime=36:2:59:17.97 mode=1 fr=0 gn="10 "
2026-02-17T12:25:21+03:00 sysUpTime=36:2:59:18.57 mode=1 fr=0 gn="10 "
2026-02-17T12:25:22+03:00 sysUpTime=36:2:59:19.14 mode=1 fr=0 gn="10 "
2026-02-17T12:25:22+03:00 sysUpTime=36:2:59:19.58 mode=1 fr=0 gn="10 "
2026-02-17T12:25:23+03:00 sysUpTime=36:2:59:19.96 mode=1 fr=0 gn="10 "
2026-02-17T12:25:23+03:00 sysUpTime=36:2:59:20.45 mode=1 fr=0 gn="10 "
2026-02-17T12:25:24+03:00 sysUpTime=36:2:59:20.87 mode=1 fr=0 gn="10 "
2026-02-17T12:25:24+03:00 sysUpTime=36:2:59:21.24 mode=1 fr=0 gn="10 "
2026-02-17T12:25:24+03:00 sysUpTime=36:2:59:21.85 mode=1 fr=0 gn="10 "
2026-02-17T12:25:25+03:00 sysUpTime=36:2:59:22.19 mode=1 fr=0 gn="10 "
2026-02-17T12:25:25+03:00 sysUpTime=36:2:59:22.57 mode=1 fr=0 gn="10 "
2026-02-17T12:25:26+03:00 sysUpTime=36:2:59:23.00 mode=1 fr=0 gn=" "
2026-02-17T12:25:26+03:00 sysUpTime=36:2:59:23.41 mode=1 fr=0 gn=" "
2026-02-17T12:25:27+03:00 sysUpTime=36:2:59:23.88 mode=1 fr=0 gn=" "
2026-02-17T12:25:27+03:00 sysUpTime=36:2:59:24.33 mode=1 fr=0 gn=" "
2026-02-17T12:25:27+03:00 sysUpTime=36:2:59:24.74 mode=1 fr=0 gn=" "
2026-02-17T12:25:28+03:00 sysUpTime=36:2:59:25.20 mode=1 fr=0 gn=" "
2026-02-17T12:25:28+03:00 sysUpTime=36:2:59:25.62 mode=1 fr=0 gn=" "
2026-02-17T12:25:29+03:00 sysUpTime=36:2:59:26.03 mode=1 fr=0 gn=" "
