-- Logs begin at Wed 2026-02-11 14:28:09 +03. --
2026-02-17T12:20:16+0300 sintez-lite-3b node[458]: 10101 '<-' '#12:20:15 EVENT (64004) 4 3 255 255$51\r'
2026-02-17T12:20:18+0300 sintez-lite-3b node[458]: 10101 '<-' '#12:20:17 EVENT (64005) 4 3 255 0$94\r'
2026-02-17T12:20:28+0300 sintez-lite-3b node[458]: 10101 '<-' '#12:20:28 EVENT (64006) 4 3 255 255$f9\r'
2026-02-17T12:20:34+0300 sintez-lite-3b node[458]: 10101 '<-' '#12:20:33 EVENT (64007) 4 4 255 255$24\r'
2026-02-17T12:20:36+0300 sintez-lite-3b node[458]: 10101 '<-' '#12:20:36 EVENT (64008) 4 4 255 0$4b\r'
2026-02-17T12:20:46+0300 sintez-lite-3b node[458]: 10101 '<-' '#12:20:45 EVENT (64009) 4 4 255 255$c4\r'
2026-02-17T12:20:52+0300 sintez-lite-3b node[458]: 10101 '<-' '#12:20:52 EVENT (64010) 4 5 255 255$fc\r'
2026-02-17T12:20:54+0300 sintez-lite-3b node[458]: 10101 '<-' '#12:20:54 EVENT (64011) 4 5 255 0$7f\r'
2026-02-17T12:20:58+0300 sintez-lite-3b node[458]: 10101 '->' '#GET_REFER (1607) 0 $58\r'
2026-02-17T12:20:58+0300 sintez-lite-3b node[458]: 10101 '<-' '#12:20:57 REFER (1607) "Spectr" 10101 "Test SINTEZ UTMC"$97\r'
2026-02-17T12:21:04+0300 sintez-lite-3b node[458]: 10101 '<-' '#12:21:03 EVENT (64012) 4 5 255 255$75\r'
2026-02-17T12:21:10+0300 sintez-lite-3b node[458]: 10101 '->' '#SET_YF (1608) $32\r'
2026-02-17T12:21:10+0300 sintez-lite-3b node[458]: 10101 '<-' '#12:21:10 EVENT (64013) 4 6 255 255$af\r'
2026-02-17T12:21:10+0300 sintez-lite-3b node[458]: 10101 '<-' '#12:21:10 EVENT (64014) 3 1 3 1 255 3$49\r'
2026-02-17T12:21:10+0300 sintez-lite-3b node[458]: 10101 '<-' '#12:21:10 >O.K. (1608) $8c\r'
2026-02-17T12:21:10+0300 sintez-lite-3b node[458]: 10101 '->' '#GET_STAT (1609) $AF\r'
2026-02-17T12:21:10+0300 sintez-lite-3b node[458]: 10101 '<-' '#12:21:10 STAT (1609) 0 0 0 0 0 3 1 255 91 6 255 0 255 3 0 0 0$4d\r'
2026-02-17T12:21:10+0300 sintez-lite-3b node[458]: 10101 '->' '#GET_STAT (1611) $7F\r'
2026-02-17T12:21:10+0300 sintez-lite-3b node[458]: 10101 '<-' '#12:21:10 STAT (1611) 0 0 0 0 0 3 1 255 91 6 255 0 255 3 0 0 0$1d\r'
2026-02-17T12:21:12+0300 sintez-lite-3b node[458]: 10101 '<-' '#12:21:12 EVENT (64015) 4 6 255 0$3c\r'
2026-02-17T12:21:23+0300 sintez-lite-3b node[458]: 10101 '<-' '#12:21:22 EVENT (64016) 4 6 255 255$90\r'
2026-02-17T12:21:29+0300 sintez-lite-3b node[458]: 10101 '<-' '#12:21:28 EVENT (64017) 4 7 255 255$03\r'
2026-02-17T12:21:31+0300 sintez-lite-3b node[458]: 10101 '<-' '#12:21:30 EVENT (64018) 4 7 255 0$f0\r'
2026-02-17T12:21:40+0300 sintez-lite-3b node[458]: 10101 '<-' '#12:21:40 EVENT (64019) 4 7 255 255$63\r'
2026-02-17T12:21:47+0300 sintez-lite-3b node[458]: 10101 '<-' '#12:21:46 EVENT (64020) 4 8 255 255$d3\r'
2026-02-17T12:21:49+0300 sintez-lite-3b node[458]: 10101 '<-' '#12:21:48 EVENT (64021) 4 8 255 0$35\r'
2026-02-17T12:21:59+0300 sintez-lite-3b node[458]: 10101 '<-' '#12:21:58 EVENT (64022) 4 8 255 255$74\r'
2026-02-17T12:22:05+0300 sintez-lite-3b node[458]: 10101 '<-' '#12:22:04 EVENT (64023) 4 9 255 255$86\r'
2026-02-17T12:22:07+0300 sintez-lite-3b node[458]: 10101 '<-' '#12:22:06 EVENT (64024) 4 9 255 0$e1\r'
2026-02-17T12:22:11+0300 sintez-lite-3b node[458]: 10101 '->' '#GET_REFER (1613) 0 $18\r'
2026-02-17T12:22:11+0300 sintez-lite-3b node[458]: 10101 '<-' '#12:22:10 REFER (1613) "Spectr" 10101 "Test SINTEZ UTMC"$78\r'
2026-02-17T12:22:11+0300 sintez-lite-3b node[458]: 10101 '<-' '#12:22:10 EVENT (64025) 3 1 1 1 255 3$49\r'
2026-02-17T12:22:11+0300 sintez-lite-3b node[458]: 10101 '->' '#GET_STAT (1614) $97\r'
2026-02-17T12:22:11+0300 sintez-lite-3b node[458]: 10101 '<-' '#12:22:10 STAT (1614) 0 0 0 0 0 1 1 255 151 9 255 7 0 3 0 0 0$52\r'
2026-02-17T12:22:11+0300 sintez-lite-3b node[458]: 10101 '->' '#GET_STAT (1616) $A7\r'
2026-02-17T12:22:11+0300 sintez-lite-3b node[458]: 10101 '<-' '#12:22:10 STAT (1616) 0 0 0 0 0 1 1 255 151 9 255 7 0 3 0 0 0$5a\r'
2026-02-17T12:22:17+0300 sintez-lite-3b node[458]: 10101 '<-' '#12:22:16 EVENT (64026) 4 9 255 255$67\r'
2026-02-17T12:22:23+0300 sintez-lite-3b node[458]: 10101 '<-' '#12:22:22 EVENT (64027) 4 10 255 255$6f\r'
2026-02-17T12:22:25+0300 sintez-lite-3b node[458]: 10101 '<-' '#12:22:24 EVENT (64028) 4 10 255 0$30\r'
2026-02-17T12:22:32+0300 sintez-lite-3b node[458]: 10101 '->' '#SET_YF (1618) $42\r'
2026-02-17T12:22:32+0300 sintez-lite-3b node[458]: 10101 '<-' '#12:22:31 EVENT (64029) 3 1 3 1 255 3$f1\r'
2026-02-17T12:22:32+0300 sintez-lite-3b node[458]: 10101 '<-' '#12:22:31 >O.K. (1618) $23\r'
2026-02-17T12:22:32+0300 sintez-lite-3b node[458]: 10101 '->' '#GET_STAT (1619) $BF\r'
2026-02-17T12:22:32+0300 sintez-lite-3b node[458]: 10101 '<-' '#12:22:31 STAT (1619) 0 0 0 0 0 3 1 255 172 10 255 9 0 3 0 0 0$39\r'
2026-02-17T12:22:32+0300 sintez-lite-3b node[458]: 10101 '->' '#GET_STAT (1621) $8F\r'
2026-02-17T12:22:32+0300 sintez-lite-3b node[458]: 10101 '<-' '#12:22:32 STAT (1621) 0 0 0 0 0 3 1 255 172 10 255 9 0 3 0 0 0$49\r'
2026-02-17T12:22:33+0300 sintez-lite-3b node[458]: 10101 '<-' '#12:22:32 EVENT (64030) 4 10 255 255$0d\r'
2026-02-17T12:22:39+0300 sintez-lite-3b node[458]: 10101 '<-' '#12:22:39 EVENT (64031) 4 255 255 255$82\r'
2026-02-17T12:22:39+0300 sintez-lite-3b node[458]: 10101 '<-' '#12:22:39 EVENT (64032) 3 1 3 255 255 2$f0\r'
2026-02-17T12:22:39+0300 sintez-lite-3b node[458]: 10101 '->' '#GET_STAT (1623) $9F\r'
2026-02-17T12:22:39+0300 sintez-lite-3b node[458]: 10101 '<-' '#12:22:39 STAT (1623) 0 0 0 0 0 3 255 255 179 255 255 0 255 2 0 0 0$44\r'
2026-02-17T12:22:39+0300 sintez-lite-3b node[458]: 10101 '->' '#GET_STAT (1624) $A7\r'
2026-02-17T12:22:39+0300 sintez-lite-3b node[458]: 10101 '<-' '#12:22:39 STAT (1624) 0 0 0 0 0 3 255 255 179 255 255 0 255 2 0 0 0$45\r'
2026-02-17T12:22:39+0300 sintez-lite-3b node[458]: 10101 '->' '#GET_STAT (1625) $AF\r'
2026-02-17T12:22:39+0300 sintez-lite-3b node[458]: 10101 '<-' '#12:22:39 STAT (1625) 0 0 0 0 0 3 255 255 179 255 255 0 255 2 0 0 0$46\r'
2026-02-17T12:22:39+0300 sintez-lite-3b node[458]: 10101 '->' '#GET_STAT (1626) $B7\r'
2026-02-17T12:22:39+0300 sintez-lite-3b node[458]: 10101 '<-' '#12:22:39 STAT (1626) 0 0 0 0 0 3 255 255 180 255 255 0 255 2 0 0 0$c3\r'
2026-02-17T12:23:01+0300 sintez-lite-3b node[458]: 10101 '->' '#SET_OS (1627) $3C\r'
2026-02-17T12:23:01+0300 sintez-lite-3b node[458]: 10101 '<-' '#12:23:01 >O.K. (1627) $2c\r'
2026-02-17T12:23:02+0300 sintez-lite-3b node[458]: 10101 '<-' '#12:23:02 EVENT (64033) 3 1 3 255 255 0$6e\r'
2026-02-17T12:23:02+0300 sintez-lite-3b node[458]: 10101 '->' '#GET_STAT (1628) $C7\r'
2026-02-17T12:23:02+0300 sintez-lite-3b node[458]: 10101 '<-' '#12:23:02 STAT (1628) 0 0 0 0 0 3 255 255 202 255 255 23 255 0 0 0 0$98\r'
2026-02-17T12:23:03+0300 sintez-lite-3b node[458]: 10101 '->' '#GET_STAT (1630) $97\r'
2026-02-17T12:23:03+0300 sintez-lite-3b node[458]: 10101 '<-' '#12:23:02 STAT (1630) 0 0 0 0 0 3 255 255 202 255 255 23 255 0 0 0 0$8c\r'
2026-02-17T12:23:03+0300 sintez-lite-3b node[458]: 10101 '->' '#GET_STAT (1631) $9F\r'
2026-02-17T12:23:03+0300 sintez-lite-3b node[458]: 10101 '<-' '#12:23:02 STAT (1631) 0 0 0 0 0 3 255 255 202 255 255 23 255 0 0 0 0$8e\r'
2026-02-17T12:23:18+0300 sintez-lite-3b node[458]: 10101 '->' '#SET_YF (1632) $32\r'
2026-02-17T12:23:18+0300 sintez-lite-3b node[458]: 10101 '<-' '#12:23:17 >O.K. (1632) $18\r'
2026-02-17T12:23:19+0300 sintez-lite-3b node[458]: 10101 '<-' '#12:23:19 EVENT (64034) 3 1 3 255 255 2$fa\r'
2026-02-17T12:23:19+0300 sintez-lite-3b node[458]: 10101 '->' '#GET_STAT (1633) $AF\r'
2026-02-17T12:23:19+0300 sintez-lite-3b node[458]: 10101 '<-' '#12:23:19 STAT (1633) 0 0 0 0 0 3 255 255 219 255 255 40 255 2 0 0 0$4d\r'
2026-02-17T12:23:19+0300 sintez-lite-3b node[458]: 10101 '->' '#GET_STAT (1635) $BF\r'
2026-02-17T12:23:19+0300 sintez-lite-3b node[458]: 10101 '<-' '#12:23:19 STAT (1635) 0 0 0 0 0 3 255 255 219 255 255 40 255 2 0 0 0$51\r'
2026-02-17T12:23:20+0300 sintez-lite-3b node[458]: 10101 '->' '#GET_STAT (1636) $C7\r'
2026-02-17T12:23:20+0300 sintez-lite-3b node[458]: 10101 '<-' '#12:23:19 STAT (1636) 0 0 0 0 0 3 255 255 220 255 255 40 255 2 0 0 0$4c\r'
2026-02-17T12:23:45+0300 sintez-lite-3b node[458]: 10101 '->' '#SET_START (1637) $3F\r'
2026-02-17T12:23:45+0300 sintez-lite-3b node[458]:   ? 1.3.6.1.4.1.13267.3.2.4.2.1.5.5 Integer 1
2026-02-17T12:23:45+0300 sintez-lite-3b node[458]: 10101 '<-' '#12:23:44 >O.K. (1637) $c1\r'
2026-02-17T12:23:46+0300 sintez-lite-3b node[458]: 10101 '<-' '#12:23:45 EVENT (64035) 3 1 1 255 255 2$ef\r'
2026-02-17T12:23:46+0300 sintez-lite-3b node[458]: 10101 '->' '#GET_STAT (1638) $D7\r'
2026-02-17T12:23:46+0300 sintez-lite-3b node[458]: 10101 '<-' '#12:23:45 STAT (1638) 0 0 0 0 0 1 255 255 245 255 255 66 255 2 0 0 0$9a\r'
2026-02-17T12:23:46+0300 sintez-lite-3b node[458]: 10101 '->' '#GET_STAT (1640) $A7\r'
2026-02-17T12:23:46+0300 sintez-lite-3b node[458]: 10101 '<-' '#12:23:45 STAT (1640) 0 0 0 0 0 1 255 255 245 255 255 66 255 2 0 0 0$8e\r'
2026-02-17T12:23:46+0300 sintez-lite-3b node[458]: 10101 '<-' '#12:23:46 EVENT (64036) 3 1 1 255 255 0$70\r'
2026-02-17T12:23:46+0300 sintez-lite-3b node[458]: 10101 '->' '#GET_STAT (1642) $B7\r'
2026-02-17T12:23:46+0300 sintez-lite-3b node[458]: 10101 '<-' '#12:23:46 STAT (1642) 0 0 0 0 0 1 255 255 246 255 255 67 255 0 0 0 0$c2\r'
2026-02-17T12:23:46+0300 sintez-lite-3b node[458]: 10101 '->' '#GET_STAT (1644) $C7\r'
2026-02-17T12:23:46+0300 sintez-lite-3b node[458]: 10101 '<-' '#12:23:46 STAT (1644) 0 0 0 0 0 1 255 255 246 255 255 67 255 0 0 0 0$c6\r'
2026-02-17T12:23:52+0300 sintez-lite-3b node[458]: 10101 '<-' '#12:23:51 EVENT (64037) 3 1 1 240 255 3$75\r'
2026-02-17T12:23:52+0300 sintez-lite-3b node[458]: 10101 '->' '#GET_STAT (1646) $D7\r'
2026-02-17T12:23:52+0300 sintez-lite-3b node[458]: 10101 '<-' '#12:23:51 STAT (1646) 0 0 0 0 0 1 240 255 252 255 255 73 255 3 0 0 0$d2\r'
2026-02-17T12:23:52+0300 sintez-lite-3b node[458]: 10101 '->' '#GET_STAT (1647) $DF\r'
2026-02-17T12:23:52+0300 sintez-lite-3b node[458]: 10101 '<-' '#12:23:51 STAT (1647) 0 0 0 0 0 1 240 255 252 255 255 73 255 3 0 0 0$d4\r'
2026-02-17T12:23:52+0300 sintez-lite-3b node[458]: 10101 '->' '#GET_STAT (1648) $E7\r'
2026-02-17T12:23:52+0300 sintez-lite-3b node[458]: 10101 '<-' '#12:23:51 STAT (1648) 0 0 0 0 0 1 240 255 252 255 255 73 255 3 0 0 0$d6\r'
2026-02-17T12:23:52+0300 sintez-lite-3b node[458]: 10101 '->' '#GET_STAT (1649) $EF\r'
2026-02-17T12:23:52+0300 sintez-lite-3b node[458]: 10101 '<-' '#12:23:51 STAT (1649) 0 0 0 0 0 1 240 255 252 255 255 73 255 3 0 0 0$d8\r'
2026-02-17T12:23:56+0300 sintez-lite-3b node[458]: 10101 '<-' '#12:23:55 EVENT (64038) 4 1 255 255$d0\r'
2026-02-17T12:23:56+0300 sintez-lite-3b node[458]: 10101 '<-' '#12:23:55 EVENT (64039) 3 1 1 1 255 3$f1\r'
2026-02-17T12:23:56+0300 sintez-lite-3b node[458]: 10101 '->' '#GET_STAT (1650) $B7\r'
2026-02-17T12:23:56+0300 sintez-lite-3b node[458]: 10101 '<-' '#12:23:55 STAT (1650) 0 0 0 0 0 1 1 255 0 1 255 0 255 3 0 0 0$6c\r'
2026-02-17T12:23:56+0300 sintez-lite-3b node[458]: 10101 '->' '#GET_STAT (1651) $BF\r'
2026-02-17T12:23:56+0300 sintez-lite-3b node[458]: 10101 '<-' '#12:23:55 STAT (1651) 0 0 0 0 0 1 1 255 0 1 255 0 255 3 0 0 0$70\r'
2026-02-17T12:23:56+0300 sintez-lite-3b node[458]: 10101 '->' '#GET_STAT (1653) $CF\r'
2026-02-17T12:23:56+0300 sintez-lite-3b node[458]: 10101 '<-' '#12:23:55 STAT (1653) 0 0 0 0 0 1 1 255 0 1 255 0 255 3 0 0 0$78\r'
2026-02-17T12:23:58+0300 sintez-lite-3b node[458]: 10101 '<-' '#12:23:57 EVENT (64040) 4 1 255 0$04\r'
2026-02-17T12:24:08+0300 sintez-lite-3b node[458]: 10101 '<-' '#12:24:08 EVENT (64041) 4 1 255 255$97\r'
2026-02-17T12:24:14+0300 sintez-lite-3b node[458]: 10101 '<-' '#12:24:13 EVENT (64042) 4 2 255 255$c1\r'
2026-02-17T12:24:16+0300 sintez-lite-3b node[458]: 10101 '<-' '#12:24:15 EVENT (64043) 4 2 255 0$b0\r'
2026-02-17T12:24:26+0300 sintez-lite-3b node[458]: 10101 '<-' '#12:24:25 EVENT (64044) 4 2 255 255$62\r'
2026-02-17T12:24:32+0300 sintez-lite-3b node[458]: 10101 '<-' '#12:24:32 EVENT (64045) 4 3 255 255$9c\r'
2026-02-17T12:24:34+0300 sintez-lite-3b node[458]: 10101 '<-' '#12:24:34 EVENT (64046) 4 3 255 0$67\r'
2026-02-17T12:24:44+0300 sintez-lite-3b node[458]: 10101 '<-' '#12:24:44 EVENT (64047) 4 3 255 255$3d\r'
2026-02-17T12:24:50+0300 sintez-lite-3b node[458]: 10101 '<-' '#12:24:50 EVENT (64048) 4 4 255 255$6f\r'
2026-02-17T12:24:52+0300 sintez-lite-3b node[458]: 10101 '<-' '#12:24:52 EVENT (64049) 4 4 255 0$1c\r'
2026-02-17T12:24:56+0300 sintez-lite-3b node[458]: 10101 '->' '#GET_REFER (1654) 0 $39\r'
2026-02-17T12:24:56+0300 sintez-lite-3b node[458]: 10101 '<-' '#12:24:55 REFER (1654) "Spectr" 10101 "Test SINTEZ UTMC"$26\r'
2026-02-17T12:25:02+0300 sintez-lite-3b node[458]: 10101 '<-' '#12:25:01 EVENT (64050) 4 4 255 255$e5\r'
2026-02-17T12:25:08+0300 sintez-lite-3b node[458]: 10101 '<-' '#12:25:07 EVENT (64051) 4 5 255 255$58\r'
2026-02-17T12:25:11+0300 sintez-lite-3b node[458]: 10101 '<-' '#12:25:10 EVENT (64052) 4 5 255 0$48\r'
2026-02-17T12:25:20+0300 sintez-lite-3b node[458]: 10101 '<-' '#12:25:20 EVENT (64053) 4 5 255 255$c0\r'
2026-02-17T12:25:26+0300 sintez-lite-3b node[458]: 10101 '<-' '#12:25:26 EVENT (64054) 4 6 255 255$33\r'
2026-02-17T12:25:28+0300 sintez-lite-3b node[458]: 10101 '<-' '#12:25:28 EVENT (64055) 4 6 255 0$0d\r'
