-- Logs begin at Tue 2026-02-17 13:20:19 +03. --
2026-02-17T15:12:54+0300 sintez-lite-3b node[465]: 10101 '<-' '#15:12:53 EVENT (1117) 4 12 255 255$f0\r'
2026-02-17T15:12:56+0300 sintez-lite-3b node[465]: 10101 '<-' '#15:12:55 EVENT (1118) 4 12 255 0$8c\r'
2026-02-17T15:13:06+0300 sintez-lite-3b node[465]: 10101 '<-' '#15:13:05 EVENT (1119) 4 12 255 255$f1\r'
2026-02-17T15:13:12+0300 sintez-lite-3b node[465]: 10101 '<-' '#15:13:11 EVENT (1120) 4 1 255 255$fc\r'
2026-02-17T15:13:14+0300 sintez-lite-3b node[465]: 10101 '<-' '#15:13:13 EVENT (1121) 4 1 255 0$7d\r'
2026-02-17T15:13:24+0300 sintez-lite-3b node[465]: 10101 '<-' '#15:13:24 EVENT (1122) 4 1 255 255$91\r'
2026-02-17T15:13:26+0300 sintez-lite-3b node[465]: 10101 '->' '#GET_REFER (131) 0 $62\r'
2026-02-17T15:13:26+0300 sintez-lite-3b node[465]: 10101 '<-' '#15:13:25 REFER (131) "Spectr" 10101 "Test SINTEZ UTMC"$f7\r'
2026-02-17T15:13:30+0300 sintez-lite-3b node[465]: 10101 '<-' '#15:13:30 EVENT (1123) 4 2 255 255$cb\r'
2026-02-17T15:13:32+0300 sintez-lite-3b node[465]: 10101 '<-' '#15:13:31 EVENT (1124) 4 2 255 0$30\r'
2026-02-17T15:13:42+0300 sintez-lite-3b node[465]: 10101 '<-' '#15:13:42 EVENT (1125) 4 2 255 255$5c\r'
2026-02-17T15:13:43+0300 sintez-lite-3b node[465]: 10101 '<-' '#15:13:43 EVENT (1126) 3 1 3 1 255 3$2c\r'
2026-02-17T15:13:43+0300 sintez-lite-3b node[465]: 10101 '->' '#GET_STAT (132) $45\r'
2026-02-17T15:13:43+0300 sintez-lite-3b node[465]: 10101 '<-' '#15:13:43 STAT (132) 0 0 0 0 0 3 1 255 31 2 255 13 255 3 0 0 0$db\r'
2026-02-17T15:13:43+0300 sintez-lite-3b node[465]: 10101 '->' '#GET_STAT (134) $55\r'
2026-02-17T15:13:43+0300 sintez-lite-3b node[465]: 10101 '<-' '#15:13:43 STAT (134) 0 0 0 0 0 3 1 255 32 2 255 13 255 3 0 0 0$3c\r'
2026-02-17T15:13:49+0300 sintez-lite-3b node[465]: 10101 '<-' '#15:13:48 EVENT (1127) 4 3 255 255$f6\r'
2026-02-17T15:13:51+0300 sintez-lite-3b node[465]: 10101 '<-' '#15:13:50 EVENT (1128) 4 3 255 0$f3\r'
2026-02-17T15:14:00+0300 sintez-lite-3b node[465]: 10101 '<-' '#15:14:00 EVENT (1129) 4 3 255 255$57\r'
2026-02-17T15:14:07+0300 sintez-lite-3b node[465]: 10101 '<-' '#15:14:06 EVENT (1130) 4 4 255 255$af\r'
2026-02-17T15:14:09+0300 sintez-lite-3b node[465]: 10101 '<-' '#15:14:08 EVENT (1131) 4 4 255 0$2a\r'
2026-02-17T15:14:18+0300 sintez-lite-3b node[465]: 10101 '<-' '#15:14:18 EVENT (1132) 4 4 255 255$40\r'
2026-02-17T15:14:25+0300 sintez-lite-3b node[465]: 10101 '<-' '#15:14:24 EVENT (1133) 4 5 255 255$7a\r'
2026-02-17T15:14:27+0300 sintez-lite-3b node[465]: 10101 '<-' '#15:14:26 EVENT (1134) 4 5 255 0$dc\r'
2026-02-17T15:14:37+0300 sintez-lite-3b node[465]: 10101 '<-' '#15:14:36 EVENT (1135) 4 5 255 255$0b\r'
2026-02-17T15:14:43+0300 sintez-lite-3b node[465]: 10101 '<-' '#15:14:42 EVENT (1136) 4 6 255 255$45\r'
2026-02-17T15:14:44+0300 sintez-lite-3b node[465]: 10101 '->' '#GET_REFER (135) 0 $E2\r'
2026-02-17T15:14:44+0300 sintez-lite-3b node[465]: 10101 '<-' '#15:14:43 REFER (135) "Spectr" 10101 "Test SINTEZ UTMC"$3d\r'
2026-02-17T15:14:45+0300 sintez-lite-3b node[465]: 10101 '<-' '#15:14:44 EVENT (1137) 4 6 255 0$8f\r'
2026-02-17T15:14:55+0300 sintez-lite-3b node[465]: 10101 '<-' '#15:14:54 EVENT (1138) 4 6 255 255$d5\r'
2026-02-17T15:15:01+0300 sintez-lite-3b node[465]: 10101 '<-' '#15:15:00 EVENT (1139) 4 7 255 255$ff\r'
2026-02-17T15:15:03+0300 sintez-lite-3b node[465]: 10101 '<-' '#15:15:03 EVENT (1140) 4 7 255 0$be\r'
2026-02-17T15:15:13+0300 sintez-lite-3b node[465]: 10101 '<-' '#15:15:13 EVENT (1141) 4 7 255 255$92\r'
2026-02-17T15:15:19+0300 sintez-lite-3b node[465]: 10101 '<-' '#15:15:19 EVENT (1142) 4 8 255 255$ec\r'
2026-02-17T15:15:21+0300 sintez-lite-3b node[465]: 10101 '<-' '#15:15:21 EVENT (1143) 4 8 255 0$71\r'
2026-02-17T15:15:31+0300 sintez-lite-3b node[465]: 10101 '<-' '#15:15:31 EVENT (1144) 4 8 255 255$5d\r'
2026-02-17T15:15:37+0300 sintez-lite-3b node[465]: 10101 '<-' '#15:15:37 EVENT (1145) 4 9 255 255$b7\r'
2026-02-17T15:15:39+0300 sintez-lite-3b node[465]: 10101 '<-' '#15:15:39 EVENT (1146) 4 9 255 0$2c\r'
2026-02-17T15:15:44+0300 sintez-lite-3b node[465]: 10101 '->' '#GET_REFER (136) 0 $03\r'
2026-02-17T15:15:44+0300 sintez-lite-3b node[465]: 10101 '<-' '#15:15:43 REFER (136) "Spectr" 10101 "Test SINTEZ UTMC"$51\r'
2026-02-17T15:15:49+0300 sintez-lite-3b node[465]: 10101 '<-' '#15:15:49 EVENT (1147) 4 9 255 255$48\r'
2026-02-17T15:15:56+0300 sintez-lite-3b node[465]: 10101 '<-' '#15:15:55 EVENT (1148) 4 10 255 255$41\r'
2026-02-17T15:15:58+0300 sintez-lite-3b node[465]: 10101 '<-' '#15:15:57 EVENT (1149) 4 10 255 0$a0\r'
2026-02-17T15:16:05+0300 sintez-lite-3b node[465]: 10101 '<-' '#15:16:05 EVENT (1150) 3 1 1 1 255 3$49\r'
2026-02-17T15:16:05+0300 sintez-lite-3b node[465]: 10101 '->' '#GET_STAT (137) $6D\r'
2026-02-17T15:16:05+0300 sintez-lite-3b node[465]: 10101 '<-' '#15:16:05 STAT (137) 0 0 0 0 0 1 1 255 173 10 255 10 0 3 0 0 0$90\r'
2026-02-17T15:16:05+0300 sintez-lite-3b node[465]: 10101 '->' '#GET_STAT (138) $75\r'
2026-02-17T15:16:05+0300 sintez-lite-3b node[465]: 10101 '<-' '#15:16:05 STAT (138) 0 0 0 0 0 1 1 255 173 10 255 10 0 3 0 0 0$a0\r'
2026-02-17T15:16:05+0300 sintez-lite-3b node[465]: 10101 '->' '#GET_STAT (139) $7D\r'
2026-02-17T15:16:05+0300 sintez-lite-3b node[465]: 10101 '<-' '#15:16:05 STAT (139) 0 0 0 0 0 1 1 255 174 10 255 10 0 3 0 0 0$d0\r'
2026-02-17T15:16:07+0300 sintez-lite-3b node[465]: 10101 '<-' '#15:16:07 EVENT (1151) 4 10 255 255$be\r'
2026-02-17T15:16:13+0300 sintez-lite-3b node[465]: 10101 '<-' '#15:16:13 EVENT (1152) 4 11 255 255$31\r'
2026-02-17T15:16:15+0300 sintez-lite-3b node[465]: 10101 '<-' '#15:16:15 EVENT (1153) 4 11 255 0$9c\r'
2026-02-17T15:16:26+0300 sintez-lite-3b node[465]: 10101 '<-' '#15:16:25 EVENT (1154) 4 11 255 255$52\r'
2026-02-17T15:16:32+0300 sintez-lite-3b node[465]: 10101 '<-' '#15:16:31 EVENT (1155) 4 12 255 255$c4\r'
2026-02-17T15:16:34+0300 sintez-lite-3b node[465]: 10101 '<-' '#15:16:33 EVENT (1156) 4 12 255 0$81\r'
2026-02-17T15:16:43+0300 sintez-lite-3b node[465]: 10101 '<-' '#15:16:43 EVENT (1157) 4 12 255 255$e5\r'
2026-02-17T15:16:49+0300 sintez-lite-3b node[465]: 10101 '<-' '#15:16:49 EVENT (1158) 4 1 255 255$19\r'
2026-02-17T15:16:52+0300 sintez-lite-3b node[465]: 10101 '<-' '#15:16:52 EVENT (1159) 4 1 255 0$7d\r'
2026-02-17T15:17:02+0300 sintez-lite-3b node[465]: 10101 '<-' '#15:17:01 EVENT (1160) 4 1 255 255$77\r'
2026-02-17T15:17:06+0300 sintez-lite-3b node[465]: 10101 '->' '#GET_REFER (140) 0 $82\r'
2026-02-17T15:17:06+0300 sintez-lite-3b node[465]: 10101 '<-' '#15:17:05 REFER (140) "Spectr" 10101 "Test SINTEZ UTMC"$16\r'
2026-02-17T15:17:08+0300 sintez-lite-3b node[465]: 10101 '<-' '#15:17:07 EVENT (1161) 4 2 255 255$d1\r'
2026-02-17T15:17:10+0300 sintez-lite-3b node[465]: 10101 '<-' '#15:17:09 EVENT (1162) 4 2 255 0$b2\r'
2026-02-17T15:17:20+0300 sintez-lite-3b node[465]: 10101 '<-' '#15:17:20 EVENT (1163) 4 2 255 255$46\r'
2026-02-17T15:17:26+0300 sintez-lite-3b node[465]: 10101 '<-' '#15:17:25 EVENT (1164) 4 3 255 255$9c\r'
2026-02-17T15:17:28+0300 sintez-lite-3b node[465]: 10101 '<-' '#15:17:27 EVENT (1165) 4 3 255 0$65\r'
2026-02-17T15:17:38+0300 sintez-lite-3b node[465]: 10101 '<-' '#15:17:37 EVENT (1166) 4 3 255 255$2d\r'
2026-02-17T15:17:44+0300 sintez-lite-3b node[465]: 10101 '<-' '#15:17:43 EVENT (1167) 4 4 255 255$67\r'
2026-02-17T15:17:46+0300 sintez-lite-3b node[465]: 10101 '<-' '#15:17:45 EVENT (1168) 4 4 255 0$18\r'
2026-02-17T15:17:56+0300 sintez-lite-3b node[465]: 10101 '<-' '#15:17:56 EVENT (1169) 4 4 255 255$fb\r'
2026-02-17T15:18:02+0300 sintez-lite-3b node[465]: 10101 '<-' '#15:18:02 EVENT (1170) 4 5 255 255$24\r'
2026-02-17T15:18:04+0300 sintez-lite-3b node[465]: 10101 '<-' '#15:18:04 EVENT (1171) 4 5 255 0$47\r'
2026-02-17T15:18:06+0300 sintez-lite-3b node[465]: 10101 '->' '#GET_REFER (141) 0 $A2\r'
2026-02-17T15:18:06+0300 sintez-lite-3b node[465]: 10101 '<-' '#15:18:05 REFER (141) "Spectr" 10101 "Test SINTEZ UTMC"$2a\r'
2026-02-17T15:18:14+0300 sintez-lite-3b node[465]: 10101 '<-' '#15:18:13 EVENT (1172) 4 5 255 255$b0\r'
2026-02-17T15:18:20+0300 sintez-lite-3b node[465]: 10101 '<-' '#15:18:20 EVENT (1173) 4 6 255 255$ee\r'
2026-02-17T15:18:22+0300 sintez-lite-3b node[465]: 10101 '<-' '#15:18:22 EVENT (1174) 4 6 255 0$f9\r'
2026-02-17T15:18:33+0300 sintez-lite-3b node[465]: 10101 '<-' '#15:18:32 EVENT (1175) 4 6 255 255$7f\r'
2026-02-17T15:18:39+0300 sintez-lite-3b node[465]: 10101 '<-' '#15:18:38 EVENT (1176) 4 7 255 255$d9\r'
2026-02-17T15:18:41+0300 sintez-lite-3b node[465]: 10101 '<-' '#15:18:40 EVENT (1177) 4 7 255 0$ac\r'
2026-02-17T15:18:51+0300 sintez-lite-3b node[465]: 10101 '<-' '#15:18:50 EVENT (1178) 4 7 255 255$4a\r'
2026-02-17T15:18:57+0300 sintez-lite-3b node[465]: 10101 '<-' '#15:18:56 EVENT (1179) 4 8 255 255$a4\r'
2026-02-17T15:18:59+0300 sintez-lite-3b node[465]: 10101 '<-' '#15:18:58 EVENT (1180) 4 8 255 0$e6\r'
2026-02-17T15:19:06+0300 sintez-lite-3b node[465]: 10101 '->' '#GET_REFER (142) 0 $C2\r'
2026-02-17T15:19:06+0300 sintez-lite-3b node[465]: 10101 '<-' '#15:19:05 REFER (142) "Spectr" 10101 "Test SINTEZ UTMC"$3e\r'
2026-02-17T15:19:09+0300 sintez-lite-3b node[465]: 10101 '<-' '#15:19:09 EVENT (1181) 4 8 255 255$27\r'
2026-02-17T15:19:15+0300 sintez-lite-3b node[465]: 10101 '<-' '#15:19:14 EVENT (1182) 4 9 255 255$5d\r'
2026-02-17T15:19:17+0300 sintez-lite-3b node[465]: 10101 '<-' '#15:19:16 EVENT (1183) 4 9 255 0$95\r'
2026-02-17T15:19:27+0300 sintez-lite-3b node[465]: 10101 '<-' '#15:19:27 EVENT (1184) 4 9 255 255$f1\r'
2026-02-17T15:19:33+0300 sintez-lite-3b node[465]: 10101 '<-' '#15:19:33 EVENT (1185) 4 10 255 255$94\r'
2026-02-17T15:19:35+0300 sintez-lite-3b node[465]: 10101 '<-' '#15:19:34 EVENT (1186) 4 10 255 0$73\r'
2026-02-17T15:19:45+0300 sintez-lite-3b node[465]: 10101 '<-' '#15:19:44 EVENT (1187) 4 10 255 255$ad\r'
2026-02-17T15:19:51+0300 sintez-lite-3b node[465]: 10101 '<-' '#15:19:50 EVENT (1188) 4 11 255 255$20\r'
2026-02-17T15:19:53+0300 sintez-lite-3b node[465]: 10101 '<-' '#15:19:52 EVENT (1189) 4 11 255 0$58\r'
2026-02-17T15:20:03+0300 sintez-lite-3b node[465]: 10101 '<-' '#15:20:03 EVENT (1190) 4 11 255 255$23\r'
2026-02-17T15:20:05+0300 sintez-lite-3b node[465]: 10101 '<-' '#15:20:05 EVENT (1191) 3 1 3 1 255 3$54\r'
2026-02-17T15:20:06+0300 sintez-lite-3b node[465]: 10101 '->' '#GET_STAT (143) $5D\r'
2026-02-17T15:20:06+0300 sintez-lite-3b node[465]: 10101 '<-' '#15:20:05 STAT (143) 0 0 0 0 0 3 1 255 196 11 255 14 255 3 0 0 0$84\r'
2026-02-17T15:20:06+0300 sintez-lite-3b node[465]: 10101 '->' '#GET_STAT (145) $6D\r'
2026-02-17T15:20:06+0300 sintez-lite-3b node[465]: 10101 '<-' '#15:20:05 STAT (145) 0 0 0 0 0 3 1 255 196 11 255 14 255 3 0 0 0$05\r'
2026-02-17T15:20:09+0300 sintez-lite-3b node[465]: 10101 '<-' '#15:20:08 EVENT (1192) 4 12 255 255$4e\r'
2026-02-17T15:20:11+0300 sintez-lite-3b node[465]: 10101 '<-' '#15:20:11 EVENT (1193) 4 12 255 0$d5\r'
2026-02-17T15:20:21+0300 sintez-lite-3b node[465]: 10101 '<-' '#15:20:21 EVENT (1194) 4 12 255 255$37\r'
2026-02-17T15:20:27+0300 sintez-lite-3b node[465]: 10101 '<-' '#15:20:27 EVENT (1195) 4 1 255 255$c1\r'
2026-02-17T15:20:29+0300 sintez-lite-3b node[465]: 10101 '<-' '#15:20:29 EVENT (1196) 4 1 255 0$ae\r'
2026-02-17T15:20:40+0300 sintez-lite-3b node[465]: 10101 '<-' '#15:20:39 EVENT (1197) 4 1 255 255$52\r'
2026-02-17T15:20:46+0300 sintez-lite-3b node[465]: 10101 '<-' '#15:20:45 EVENT (1198) 4 2 255 255$8c\r'
2026-02-17T15:20:48+0300 sintez-lite-3b node[465]: 10101 '<-' '#15:20:47 EVENT (1199) 4 2 255 0$61\r'
2026-02-17T15:20:57+0300 sintez-lite-3b node[465]: 10101 '<-' '#15:20:57 EVENT (1200) 4 2 255 255$17\r'
2026-02-17T15:21:04+0300 sintez-lite-3b node[465]: 10101 '<-' '#15:21:03 EVENT (1201) 4 3 255 255$41\r'
2026-02-17T15:21:06+0300 sintez-lite-3b node[465]: 10101 '<-' '#15:21:05 EVENT (1202) 4 3 255 0$8e\r'
2026-02-17T15:21:06+0300 sintez-lite-3b node[465]: 10101 '->' '#GET_REFER (146) 0 $43\r'
2026-02-17T15:21:06+0300 sintez-lite-3b node[465]: 10101 '<-' '#15:21:05 REFER (146) "Spectr" 10101 "Test SINTEZ UTMC"$66\r'
2026-02-17T15:21:16+0300 sintez-lite-3b node[465]: 10101 '<-' '#15:21:15 EVENT (1203) 4 3 255 255$d1\r'
2026-02-17T15:21:22+0300 sintez-lite-3b node[465]: 10101 '<-' '#15:21:22 EVENT (1204) 4 4 255 255$10\r'
2026-02-17T15:21:24+0300 sintez-lite-3b node[465]: 10101 '<-' '#15:21:23 EVENT (1205) 4 4 255 0$41\r'
2026-02-17T15:21:34+0300 sintez-lite-3b node[465]: 10101 '<-' '#15:21:34 EVENT (1206) 4 4 255 255$a0\r'
2026-02-17T15:21:40+0300 sintez-lite-3b node[465]: 10101 '<-' '#15:21:40 EVENT (1207) 4 5 255 255$da\r'
2026-02-17T15:21:42+0300 sintez-lite-3b node[465]: 10101 '<-' '#15:21:41 EVENT (1208) 4 5 255 0$f3\r'
2026-02-17T15:21:52+0300 sintez-lite-3b node[465]: 10101 '<-' '#15:21:52 EVENT (1209) 4 5 255 255$6b\r'
2026-02-17T15:21:58+0300 sintez-lite-3b node[465]: 10101 '<-' '#15:21:58 EVENT (1210) 4 6 255 255$c3\r'
2026-02-17T15:22:00+0300 sintez-lite-3b node[465]: 10101 '<-' '#15:22:00 EVENT (1211) 4 6 255 0$23\r'
2026-02-17T15:22:06+0300 sintez-lite-3b node[465]: 10101 '->' '#GET_REFER (147) 0 $63\r'
2026-02-17T15:22:06+0300 sintez-lite-3b node[465]: 10101 '<-' '#15:22:05 REFER (147) "Spectr" 10101 "Test SINTEZ UTMC"$7a\r'
2026-02-17T15:22:10+0300 sintez-lite-3b node[465]: 10101 '<-' '#15:22:10 EVENT (1212) 4 6 255 255$24\r'
2026-02-17T15:22:16+0300 sintez-lite-3b node[465]: 10101 '<-' '#15:22:16 EVENT (1213) 4 7 255 255$7e\r'
2026-02-17T15:22:18+0300 sintez-lite-3b node[465]: 10101 '<-' '#15:22:18 EVENT (1214) 4 7 255 0$dd\r'
2026-02-17T15:22:29+0300 sintez-lite-3b node[465]: 10101 '<-' '#15:22:28 EVENT (1215) 4 7 255 255$0f\r'
2026-02-17T15:22:31+0300 sintez-lite-3b node[465]: 10101 '<-' '#15:22:31 EVENT (1216) 3 1 1 1 255 3$6a\r'
2026-02-17T15:22:31+0300 sintez-lite-3b node[465]: 10101 '->' '#GET_STAT (148) $85\r'
2026-02-17T15:22:31+0300 sintez-lite-3b node[465]: 10101 '<-' '#15:22:31 STAT (148) 0 0 0 0 0 1 1 255 124 7 255 15 255 3 0 0 0$82\r'
2026-02-17T15:22:31+0300 sintez-lite-3b node[465]: 10101 '->' '#GET_STAT (149) $8D\r'
2026-02-17T15:22:31+0300 sintez-lite-3b node[465]: 10101 '<-' '#15:22:31 STAT (149) 0 0 0 0 0 1 1 255 124 7 255 15 255 3 0 0 0$a2\r'
2026-02-17T15:22:32+0300 sintez-lite-3b node[465]: 10101 '->' '#GET_STAT (150) $55\r'
2026-02-17T15:22:32+0300 sintez-lite-3b node[465]: 10101 '<-' '#15:22:31 STAT (150) 0 0 0 0 0 1 1 255 124 7 255 15 255 3 0 0 0$c1\r'
2026-02-17T15:22:34+0300 sintez-lite-3b node[465]: 10101 '<-' '#15:22:34 EVENT (1217) 4 8 255 255$89\r'
2026-02-17T15:22:36+0300 sintez-lite-3b node[465]: 10101 '<-' '#15:22:36 EVENT (1218) 4 8 255 0$a0\r'
2026-02-17T15:22:47+0300 sintez-lite-3b node[465]: 10101 '<-' '#15:22:46 EVENT (1219) 4 8 255 255$1a\r'
2026-02-17T15:22:53+0300 sintez-lite-3b node[465]: 10101 '<-' '#15:22:52 EVENT (1220) 4 9 255 255$52\r'
2026-02-17T15:22:54+0300 sintez-lite-3b node[465]: 10101 '<-' '#15:22:54 EVENT (1221) 4 9 255 0$d2\r'
2026-02-17T15:23:04+0300 sintez-lite-3b node[465]: 10101 '<-' '#15:23:04 EVENT (1222) 4 9 255 255$d2\r'
2026-02-17T15:23:11+0300 sintez-lite-3b node[465]: 10101 '<-' '#15:23:10 EVENT (1223) 4 10 255 255$56\r'
2026-02-17T15:23:13+0300 sintez-lite-3b node[465]: 10101 '<-' '#15:23:12 EVENT (1224) 4 10 255 0$e5\r'
2026-02-17T15:23:23+0300 sintez-lite-3b node[465]: 10101 '<-' '#15:23:22 EVENT (1225) 4 10 255 255$77\r'
2026-02-17T15:23:28+0300 sintez-lite-3b node[465]: 10101 '<-' '#15:23:28 EVENT (1226) 4 11 255 255$2a\r'
2026-02-17T15:23:30+0300 sintez-lite-3b node[465]: 10101 '<-' '#15:23:30 EVENT (1227) 4 11 255 0$ca\r'
2026-02-17T15:23:32+0300 sintez-lite-3b node[465]: 10101 '->' '#GET_REFER (151) 0 $E2\r'
2026-02-17T15:23:32+0300 sintez-lite-3b node[465]: 10101 '<-' '#15:23:31 REFER (151) "Spectr" 10101 "Test SINTEZ UTMC"$3f\r'
2026-02-17T15:23:41+0300 sintez-lite-3b node[465]: 10101 '<-' '#15:23:40 EVENT (1228) 4 11 255 255$0b\r'
2026-02-17T15:23:47+0300 sintez-lite-3b node[465]: 10101 '<-' '#15:23:46 EVENT (1229) 4 12 255 255$bd\r'
2026-02-17T15:23:49+0300 sintez-lite-3b node[465]: 10101 '<-' '#15:23:48 EVENT (1230) 4 12 255 0$be\r'
2026-02-17T15:23:59+0300 sintez-lite-3b node[465]: 10101 '<-' '#15:23:58 EVENT (1231) 4 12 255 255$da\r'
2026-02-17T15:24:05+0300 sintez-lite-3b node[465]: 10101 '<-' '#15:24:04 EVENT (1232) 4 1 255 255$63\r'
2026-02-17T15:24:07+0300 sintez-lite-3b node[465]: 10101 '<-' '#15:24:06 EVENT (1233) 4 1 255 0$17\r'
