2026-02-18T10:25:48+03:00 sysUpTime=0:21:05:11.69 mode=1 fr=0 gn="02 " stageLen=? stageCounter=0 transition=?
2026-02-18T10:25:49+03:00 sysUpTime=0:21:05:12.29 mode=1 fr=0 gn="02 " stageLen=? stageCounter=0 transition=?
2026-02-18T10:25:49+03:00 sysUpTime=0:21:05:12.85 mode=1 fr=0 gn="02 " stageLen=? stageCounter=0 transition=?
2026-02-18T10:25:50+03:00 sysUpTime=0:21:05:13.52 mode=1 fr=0 gn="02 " stageLen=? stageCounter=0 transition=?
2026-02-18T10:25:51+03:00 sysUpTime=0:21:05:14.23 mode=1 fr=0 gn="02 " stageLen=? stageCounter=0 transition=?
2026-02-18T10:25:51+03:00 sysUpTime=0:21:05:14.97 mode=1 fr=0 gn="02 " stageLen=? stageCounter=0 transition=?
2026-02-18T10:25:52+03:00 sysUpTime=0:21:05:15.69 mode=1 fr=0 gn="02 " stageLen=? stageCounter=0 transition=?
2026-02-18T10:25:53+03:00 sysUpTime=0:21:05:16.34 mode=1 fr=0 gn="02 " stageLen=? stageCounter=0 transition=?
2026-02-18T10:25:53+03:00 sysUpTime=0:21:05:17.00 mode=1 fr=0 gn="02 " stageLen=? stageCounter=0 transition=?
2026-02-18T10:25:54+03:00 sysUpTime=0:21:05:17.69 mode=1 fr=0 gn="02 " stageLen=? stageCounter=0 transition=?
2026-02-18T10:25:55+03:00 sysUpTime=0:21:05:18.33 mode=1 fr=0 gn="02 " stageLen=? stageCounter=0 transition=?
2026-02-18T10:25:55+03:00 sysUpTime=0:21:05:19.04 mode=1 fr=0 gn="02 " stageLen=? stageCounter=0 transition=?
2026-02-18T10:25:56+03:00 sysUpTime=0:21:05:19.71 mode=1 fr=0 gn="02 " stageLen=? stageCounter=0 transition=?
2026-02-18T10:25:57+03:00 sysUpTime=0:21:05:20.41 mode=1 fr=0 gn="02 " stageLen=? stageCounter=0 transition=?
2026-02-18T10:25:57+03:00 sysUpTime=0:21:05:21.02 mode=1 fr=0 gn="02 " stageLen=? stageCounter=0 transition=?
2026-02-18T10:25:58+03:00 sysUpTime=0:21:05:21.60 mode=1 fr=0 gn="02 " stageLen=? stageCounter=0 transition=?
2026-02-18T10:25:58+03:00 sysUpTime=0:21:05:22.13 mode=1 fr=0 gn="02 " stageLen=? stageCounter=0 transition=?
2026-02-18T10:25:59+03:00 sysUpTime=0:21:05:22.75 mode=1 fr=0 gn="02 " stageLen=? stageCounter=0 transition=?
2026-02-18T10:26:00+03:00 sysUpTime=0:21:05:23.36 mode=1 fr=0 gn="02 " stageLen=? stageCounter=0 transition=?
2026-02-18T10:26:00+03:00 sysUpTime=0:21:05:24.11 mode=1 fr=0 gn="02 " stageLen=? stageCounter=0 transition=?
2026-02-18T10:26:01+03:00 sysUpTime=0:21:05:24.76 mode=1 fr=0 gn="02 " stageLen=? stageCounter=0 transition=?
2026-02-18T10:26:02+03:00 sysUpTime=0:21:05:25.46 mode=1 fr=0 gn="02 " stageLen=? stageCounter=0 transition=?
2026-02-18T10:26:02+03:00 sysUpTime=0:21:05:26.11 mode=1 fr=0 gn="04 " stageLen=? stageCounter=0 transition=?
2026-02-18T10:26:03+03:00 sysUpTime=0:21:05:26.78 mode=1 fr=0 gn="04 " stageLen=? stageCounter=0 transition=?
2026-02-18T10:26:04+03:00 sysUpTime=0:21:05:27.46 mode=1 fr=0 gn="04 " stageLen=? stageCounter=0 transition=?
2026-02-18T10:26:04+03:00 sysUpTime=0:21:05:28.09 mode=1 fr=0 gn="04 " stageLen=? stageCounter=0 transition=?
2026-02-18T10:26:05+03:00 sysUpTime=0:21:05:28.76 mode=1 fr=0 gn="04 " stageLen=? stageCounter=0 transition=?
2026-02-18T10:26:06+03:00 sysUpTime=0:21:05:29.50 mode=1 fr=0 gn="04 " stageLen=? stageCounter=0 transition=?
2026-02-18T10:26:06+03:00 sysUpTime=0:21:05:30.16 mode=1 fr=0 gn="04 " stageLen=? stageCounter=0 transition=?
2026-02-18T10:26:07+03:00 sysUpTime=0:21:05:30.92 mode=1 fr=0 gn="04 " stageLen=? stageCounter=0 transition=?
2026-02-18T10:26:08+03:00 sysUpTime=0:21:05:31.52 mode=1 fr=0 gn="04 " stageLen=? stageCounter=0 transition=?
2026-02-18T10:26:08+03:00 sysUpTime=0:21:05:32.04 mode=1 fr=0 gn="04 " stageLen=? stageCounter=0 transition=?
2026-02-18T10:26:09+03:00 sysUpTime=0:21:05:32.56 mode=1 fr=0 gn="04 " stageLen=? stageCounter=0 transition=?
2026-02-18T10:26:09+03:00 sysUpTime=0:21:05:33.14 mode=1 fr=0 gn="04 " stageLen=? stageCounter=0 transition=?
2026-02-18T10:26:10+03:00 sysUpTime=0:21:05:33.73 mode=1 fr=0 gn="04 " stageLen=? stageCounter=0 transition=?
2026-02-18T10:26:11+03:00 sysUpTime=0:21:05:34.39 mode=1 fr=0 gn="04 " stageLen=? stageCounter=0 transition=?
2026-02-18T10:26:11+03:00 sysUpTime=0:21:05:35.03 mode=1 fr=0 gn="04 " stageLen=? stageCounter=0 transition=?
2026-02-18T10:26:12+03:00 sysUpTime=0:21:05:35.75 mode=1 fr=0 gn="04 " stageLen=? stageCounter=0 transition=?
2026-02-18T10:26:13+03:00 sysUpTime=0:21:05:36.40 mode=1 fr=0 gn="04 " stageLen=? stageCounter=0 transition=?
2026-02-18T10:26:13+03:00 sysUpTime=0:21:05:37.12 mode=1 fr=0 gn="04 " stageLen=? stageCounter=0 transition=?
2026-02-18T10:26:14+03:00 sysUpTime=0:21:05:37.82 mode=1 fr=0 gn="04 " stageLen=? stageCounter=0 transition=?
2026-02-18T10:26:15+03:00 sysUpTime=0:21:05:38.51 mode=1 fr=0 gn="04 " stageLen=? stageCounter=0 transition=?
2026-02-18T10:26:15+03:00 sysUpTime=0:21:05:39.16 mode=1 fr=0 gn="04 " stageLen=? stageCounter=0 transition=?
2026-02-18T10:26:16+03:00 sysUpTime=0:21:05:39.80 mode=1 fr=0 gn="04 " stageLen=? stageCounter=0 transition=?
2026-02-18T10:26:17+03:00 sysUpTime=0:21:05:40.44 mode=1 fr=0 gn="04 " stageLen=? stageCounter=0 transition=?
2026-02-18T10:26:17+03:00 sysUpTime=0:21:05:41.09 mode=1 fr=0 gn="04 " stageLen=? stageCounter=0 transition=?
2026-02-18T10:26:18+03:00 sysUpTime=0:21:05:41.82 mode=1 fr=0 gn="04 " stageLen=? stageCounter=0 transition=?
2026-02-18T10:26:19+03:00 sysUpTime=0:21:05:42.50 mode=1 fr=0 gn="04 " stageLen=? stageCounter=0 transition=?
2026-02-18T10:26:19+03:00 sysUpTime=0:21:05:43.13 mode=1 fr=0 gn="04 " stageLen=? stageCounter=0 transition=?
2026-02-18T10:26:20+03:00 sysUpTime=0:21:05:43.80 mode=1 fr=0 gn="04 " stageLen=? stageCounter=0 transition=?
2026-02-18T10:26:21+03:00 sysUpTime=0:21:05:44.51 mode=1 fr=0 gn="08 " stageLen=? stageCounter=0 transition=?
2026-02-18T10:26:22+03:00 sysUpTime=0:21:05:45.20 mode=1 fr=0 gn="08 " stageLen=? stageCounter=0 transition=?
2026-02-18T10:26:22+03:00 sysUpTime=0:21:05:45.78 mode=1 fr=0 gn="08 " stageLen=? stageCounter=0 transition=?
2026-02-18T10:26:23+03:00 sysUpTime=0:21:05:46.31 mode=1 fr=0 gn="08 " stageLen=? stageCounter=0 transition=?
2026-02-18T10:26:23+03:00 sysUpTime=0:21:05:46.81 mode=1 fr=0 gn="08 " stageLen=? stageCounter=0 transition=?
2026-02-18T10:26:24+03:00 sysUpTime=0:21:05:47.41 mode=1 fr=0 gn="08 " stageLen=? stageCounter=0 transition=?
2026-02-18T10:26:24+03:00 sysUpTime=0:21:05:48.03 mode=1 fr=0 gn="08 " stageLen=? stageCounter=0 transition=?
2026-02-18T10:26:25+03:00 sysUpTime=0:21:05:48.58 mode=3 fr=0 gn="08 " stageLen=? stageCounter=0 transition=?
2026-02-18T10:26:25+03:00 sysUpTime=0:21:05:49.18 mode=3 fr=0 gn="08 " stageLen=? stageCounter=0 transition=?
2026-02-18T10:26:26+03:00 sysUpTime=0:21:05:49.81 mode=3 fr=0 gn="08 " stageLen=? stageCounter=0 transition=?
2026-02-18T10:26:27+03:00 sysUpTime=0:21:05:50.42 mode=3 fr=0 gn="08 " stageLen=? stageCounter=0 transition=?
2026-02-18T10:26:28+03:00 sysUpTime=0:21:05:51.26 mode=3 fr=0 gn="08 " stageLen=? stageCounter=0 transition=?
2026-02-18T10:26:28+03:00 sysUpTime=0:21:05:51.96 mode=3 fr=0 gn="08 " stageLen=? stageCounter=0 transition=?
2026-02-18T10:26:29+03:00 sysUpTime=0:21:05:52.71 mode=3 fr=0 gn="08 " stageLen=? stageCounter=0 transition=?
2026-02-18T10:26:30+03:00 sysUpTime=0:21:05:53.35 mode=3 fr=0 gn="08 " stageLen=? stageCounter=0 transition=?
2026-02-18T10:26:30+03:00 sysUpTime=0:21:05:54.01 mode=3 fr=0 gn="08 " stageLen=? stageCounter=0 transition=?
2026-02-18T10:26:31+03:00 sysUpTime=0:21:05:54.74 mode=3 fr=0 gn="08 " stageLen=? stageCounter=0 transition=?
2026-02-18T10:26:32+03:00 sysUpTime=0:21:05:55.49 mode=3 fr=0 gn="08 " stageLen=? stageCounter=0 transition=?
2026-02-18T10:26:33+03:00 sysUpTime=0:21:05:56.25 mode=3 fr=0 gn="08 " stageLen=? stageCounter=0 transition=?
2026-02-18T10:26:33+03:00 sysUpTime=0:21:05:57.01 mode=3 fr=0 gn="08 " stageLen=? stageCounter=0 transition=?
2026-02-18T10:26:34+03:00 sysUpTime=0:21:05:57.68 mode=3 fr=0 gn="08 " stageLen=? stageCounter=0 transition=?
2026-02-18T10:26:35+03:00 sysUpTime=0:21:05:58.38 mode=3 fr=0 gn="08 " stageLen=? stageCounter=0 transition=?
2026-02-18T10:26:35+03:00 sysUpTime=0:21:05:59.04 mode=3 fr=0 gn="08 " stageLen=? stageCounter=0 transition=?
2026-02-18T10:26:36+03:00 sysUpTime=0:21:05:59.74 mode=3 fr=0 gn="08 " stageLen=? stageCounter=0 transition=?
2026-02-18T10:26:37+03:00 sysUpTime=0:21:06:00.44 mode=3 fr=0 gn="08 " stageLen=? stageCounter=0 transition=?
2026-02-18T10:26:37+03:00 sysUpTime=0:21:06:01.11 mode=3 fr=0 gn="08 " stageLen=? stageCounter=0 transition=?
2026-02-18T10:26:38+03:00 sysUpTime=0:21:06:01.72 mode=3 fr=0 gn="08 " stageLen=? stageCounter=0 transition=?
2026-02-18T10:26:39+03:00 sysUpTime=0:21:06:02.26 mode=3 fr=0 gn="08 " stageLen=? stageCounter=0 transition=?
2026-02-18T10:26:39+03:00 sysUpTime=0:21:06:02.82 mode=3 fr=0 gn="10 " stageLen=? stageCounter=0 transition=?
2026-02-18T10:26:40+03:00 sysUpTime=0:21:06:03.58 mode=3 fr=0 gn="10 " stageLen=? stageCounter=0 transition=?
2026-02-18T10:26:40+03:00 sysUpTime=0:21:06:04.14 mode=3 fr=0 gn="10 " stageLen=? stageCounter=0 transition=?
2026-02-18T10:26:41+03:00 sysUpTime=0:21:06:04.79 mode=3 fr=0 gn="10 " stageLen=? stageCounter=0 transition=?
2026-02-18T10:26:42+03:00 sysUpTime=0:21:06:05.50 mode=3 fr=0 gn="10 " stageLen=? stageCounter=0 transition=?
2026-02-18T10:26:43+03:00 sysUpTime=0:21:06:06.18 mode=3 fr=0 gn="10 " stageLen=? stageCounter=0 transition=?
2026-02-18T10:26:43+03:00 sysUpTime=0:21:06:06.82 mode=3 fr=0 gn="10 " stageLen=? stageCounter=0 transition=?
2026-02-18T10:26:44+03:00 sysUpTime=0:21:06:07.42 mode=3 fr=0 gn="10 " stageLen=? stageCounter=0 transition=?
2026-02-18T10:26:44+03:00 sysUpTime=0:21:06:08.01 mode=3 fr=0 gn="10 " stageLen=? stageCounter=0 transition=?
2026-02-18T10:26:45+03:00 sysUpTime=0:21:06:08.52 mode=3 fr=0 gn="10 " stageLen=? stageCounter=0 transition=?
2026-02-18T10:26:45+03:00 sysUpTime=0:21:06:09.13 mode=3 fr=0 gn="10 " stageLen=? stageCounter=0 transition=?
2026-02-18T10:26:46+03:00 sysUpTime=0:21:06:09.85 mode=3 fr=0 gn="10 " stageLen=? stageCounter=0 transition=?
2026-02-18T10:26:47+03:00 sysUpTime=0:21:06:10.53 mode=3 fr=0 gn="10 " stageLen=? stageCounter=0 transition=?
2026-02-18T10:26:47+03:00 sysUpTime=0:21:06:11.12 mode=3 fr=0 gn="10 " stageLen=? stageCounter=0 transition=?
2026-02-18T10:26:48+03:00 sysUpTime=0:21:06:11.95 mode=3 fr=0 gn="10 " stageLen=? stageCounter=0 transition=?
2026-02-18T10:26:49+03:00 sysUpTime=0:21:06:12.61 mode=3 fr=0 gn="10 " stageLen=? stageCounter=0 transition=?
2026-02-18T10:26:49+03:00 sysUpTime=0:21:06:13.19 mode=3 fr=0 gn="10 " stageLen=? stageCounter=0 transition=?
2026-02-18T10:26:50+03:00 sysUpTime=0:21:06:13.80 mode=1 fr=0 gn="10 " stageLen=? stageCounter=0 transition=?
2026-02-18T10:26:51+03:00 sysUpTime=0:21:06:14.35 mode=1 fr=0 gn="10 " stageLen=? stageCounter=0 transition=?
2026-02-18T10:26:51+03:00 sysUpTime=0:21:06:15.04 mode=1 fr=0 gn="10 " stageLen=? stageCounter=0 transition=?
2026-02-18T10:26:52+03:00 sysUpTime=0:21:06:15.63 mode=1 fr=0 gn="10 " stageLen=? stageCounter=0 transition=?
2026-02-18T10:26:53+03:00 sysUpTime=0:21:06:16.31 mode=1 fr=0 gn="10 " stageLen=? stageCounter=0 transition=?
2026-02-18T10:26:53+03:00 sysUpTime=0:21:06:16.99 mode=1 fr=0 gn="10 " stageLen=? stageCounter=0 transition=?
2026-02-18T10:26:54+03:00 sysUpTime=0:21:06:17.65 mode=1 fr=0 gn="10 " stageLen=? stageCounter=0 transition=?
2026-02-18T10:26:55+03:00 sysUpTime=0:21:06:18.21 mode=1 fr=0 gn="10 " stageLen=? stageCounter=0 transition=?
2026-02-18T10:26:55+03:00 sysUpTime=0:21:06:18.76 mode=1 fr=0 gn="10 " stageLen=? stageCounter=0 transition=?
2026-02-18T10:26:56+03:00 sysUpTime=0:21:06:19.41 mode=1 fr=0 gn="10 " stageLen=? stageCounter=0 transition=?
2026-02-18T10:26:56+03:00 sysUpTime=0:21:06:20.11 mode=1 fr=0 gn="10 " stageLen=? stageCounter=0 transition=?
2026-02-18T10:26:57+03:00 sysUpTime=0:21:06:20.84 mode=1 fr=0 gn=" " stageLen=? stageCounter=0 transition=?
2026-02-18T10:26:58+03:00 sysUpTime=0:21:06:21.48 mode=1 fr=0 gn=" " stageLen=? stageCounter=0 transition=?
2026-02-18T10:26:59+03:00 sysUpTime=0:21:06:22.30 mode=1 fr=0 gn=" " stageLen=? stageCounter=0 transition=?
2026-02-18T10:26:59+03:00 sysUpTime=0:21:06:22.95 mode=1 fr=0 gn=" " stageLen=? stageCounter=0 transition=?
2026-02-18T10:27:00+03:00 sysUpTime=0:21:06:23.50 mode=1 fr=0 gn=" " stageLen=? stageCounter=0 transition=?
2026-02-18T10:27:00+03:00 sysUpTime=0:21:06:24.11 mode=1 fr=0 gn=" " stageLen=? stageCounter=0 transition=?
2026-02-18T10:27:01+03:00 sysUpTime=0:21:06:24.59 mode=1 fr=0 gn=" " stageLen=? stageCounter=0 transition=?
2026-02-18T10:27:01+03:00 sysUpTime=0:21:06:25.13 mode=1 fr=0 gn=" " stageLen=? stageCounter=0 transition=?
2026-02-18T10:27:02+03:00 sysUpTime=0:21:06:25.78 mode=1 fr=0 gn=" " stageLen=? stageCounter=0 transition=?
2026-02-18T10:27:03+03:00 sysUpTime=0:21:06:26.38 mode=1 fr=0 gn=" " stageLen=? stageCounter=0 transition=?
2026-02-18T10:27:03+03:00 sysUpTime=0:21:06:26.95 mode=1 fr=0 gn=" " stageLen=? stageCounter=0 transition=?
2026-02-18T10:27:04+03:00 sysUpTime=0:21:06:27.49 mode=1 fr=0 gn=" " stageLen=? stageCounter=0 transition=?
2026-02-18T10:27:04+03:00 sysUpTime=0:21:06:27.99 mode=1 fr=0 gn=" " stageLen=? stageCounter=0 transition=?
2026-02-18T10:27:05+03:00 sysUpTime=0:21:06:28.58 mode=1 fr=0 gn=" " stageLen=? stageCounter=0 transition=?
2026-02-18T10:27:06+03:00 sysUpTime=0:21:06:29.19 mode=1 fr=0 gn=" " stageLen=? stageCounter=0 transition=?
2026-02-18T10:27:06+03:00 sysUpTime=0:21:06:29.80 mode=1 fr=0 gn=" " stageLen=? stageCounter=0 transition=?
2026-02-18T10:27:07+03:00 sysUpTime=0:21:06:30.47 mode=1 fr=0 gn=" " stageLen=? stageCounter=0 transition=?
2026-02-18T10:27:07+03:00 sysUpTime=0:21:06:31.15 mode=1 fr=0 gn=" " stageLen=? stageCounter=0 transition=?
2026-02-18T10:27:08+03:00 sysUpTime=0:21:06:31.79 mode=1 fr=0 gn=" " stageLen=? stageCounter=0 transition=?
2026-02-18T10:27:09+03:00 sysUpTime=0:21:06:32.60 mode=1 fr=0 gn=" " stageLen=? stageCounter=0 transition=?
2026-02-18T10:27:10+03:00 sysUpTime=0:21:06:33.20 mode=1 fr=0 gn=" " stageLen=? stageCounter=0 transition=?
2026-02-18T10:27:10+03:00 sysUpTime=0:21:06:33.85 mode=1 fr=0 gn=" " stageLen=? stageCounter=0 transition=?
2026-02-18T10:27:11+03:00 sysUpTime=0:21:06:34.50 mode=1 fr=0 gn=" " stageLen=? stageCounter=0 transition=?
2026-02-18T10:27:11+03:00 sysUpTime=0:21:06:35.00 mode=1 fr=0 gn=" " stageLen=? stageCounter=0 transition=?
2026-02-18T10:27:12+03:00 sysUpTime=0:21:06:35.49 mode=1 fr=0 gn=" " stageLen=? stageCounter=0 transition=?
2026-02-18T10:27:12+03:00 sysUpTime=0:21:06:36.08 mode=1 fr=0 gn=" " stageLen=? stageCounter=0 transition=?
2026-02-18T10:27:13+03:00 sysUpTime=0:21:06:36.75 mode=1 fr=0 gn=" " stageLen=? stageCounter=0 transition=?
2026-02-18T10:27:14+03:00 sysUpTime=0:21:06:37.46 mode=1 fr=0 gn=" " stageLen=? stageCounter=0 transition=?
2026-02-18T10:27:14+03:00 sysUpTime=0:21:06:38.18 mode=1 fr=0 gn=" " stageLen=? stageCounter=0 transition=?
2026-02-18T10:27:15+03:00 sysUpTime=0:21:06:38.79 mode=1 fr=0 gn="@" stageLen=? stageCounter=0 transition=?
2026-02-18T10:27:16+03:00 sysUpTime=0:21:06:39.43 mode=1 fr=0 gn="@" stageLen=? stageCounter=0 transition=?
2026-02-18T10:27:16+03:00 sysUpTime=0:21:06:40.10 mode=1 fr=0 gn="@" stageLen=? stageCounter=0 transition=?
2026-02-18T10:27:17+03:00 sysUpTime=0:21:06:40.75 mode=1 fr=0 gn="@" stageLen=? stageCounter=0 transition=?
2026-02-18T10:27:18+03:00 sysUpTime=0:21:06:41.40 mode=1 fr=0 gn="@" stageLen=? stageCounter=0 transition=?
2026-02-18T10:27:18+03:00 sysUpTime=0:21:06:41.93 mode=1 fr=0 gn="@" stageLen=? stageCounter=0 transition=?
2026-02-18T10:27:19+03:00 sysUpTime=0:21:06:42.61 mode=3 fr=0 gn="@" stageLen=? stageCounter=0 transition=?
2026-02-18T10:27:19+03:00 sysUpTime=0:21:06:43.17 mode=3 fr=0 gn="@" stageLen=? stageCounter=0 transition=?
2026-02-18T10:27:20+03:00 sysUpTime=0:21:06:43.93 mode=3 fr=0 gn="@" stageLen=? stageCounter=0 transition=?
2026-02-18T10:27:21+03:00 sysUpTime=0:21:06:44.65 mode=3 fr=0 gn="@" stageLen=? stageCounter=0 transition=?
2026-02-18T10:27:22+03:00 sysUpTime=0:21:06:45.28 mode=3 fr=0 gn="@" stageLen=? stageCounter=0 transition=?
2026-02-18T10:27:22+03:00 sysUpTime=0:21:06:45.87 mode=3 fr=0 gn="@" stageLen=? stageCounter=0 transition=?
2026-02-18T10:27:23+03:00 sysUpTime=0:21:06:46.46 mode=3 fr=0 gn="@" stageLen=? stageCounter=0 transition=?
2026-02-18T10:27:23+03:00 sysUpTime=0:21:06:46.99 mode=3 fr=0 gn="@" stageLen=? stageCounter=0 transition=?
2026-02-18T10:27:24+03:00 sysUpTime=0:21:06:47.65 mode=3 fr=0 gn="@" stageLen=? stageCounter=0 transition=?
2026-02-18T10:27:25+03:00 sysUpTime=0:21:06:48.34 mode=3 fr=0 gn="@" stageLen=? stageCounter=0 transition=?
2026-02-18T10:27:25+03:00 sysUpTime=0:21:06:48.98 mode=3 fr=0 gn="@" stageLen=? stageCounter=0 transition=?
2026-02-18T10:27:26+03:00 sysUpTime=0:21:06:49.64 mode=3 fr=0 gn="@" stageLen=? stageCounter=0 transition=?
2026-02-18T10:27:27+03:00 sysUpTime=0:21:06:50.26 mode=3 fr=0 gn="@" stageLen=? stageCounter=0 transition=?
2026-02-18T10:27:27+03:00 sysUpTime=0:21:06:50.96 mode=3 fr=0 gn="@" stageLen=? stageCounter=0 transition=?
2026-02-18T10:27:28+03:00 sysUpTime=0:21:06:51.67 mode=3 fr=0 gn="@" stageLen=? stageCounter=0 transition=?
2026-02-18T10:27:29+03:00 sysUpTime=0:21:06:52.31 mode=3 fr=0 gn="@" stageLen=? stageCounter=0 transition=?
2026-02-18T10:27:30+03:00 sysUpTime=0:21:06:53.23 mode=3 fr=0 gn="@" stageLen=? stageCounter=0 transition=?
2026-02-18T10:27:30+03:00 sysUpTime=0:21:06:53.96 mode=3 fr=0 gn="@" stageLen=? stageCounter=0 transition=?
2026-02-18T10:27:31+03:00 sysUpTime=0:21:06:54.63 mode=3 fr=0 gn="@" stageLen=? stageCounter=0 transition=?
2026-02-18T10:27:32+03:00 sysUpTime=0:21:06:55.23 mode=3 fr=0 gn="@" stageLen=? stageCounter=0 transition=?
2026-02-18T10:27:32+03:00 sysUpTime=0:21:06:55.76 mode=3 fr=0 gn="@" stageLen=? stageCounter=0 transition=?
2026-02-18T10:27:33+03:00 sysUpTime=0:21:06:56.28 mode=3 fr=0 gn="@" stageLen=? stageCounter=0 transition=?
2026-02-18T10:27:33+03:00 sysUpTime=0:21:06:56.88 mode=3 fr=0 gn="80 " stageLen=? stageCounter=0 transition=?
2026-02-18T10:27:34+03:00 sysUpTime=0:21:06:57.61 mode=3 fr=0 gn="80 " stageLen=? stageCounter=0 transition=?
2026-02-18T10:27:35+03:00 sysUpTime=0:21:06:58.26 mode=3 fr=0 gn="80 " stageLen=? stageCounter=0 transition=?
2026-02-18T10:27:35+03:00 sysUpTime=0:21:06:58.92 mode=3 fr=0 gn="80 " stageLen=? stageCounter=0 transition=?
2026-02-18T10:27:36+03:00 sysUpTime=0:21:06:59.53 mode=3 fr=0 gn="80 " stageLen=? stageCounter=0 transition=?
2026-02-18T10:27:37+03:00 sysUpTime=0:21:07:00.21 mode=3 fr=0 gn="80 " stageLen=? stageCounter=0 transition=?
2026-02-18T10:27:37+03:00 sysUpTime=0:21:07:00.79 mode=3 fr=0 gn="80 " stageLen=? stageCounter=0 transition=?
2026-02-18T10:27:38+03:00 sysUpTime=0:21:07:01.33 mode=3 fr=0 gn="80 " stageLen=? stageCounter=0 transition=?
2026-02-18T10:27:38+03:00 sysUpTime=0:21:07:01.91 mode=3 fr=0 gn="80 " stageLen=? stageCounter=0 transition=?
2026-02-18T10:27:39+03:00 sysUpTime=0:21:07:02.49 mode=3 fr=0 gn="80 " stageLen=? stageCounter=0 transition=?
2026-02-18T10:27:40+03:00 sysUpTime=0:21:07:03.21 mode=3 fr=0 gn="80 " stageLen=? stageCounter=0 transition=?
2026-02-18T10:27:40+03:00 sysUpTime=0:21:07:03.77 mode=3 fr=0 gn="80 " stageLen=? stageCounter=0 transition=?
2026-02-18T10:27:41+03:00 sysUpTime=0:21:07:04.31 mode=3 fr=0 gn="80 " stageLen=? stageCounter=0 transition=?
2026-02-18T10:27:41+03:00 sysUpTime=0:21:07:05.01 mode=3 fr=0 gn="80 " stageLen=? stageCounter=0 transition=?
2026-02-18T10:27:42+03:00 sysUpTime=0:21:07:05.75 mode=3 fr=0 gn="80 " stageLen=? stageCounter=0 transition=?
2026-02-18T10:27:43+03:00 sysUpTime=0:21:07:06.42 mode=3 fr=0 gn="80 " stageLen=? stageCounter=0 transition=?
2026-02-18T10:27:43+03:00 sysUpTime=0:21:07:07.12 mode=3 fr=0 gn="80 " stageLen=? stageCounter=0 transition=?
2026-02-18T10:27:44+03:00 sysUpTime=0:21:07:07.83 mode=3 fr=0 gn="80 " stageLen=? stageCounter=0 transition=?
2026-02-18T10:27:45+03:00 sysUpTime=0:21:07:08.60 mode=1 fr=0 gn="80 " stageLen=? stageCounter=0 transition=?
2026-02-18T10:27:46+03:00 sysUpTime=0:21:07:09.19 mode=1 fr=0 gn="80 " stageLen=? stageCounter=0 transition=?
2026-02-18T10:27:46+03:00 sysUpTime=0:21:07:09.77 mode=1 fr=0 gn="80 " stageLen=? stageCounter=0 transition=?
2026-02-18T10:27:47+03:00 sysUpTime=0:21:07:10.32 mode=1 fr=0 gn="80 " stageLen=? stageCounter=0 transition=?
2026-02-18T10:27:47+03:00 sysUpTime=0:21:07:10.87 mode=1 fr=0 gn="80 " stageLen=? stageCounter=0 transition=?
2026-02-18T10:27:48+03:00 sysUpTime=0:21:07:11.57 mode=1 fr=0 gn="80 " stageLen=? stageCounter=0 transition=?
2026-02-18T10:27:49+03:00 sysUpTime=0:21:07:12.37 mode=1 fr=0 gn="80 " stageLen=? stageCounter=0 transition=?
2026-02-18T10:27:49+03:00 sysUpTime=0:21:07:12.94 mode=1 fr=0 gn="80 " stageLen=? stageCounter=0 transition=?
2026-02-18T10:27:50+03:00 sysUpTime=0:21:07:13.60 mode=1 fr=0 gn="80 " stageLen=? stageCounter=0 transition=?
2026-02-18T10:27:51+03:00 sysUpTime=0:21:07:14.44 mode=1 fr=0 gn="80 " stageLen=? stageCounter=0 transition=?
2026-02-18T10:27:52+03:00 sysUpTime=0:21:07:15.20 mode=1 fr=0 gn="01 00 " stageLen=? stageCounter=0 transition=?
2026-02-18T10:27:52+03:00 sysUpTime=0:21:07:15.87 mode=1 fr=0 gn="01 00 " stageLen=? stageCounter=0 transition=?
2026-02-18T10:27:53+03:00 sysUpTime=0:21:07:16.50 mode=1 fr=0 gn="01 00 " stageLen=? stageCounter=0 transition=?
2026-02-18T10:27:53+03:00 sysUpTime=0:21:07:17.17 mode=1 fr=0 gn="01 00 " stageLen=? stageCounter=0 transition=?
2026-02-18T10:27:54+03:00 sysUpTime=0:21:07:17.86 mode=1 fr=0 gn="01 00 " stageLen=? stageCounter=0 transition=?
2026-02-18T10:27:55+03:00 sysUpTime=0:21:07:18.48 mode=1 fr=0 gn="01 00 " stageLen=? stageCounter=0 transition=?
2026-02-18T10:27:56+03:00 sysUpTime=0:21:07:19.19 mode=1 fr=0 gn="01 00 " stageLen=? stageCounter=0 transition=?
2026-02-18T10:27:56+03:00 sysUpTime=0:21:07:19.75 mode=1 fr=0 gn="01 00 " stageLen=? stageCounter=0 transition=?
2026-02-18T10:27:57+03:00 sysUpTime=0:21:07:20.30 mode=1 fr=0 gn="01 00 " stageLen=? stageCounter=0 transition=?
2026-02-18T10:27:57+03:00 sysUpTime=0:21:07:20.81 mode=1 fr=0 gn="01 00 " stageLen=? stageCounter=0 transition=?
2026-02-18T10:27:58+03:00 sysUpTime=0:21:07:21.40 mode=1 fr=0 gn="01 00 " stageLen=? stageCounter=0 transition=?
2026-02-18T10:27:58+03:00 sysUpTime=0:21:07:22.07 mode=1 fr=0 gn="01 00 " stageLen=? stageCounter=0 transition=?
2026-02-18T10:27:59+03:00 sysUpTime=0:21:07:22.71 mode=1 fr=0 gn="01 00 " stageLen=? stageCounter=0 transition=?
2026-02-18T10:28:00+03:00 sysUpTime=0:21:07:23.32 mode=1 fr=0 gn="01 00 " stageLen=? stageCounter=0 transition=?
2026-02-18T10:28:00+03:00 sysUpTime=0:21:07:24.03 mode=1 fr=0 gn="01 00 " stageLen=? stageCounter=0 transition=?
2026-02-18T10:28:01+03:00 sysUpTime=0:21:07:24.75 mode=1 fr=0 gn="01 00 " stageLen=? stageCounter=0 transition=?
2026-02-18T10:28:02+03:00 sysUpTime=0:21:07:25.42 mode=1 fr=0 gn="01 00 " stageLen=? stageCounter=0 transition=?
2026-02-18T10:28:02+03:00 sysUpTime=0:21:07:26.07 mode=1 fr=0 gn="01 00 " stageLen=? stageCounter=0 transition=?
2026-02-18T10:28:03+03:00 sysUpTime=0:21:07:26.68 mode=1 fr=0 gn="01 00 " stageLen=? stageCounter=0 transition=?
2026-02-18T10:28:04+03:00 sysUpTime=0:21:07:27.40 mode=1 fr=0 gn="01 00 " stageLen=? stageCounter=0 transition=?
2026-02-18T10:28:04+03:00 sysUpTime=0:21:07:28.08 mode=1 fr=0 gn="01 00 " stageLen=? stageCounter=0 transition=?
2026-02-18T10:28:05+03:00 sysUpTime=0:21:07:28.72 mode=1 fr=0 gn="01 00 " stageLen=? stageCounter=0 transition=?
2026-02-18T10:28:06+03:00 sysUpTime=0:21:07:29.43 mode=1 fr=0 gn="01 00 " stageLen=? stageCounter=0 transition=?
2026-02-18T10:28:06+03:00 sysUpTime=0:21:07:30.08 mode=1 fr=0 gn="01 00 " stageLen=? stageCounter=0 transition=?
2026-02-18T10:28:07+03:00 sysUpTime=0:21:07:30.77 mode=1 fr=0 gn="01 00 " stageLen=? stageCounter=0 transition=?
2026-02-18T10:28:08+03:00 sysUpTime=0:21:07:31.49 mode=1 fr=0 gn="01 00 " stageLen=? stageCounter=0 transition=?
2026-02-18T10:28:08+03:00 sysUpTime=0:21:07:32.14 mode=1 fr=0 gn="01 00 " stageLen=? stageCounter=0 transition=?
2026-02-18T10:28:09+03:00 sysUpTime=0:21:07:32.85 mode=1 fr=0 gn="02 00 " stageLen=? stageCounter=0 transition=?
2026-02-18T10:28:10+03:00 sysUpTime=0:21:07:33.43 mode=1 fr=0 gn="02 00 " stageLen=? stageCounter=0 transition=?
2026-02-18T10:28:11+03:00 sysUpTime=0:21:07:34.37 mode=1 fr=0 gn="02 00 " stageLen=? stageCounter=0 transition=?
2026-02-18T10:28:11+03:00 sysUpTime=0:21:07:35.07 mode=1 fr=0 gn="02 00 " stageLen=? stageCounter=0 transition=?
2026-02-18T10:28:12+03:00 sysUpTime=0:21:07:35.83 mode=1 fr=0 gn="02 00 " stageLen=? stageCounter=0 transition=?
2026-02-18T10:28:13+03:00 sysUpTime=0:21:07:36.56 mode=3 fr=0 gn="02 00 " stageLen=? stageCounter=0 transition=?
2026-02-18T10:28:14+03:00 sysUpTime=0:21:07:37.31 mode=3 fr=0 gn="02 00 " stageLen=? stageCounter=0 transition=?
2026-02-18T10:28:14+03:00 sysUpTime=0:21:07:38.04 mode=3 fr=0 gn="02 00 " stageLen=? stageCounter=0 transition=?
2026-02-18T10:28:15+03:00 sysUpTime=0:21:07:38.76 mode=3 fr=0 gn="02 00 " stageLen=? stageCounter=0 transition=?
2026-02-18T10:28:16+03:00 sysUpTime=0:21:07:39.46 mode=3 fr=0 gn="02 00 " stageLen=? stageCounter=0 transition=?
2026-02-18T10:28:16+03:00 sysUpTime=0:21:07:40.13 mode=3 fr=0 gn="02 00 " stageLen=? stageCounter=0 transition=?
2026-02-18T10:28:17+03:00 sysUpTime=0:21:07:40.76 mode=3 fr=0 gn="02 00 " stageLen=? stageCounter=0 transition=?
2026-02-18T10:28:18+03:00 sysUpTime=0:21:07:41.48 mode=3 fr=0 gn="02 00 " stageLen=? stageCounter=0 transition=?
2026-02-18T10:28:18+03:00 sysUpTime=0:21:07:42.17 mode=3 fr=0 gn="02 00 " stageLen=? stageCounter=0 transition=?
2026-02-18T10:28:19+03:00 sysUpTime=0:21:07:42.88 mode=3 fr=0 gn="02 00 " stageLen=? stageCounter=0 transition=?
2026-02-18T10:28:20+03:00 sysUpTime=0:21:07:43.63 mode=3 fr=0 gn="02 00 " stageLen=? stageCounter=0 transition=?
2026-02-18T10:28:21+03:00 sysUpTime=0:21:07:44.36 mode=3 fr=0 gn="02 00 " stageLen=? stageCounter=0 transition=?
2026-02-18T10:28:21+03:00 sysUpTime=0:21:07:45.12 mode=3 fr=0 gn="02 00 " stageLen=? stageCounter=0 transition=?
2026-02-18T10:28:22+03:00 sysUpTime=0:21:07:45.81 mode=3 fr=0 gn="02 00 " stageLen=? stageCounter=0 transition=?
2026-02-18T10:28:23+03:00 sysUpTime=0:21:07:46.39 mode=3 fr=0 gn="02 00 " stageLen=? stageCounter=0 transition=?
2026-02-18T10:28:23+03:00 sysUpTime=0:21:07:46.89 mode=3 fr=0 gn="02 00 " stageLen=? stageCounter=0 transition=?
2026-02-18T10:28:24+03:00 sysUpTime=0:21:07:47.48 mode=3 fr=0 gn="02 00 " stageLen=? stageCounter=0 transition=?
2026-02-18T10:28:24+03:00 sysUpTime=0:21:07:48.15 mode=3 fr=0 gn="02 00 " stageLen=? stageCounter=0 transition=?
2026-02-18T10:28:25+03:00 sysUpTime=0:21:07:48.83 mode=3 fr=0 gn="02 00 " stageLen=? stageCounter=0 transition=?
2026-02-18T10:28:26+03:00 sysUpTime=0:21:07:49.58 mode=3 fr=0 gn="02 00 " stageLen=? stageCounter=0 transition=?
2026-02-18T10:28:27+03:00 sysUpTime=0:21:07:50.29 mode=3 fr=0 gn="02 00 " stageLen=? stageCounter=0 transition=?
2026-02-18T10:28:27+03:00 sysUpTime=0:21:07:50.85 mode=3 fr=0 gn="02 00 " stageLen=? stageCounter=0 transition=?
2026-02-18T10:28:28+03:00 sysUpTime=0:21:07:51.64 mode=3 fr=0 gn="04 00 " stageLen=? stageCounter=0 transition=?
2026-02-18T10:28:29+03:00 sysUpTime=0:21:07:52.37 mode=3 fr=0 gn="04 00 " stageLen=? stageCounter=0 transition=?
2026-02-18T10:28:29+03:00 sysUpTime=0:21:07:52.95 mode=3 fr=0 gn="04 00 " stageLen=? stageCounter=0 transition=?
2026-02-18T10:28:30+03:00 sysUpTime=0:21:07:53.55 mode=3 fr=0 gn="04 00 " stageLen=? stageCounter=0 transition=?
2026-02-18T10:28:30+03:00 sysUpTime=0:21:07:54.04 mode=3 fr=0 gn="04 00 " stageLen=? stageCounter=0 transition=?
2026-02-18T10:28:31+03:00 sysUpTime=0:21:07:54.69 mode=3 fr=0 gn="04 00 " stageLen=? stageCounter=0 transition=?
2026-02-18T10:28:32+03:00 sysUpTime=0:21:07:55.52 mode=3 fr=0 gn="04 00 " stageLen=? stageCounter=0 transition=?
2026-02-18T10:28:33+03:00 sysUpTime=0:21:07:56.25 mode=3 fr=0 gn="04 00 " stageLen=? stageCounter=0 transition=?
2026-02-18T10:28:33+03:00 sysUpTime=0:21:07:56.90 mode=3 fr=0 gn="04 00 " stageLen=? stageCounter=0 transition=?
2026-02-18T10:28:34+03:00 sysUpTime=0:21:07:57.51 mode=3 fr=0 gn="04 00 " stageLen=? stageCounter=0 transition=?
2026-02-18T10:28:35+03:00 sysUpTime=0:21:07:58.19 mode=3 fr=0 gn="04 00 " stageLen=? stageCounter=0 transition=?
2026-02-18T10:28:35+03:00 sysUpTime=0:21:07:58.91 mode=3 fr=0 gn="04 00 " stageLen=? stageCounter=0 transition=?
2026-02-18T10:28:36+03:00 sysUpTime=0:21:07:59.64 mode=3 fr=0 gn="04 00 " stageLen=? stageCounter=0 transition=?
2026-02-18T10:28:37+03:00 sysUpTime=0:21:08:00.32 mode=3 fr=0 gn="04 00 " stageLen=? stageCounter=0 transition=?
2026-02-18T10:28:37+03:00 sysUpTime=0:21:08:00.96 mode=3 fr=0 gn="04 00 " stageLen=? stageCounter=0 transition=?
2026-02-18T10:28:38+03:00 sysUpTime=0:21:08:01.66 mode=3 fr=0 gn="04 00 " stageLen=? stageCounter=0 transition=?
2026-02-18T10:28:39+03:00 sysUpTime=0:21:08:02.46 mode=1 fr=0 gn="04 00 " stageLen=? stageCounter=0 transition=?
2026-02-18T10:28:39+03:00 sysUpTime=0:21:08:03.16 mode=1 fr=0 gn="04 00 " stageLen=? stageCounter=0 transition=?
2026-02-18T10:28:40+03:00 sysUpTime=0:21:08:03.86 mode=1 fr=0 gn="04 00 " stageLen=? stageCounter=0 transition=?
2026-02-18T10:28:41+03:00 sysUpTime=0:21:08:04.54 mode=1 fr=0 gn="04 00 " stageLen=? stageCounter=0 transition=?
2026-02-18T10:28:42+03:00 sysUpTime=0:21:08:05.37 mode=1 fr=0 gn="04 00 " stageLen=? stageCounter=0 transition=?
2026-02-18T10:28:42+03:00 sysUpTime=0:21:08:06.15 mode=1 fr=0 gn="04 00 " stageLen=? stageCounter=0 transition=?
2026-02-18T10:28:43+03:00 sysUpTime=0:21:08:06.83 mode=1 fr=0 gn="04 00 " stageLen=? stageCounter=0 transition=?
2026-02-18T10:28:44+03:00 sysUpTime=0:21:08:07.50 mode=1 fr=0 gn="04 00 " stageLen=? stageCounter=0 transition=?
2026-02-18T10:28:45+03:00 sysUpTime=0:21:08:08.22 mode=1 fr=0 gn="04 00 " stageLen=? stageCounter=0 transition=?
2026-02-18T10:28:45+03:00 sysUpTime=0:21:08:08.97 mode=1 fr=0 gn="04 00 " stageLen=? stageCounter=0 transition=?
2026-02-18T10:28:46+03:00 sysUpTime=0:21:08:09.64 mode=1 fr=0 gn="08 00 " stageLen=? stageCounter=0 transition=?
2026-02-18T10:28:47+03:00 sysUpTime=0:21:08:10.34 mode=1 fr=0 gn="08 00 " stageLen=? stageCounter=0 transition=?
2026-02-18T10:28:47+03:00 sysUpTime=0:21:08:11.08 mode=1 fr=0 gn="08 00 " stageLen=? stageCounter=0 transition=?
2026-02-18T10:28:48+03:00 sysUpTime=0:21:08:11.73 mode=1 fr=0 gn="08 00 " stageLen=? stageCounter=0 transition=?
2026-02-18T10:28:49+03:00 sysUpTime=0:21:08:12.45 mode=1 fr=0 gn="08 00 " stageLen=? stageCounter=0 transition=?
2026-02-18T10:28:49+03:00 sysUpTime=0:21:08:13.11 mode=1 fr=0 gn="08 00 " stageLen=? stageCounter=0 transition=?
2026-02-18T10:28:50+03:00 sysUpTime=0:21:08:13.78 mode=1 fr=0 gn="08 00 " stageLen=? stageCounter=0 transition=?
2026-02-18T10:28:51+03:00 sysUpTime=0:21:08:14.47 mode=1 fr=0 gn="08 00 " stageLen=? stageCounter=0 transition=?
2026-02-18T10:28:51+03:00 sysUpTime=0:21:08:15.12 mode=1 fr=0 gn="08 00 " stageLen=? stageCounter=0 transition=?
2026-02-18T10:28:52+03:00 sysUpTime=0:21:08:15.95 mode=1 fr=0 gn="08 00 " stageLen=? stageCounter=0 transition=?
2026-02-18T10:28:53+03:00 sysUpTime=0:21:08:16.65 mode=1 fr=0 gn="08 00 " stageLen=? stageCounter=0 transition=?
2026-02-18T10:28:54+03:00 sysUpTime=0:21:08:17.31 mode=1 fr=0 gn="08 00 " stageLen=? stageCounter=0 transition=?
2026-02-18T10:28:54+03:00 sysUpTime=0:21:08:18.03 mode=1 fr=0 gn="08 00 " stageLen=? stageCounter=0 transition=?
2026-02-18T10:28:55+03:00 sysUpTime=0:21:08:18.65 mode=1 fr=0 gn="08 00 " stageLen=? stageCounter=0 transition=?
2026-02-18T10:28:56+03:00 sysUpTime=0:21:08:19.26 mode=1 fr=0 gn="08 00 " stageLen=? stageCounter=0 transition=?
2026-02-18T10:28:56+03:00 sysUpTime=0:21:08:19.91 mode=1 fr=0 gn="08 00 " stageLen=? stageCounter=0 transition=?
2026-02-18T10:28:57+03:00 sysUpTime=0:21:08:20.66 mode=1 fr=0 gn="08 00 " stageLen=? stageCounter=0 transition=?
2026-02-18T10:28:58+03:00 sysUpTime=0:21:08:21.30 mode=1 fr=0 gn="08 00 " stageLen=? stageCounter=0 transition=?
2026-02-18T10:28:58+03:00 sysUpTime=0:21:08:21.95 mode=1 fr=0 gn="08 00 " stageLen=? stageCounter=0 transition=?
2026-02-18T10:28:59+03:00 sysUpTime=0:21:08:22.65 mode=1 fr=0 gn="08 00 " stageLen=? stageCounter=0 transition=?
2026-02-18T10:29:00+03:00 sysUpTime=0:21:08:23.31 mode=1 fr=0 gn="08 00 " stageLen=? stageCounter=0 transition=?
2026-02-18T10:29:00+03:00 sysUpTime=0:21:08:23.94 mode=1 fr=0 gn="08 00 " stageLen=? stageCounter=0 transition=?
2026-02-18T10:29:01+03:00 sysUpTime=0:21:08:24.63 mode=1 fr=0 gn="08 00 " stageLen=? stageCounter=0 transition=?
2026-02-18T10:29:02+03:00 sysUpTime=0:21:08:25.29 mode=1 fr=0 gn="08 00 " stageLen=? stageCounter=0 transition=?
2026-02-18T10:29:02+03:00 sysUpTime=0:21:08:26.09 mode=1 fr=0 gn="08 00 " stageLen=? stageCounter=0 transition=?
2026-02-18T10:29:03+03:00 sysUpTime=0:21:08:26.65 mode=1 fr=0 gn="08 00 " stageLen=? stageCounter=0 transition=?
2026-02-18T10:29:04+03:00 sysUpTime=0:21:08:27.44 mode=1 fr=0 gn="01 " stageLen=? stageCounter=0 transition=?
2026-02-18T10:29:04+03:00 sysUpTime=0:21:08:28.05 mode=1 fr=0 gn="01 " stageLen=? stageCounter=0 transition=?
2026-02-18T10:29:05+03:00 sysUpTime=0:21:08:28.73 mode=1 fr=0 gn="01 " stageLen=? stageCounter=0 transition=?
2026-02-18T10:29:06+03:00 sysUpTime=0:21:08:29.33 mode=1 fr=0 gn="01 " stageLen=? stageCounter=0 transition=?
2026-02-18T10:29:06+03:00 sysUpTime=0:21:08:29.90 mode=1 fr=0 gn="01 " stageLen=? stageCounter=0 transition=?
2026-02-18T10:29:07+03:00 sysUpTime=0:21:08:30.59 mode=1 fr=0 gn="01 " stageLen=? stageCounter=0 transition=?
2026-02-18T10:29:08+03:00 sysUpTime=0:21:08:31.30 mode=1 fr=0 gn="01 " stageLen=? stageCounter=0 transition=?
2026-02-18T10:29:08+03:00 sysUpTime=0:21:08:31.83 mode=3 fr=0 gn="01 " stageLen=? stageCounter=0 transition=?
2026-02-18T10:29:09+03:00 sysUpTime=0:21:08:32.52 mode=3 fr=0 gn="01 " stageLen=? stageCounter=0 transition=?
2026-02-18T10:29:10+03:00 sysUpTime=0:21:08:33.27 mode=3 fr=0 gn="01 " stageLen=? stageCounter=0 transition=?
2026-02-18T10:29:10+03:00 sysUpTime=0:21:08:33.99 mode=3 fr=0 gn="01 " stageLen=? stageCounter=0 transition=?
2026-02-18T10:29:11+03:00 sysUpTime=0:21:08:34.68 mode=3 fr=0 gn="01 " stageLen=? stageCounter=0 transition=?
2026-02-18T10:29:12+03:00 sysUpTime=0:21:08:35.33 mode=3 fr=0 gn="01 " stageLen=? stageCounter=0 transition=?
2026-02-18T10:29:12+03:00 sysUpTime=0:21:08:35.98 mode=3 fr=0 gn="01 " stageLen=? stageCounter=0 transition=?
2026-02-18T10:29:13+03:00 sysUpTime=0:21:08:36.72 mode=3 fr=0 gn="01 " stageLen=? stageCounter=0 transition=?
2026-02-18T10:29:14+03:00 sysUpTime=0:21:08:37.48 mode=3 fr=0 gn="01 " stageLen=? stageCounter=0 transition=?
2026-02-18T10:29:14+03:00 sysUpTime=0:21:08:38.15 mode=3 fr=0 gn="01 " stageLen=? stageCounter=0 transition=?
2026-02-18T10:29:15+03:00 sysUpTime=0:21:08:38.71 mode=3 fr=0 gn="01 " stageLen=? stageCounter=0 transition=?
2026-02-18T10:29:16+03:00 sysUpTime=0:21:08:39.32 mode=3 fr=0 gn="01 " stageLen=? stageCounter=0 transition=?
2026-02-18T10:29:16+03:00 sysUpTime=0:21:08:39.84 mode=3 fr=0 gn="01 " stageLen=? stageCounter=0 transition=?
2026-02-18T10:29:17+03:00 sysUpTime=0:21:08:40.46 mode=3 fr=0 gn="01 " stageLen=? stageCounter=0 transition=?
2026-02-18T10:29:17+03:00 sysUpTime=0:21:08:41.15 mode=3 fr=0 gn="01 " stageLen=? stageCounter=0 transition=?
2026-02-18T10:29:18+03:00 sysUpTime=0:21:08:41.77 mode=3 fr=0 gn="01 " stageLen=? stageCounter=0 transition=?
2026-02-18T10:29:19+03:00 sysUpTime=0:21:08:42.48 mode=3 fr=0 gn="01 " stageLen=? stageCounter=0 transition=?
2026-02-18T10:29:19+03:00 sysUpTime=0:21:08:43.14 mode=3 fr=0 gn="01 " stageLen=? stageCounter=0 transition=?
2026-02-18T10:29:20+03:00 sysUpTime=0:21:08:43.94 mode=3 fr=0 gn="01 " stageLen=? stageCounter=0 transition=?
2026-02-18T10:29:21+03:00 sysUpTime=0:21:08:44.61 mode=3 fr=0 gn="01 " stageLen=? stageCounter=0 transition=?
2026-02-18T10:29:22+03:00 sysUpTime=0:21:08:45.35 mode=3 fr=0 gn="01 " stageLen=? stageCounter=0 transition=?
2026-02-18T10:29:22+03:00 sysUpTime=0:21:08:45.99 mode=3 fr=0 gn="02 " stageLen=? stageCounter=0 transition=?
2026-02-18T10:29:23+03:00 sysUpTime=0:21:08:46.75 mode=3 fr=0 gn="02 " stageLen=? stageCounter=0 transition=?
2026-02-18T10:29:24+03:00 sysUpTime=0:21:08:47.44 mode=3 fr=0 gn="02 " stageLen=? stageCounter=0 transition=?
2026-02-18T10:29:24+03:00 sysUpTime=0:21:08:48.11 mode=3 fr=0 gn="02 " stageLen=? stageCounter=0 transition=?
2026-02-18T10:29:25+03:00 sysUpTime=0:21:08:48.72 mode=3 fr=0 gn="02 " stageLen=? stageCounter=0 transition=?
2026-02-18T10:29:25+03:00 sysUpTime=0:21:08:49.17 mode=3 fr=0 gn="02 " stageLen=? stageCounter=0 transition=?
2026-02-18T10:29:26+03:00 sysUpTime=0:21:08:49.82 mode=3 fr=0 gn="02 " stageLen=? stageCounter=0 transition=?
2026-02-18T10:29:27+03:00 sysUpTime=0:21:08:50.50 mode=3 fr=0 gn="02 " stageLen=? stageCounter=0 transition=?
2026-02-18T10:29:27+03:00 sysUpTime=0:21:08:51.14 mode=3 fr=0 gn="02 " stageLen=? stageCounter=0 transition=?
2026-02-18T10:29:28+03:00 sysUpTime=0:21:08:51.88 mode=3 fr=0 gn="02 " stageLen=? stageCounter=0 transition=?
2026-02-18T10:29:29+03:00 sysUpTime=0:21:08:52.49 mode=3 fr=0 gn="02 " stageLen=? stageCounter=0 transition=?
2026-02-18T10:29:29+03:00 sysUpTime=0:21:08:53.14 mode=3 fr=0 gn="02 " stageLen=? stageCounter=0 transition=?
2026-02-18T10:29:30+03:00 sysUpTime=0:21:08:53.72 mode=3 fr=0 gn="02 " stageLen=? stageCounter=0 transition=?
2026-02-18T10:29:31+03:00 sysUpTime=0:21:08:54.26 mode=3 fr=0 gn="02 " stageLen=? stageCounter=0 transition=?
2026-02-18T10:29:31+03:00 sysUpTime=0:21:08:54.88 mode=3 fr=0 gn="02 " stageLen=? stageCounter=0 transition=?
2026-02-18T10:29:32+03:00 sysUpTime=0:21:08:55.58 mode=3 fr=0 gn="02 " stageLen=? stageCounter=0 transition=?
2026-02-18T10:29:32+03:00 sysUpTime=0:21:08:56.15 mode=3 fr=0 gn="02 " stageLen=? stageCounter=0 transition=?
2026-02-18T10:29:33+03:00 sysUpTime=0:21:08:56.87 mode=3 fr=0 gn="02 " stageLen=? stageCounter=0 transition=?
2026-02-18T10:29:34+03:00 sysUpTime=0:21:08:57.47 mode=3 fr=0 gn="02 " stageLen=? stageCounter=0 transition=?
2026-02-18T10:29:34+03:00 sysUpTime=0:21:08:58.03 mode=1 fr=0 gn="02 " stageLen=? stageCounter=0 transition=?
2026-02-18T10:29:35+03:00 sysUpTime=0:21:08:58.67 mode=1 fr=0 gn="02 " stageLen=? stageCounter=0 transition=?
2026-02-18T10:29:36+03:00 sysUpTime=0:21:08:59.33 mode=1 fr=0 gn="02 " stageLen=? stageCounter=0 transition=?
2026-02-18T10:29:36+03:00 sysUpTime=0:21:09:00.00 mode=1 fr=0 gn="02 " stageLen=? stageCounter=0 transition=?
2026-02-18T10:29:37+03:00 sysUpTime=0:21:09:00.75 mode=1 fr=0 gn="02 " stageLen=? stageCounter=0 transition=?
2026-02-18T10:29:38+03:00 sysUpTime=0:21:09:01.40 mode=1 fr=0 gn="02 " stageLen=? stageCounter=0 transition=?
2026-02-18T10:29:38+03:00 sysUpTime=0:21:09:02.15 mode=1 fr=0 gn="02 " stageLen=? stageCounter=0 transition=?
2026-02-18T10:29:39+03:00 sysUpTime=0:21:09:02.81 mode=1 fr=0 gn="02 " stageLen=? stageCounter=0 transition=?
2026-02-18T10:29:40+03:00 sysUpTime=0:21:09:03.53 mode=1 fr=0 gn="02 " stageLen=? stageCounter=0 transition=?
2026-02-18T10:29:40+03:00 sysUpTime=0:21:09:04.17 mode=1 fr=0 gn="04 " stageLen=? stageCounter=0 transition=?
2026-02-18T10:29:41+03:00 sysUpTime=0:21:09:04.84 mode=1 fr=0 gn="04 " stageLen=? stageCounter=0 transition=?
2026-02-18T10:29:42+03:00 sysUpTime=0:21:09:05.47 mode=1 fr=0 gn="04 " stageLen=? stageCounter=0 transition=?
2026-02-18T10:29:42+03:00 sysUpTime=0:21:09:06.07 mode=1 fr=0 gn="04 " stageLen=? stageCounter=0 transition=?
2026-02-18T10:29:43+03:00 sysUpTime=0:21:09:06.70 mode=1 fr=0 gn="04 " stageLen=? stageCounter=0 transition=?
2026-02-18T10:29:44+03:00 sysUpTime=0:21:09:07.26 mode=1 fr=0 gn="04 " stageLen=? stageCounter=0 transition=?
2026-02-18T10:29:44+03:00 sysUpTime=0:21:09:07.86 mode=1 fr=0 gn="04 " stageLen=? stageCounter=0 transition=?
2026-02-18T10:29:45+03:00 sysUpTime=0:21:09:08.49 mode=1 fr=0 gn="04 " stageLen=? stageCounter=0 transition=?
2026-02-18T10:29:45+03:00 sysUpTime=0:21:09:09.15 mode=1 fr=0 gn="04 " stageLen=? stageCounter=0 transition=?
2026-02-18T10:29:46+03:00 sysUpTime=0:21:09:09.75 mode=1 fr=0 gn="04 " stageLen=? stageCounter=0 transition=?
2026-02-18T10:29:47+03:00 sysUpTime=0:21:09:10.47 mode=1 fr=0 gn="04 " stageLen=? stageCounter=0 transition=?
2026-02-18T10:29:48+03:00 sysUpTime=0:21:09:11.19 mode=1 fr=0 gn="04 " stageLen=? stageCounter=0 transition=?
2026-02-18T10:29:48+03:00 sysUpTime=0:21:09:11.84 mode=1 fr=0 gn="04 " stageLen=? stageCounter=0 transition=?
2026-02-18T10:29:49+03:00 sysUpTime=0:21:09:12.54 mode=1 fr=0 gn="04 " stageLen=? stageCounter=0 transition=?
2026-02-18T10:29:50+03:00 sysUpTime=0:21:09:13.22 mode=1 fr=0 gn="04 " stageLen=? stageCounter=0 transition=?
2026-02-18T10:29:50+03:00 sysUpTime=0:21:09:13.83 mode=1 fr=0 gn="04 " stageLen=? stageCounter=0 transition=?
2026-02-18T10:29:51+03:00 sysUpTime=0:21:09:14.54 mode=1 fr=0 gn="04 " stageLen=? stageCounter=0 transition=?
2026-02-18T10:29:52+03:00 sysUpTime=0:21:09:15.21 mode=1 fr=0 gn="04 " stageLen=? stageCounter=0 transition=?
2026-02-18T10:29:52+03:00 sysUpTime=0:21:09:15.89 mode=1 fr=0 gn="04 " stageLen=? stageCounter=0 transition=?
2026-02-18T10:29:53+03:00 sysUpTime=0:21:09:16.55 mode=1 fr=0 gn="04 " stageLen=? stageCounter=0 transition=?
2026-02-18T10:29:54+03:00 sysUpTime=0:21:09:17.19 mode=1 fr=0 gn="04 " stageLen=? stageCounter=0 transition=?
2026-02-18T10:29:54+03:00 sysUpTime=0:21:09:17.89 mode=1 fr=0 gn="04 " stageLen=? stageCounter=0 transition=?
2026-02-18T10:29:55+03:00 sysUpTime=0:21:09:18.51 mode=1 fr=0 gn="04 " stageLen=? stageCounter=0 transition=?
2026-02-18T10:29:56+03:00 sysUpTime=0:21:09:19.19 mode=1 fr=0 gn="04 " stageLen=? stageCounter=0 transition=?
2026-02-18T10:29:56+03:00 sysUpTime=0:21:09:19.89 mode=1 fr=0 gn="04 " stageLen=? stageCounter=0 transition=?
2026-02-18T10:29:57+03:00 sysUpTime=0:21:09:20.70 mode=1 fr=0 gn="04 " stageLen=? stageCounter=0 transition=?
2026-02-18T10:29:58+03:00 sysUpTime=0:21:09:21.37 mode=1 fr=0 gn="04 " stageLen=? stageCounter=0 transition=?
2026-02-18T10:29:58+03:00 sysUpTime=0:21:09:22.12 mode=1 fr=0 gn="08 " stageLen=? stageCounter=0 transition=?
2026-02-18T10:29:59+03:00 sysUpTime=0:21:09:22.76 mode=1 fr=0 gn="08 " stageLen=? stageCounter=0 transition=?
2026-02-18T10:30:00+03:00 sysUpTime=0:21:09:23.44 mode=1 fr=0 gn="08 " stageLen=? stageCounter=0 transition=?
2026-02-18T10:30:00+03:00 sysUpTime=0:21:09:24.13 mode=1 fr=0 gn="08 " stageLen=? stageCounter=0 transition=?
2026-02-18T10:30:01+03:00 sysUpTime=0:21:09:24.85 mode=1 fr=0 gn="08 " stageLen=? stageCounter=0 transition=?
2026-02-18T10:30:02+03:00 sysUpTime=0:21:09:25.57 mode=3 fr=0 gn="08 " stageLen=? stageCounter=0 transition=?
2026-02-18T10:30:03+03:00 sysUpTime=0:21:09:26.19 mode=3 fr=0 gn="08 " stageLen=? stageCounter=0 transition=?
2026-02-18T10:30:03+03:00 sysUpTime=0:21:09:26.77 mode=3 fr=0 gn="08 " stageLen=? stageCounter=0 transition=?
2026-02-18T10:30:04+03:00 sysUpTime=0:21:09:27.35 mode=3 fr=0 gn="08 " stageLen=? stageCounter=0 transition=?
2026-02-18T10:30:04+03:00 sysUpTime=0:21:09:27.98 mode=3 fr=0 gn="08 " stageLen=? stageCounter=0 transition=?
2026-02-18T10:30:05+03:00 sysUpTime=0:21:09:28.66 mode=3 fr=0 gn="08 " stageLen=? stageCounter=0 transition=?
2026-02-18T10:30:06+03:00 sysUpTime=0:21:09:29.36 mode=3 fr=0 gn="08 " stageLen=? stageCounter=0 transition=?
2026-02-18T10:30:06+03:00 sysUpTime=0:21:09:30.02 mode=3 fr=0 gn="08 " stageLen=? stageCounter=0 transition=?
2026-02-18T10:30:07+03:00 sysUpTime=0:21:09:30.72 mode=3 fr=0 gn="08 " stageLen=? stageCounter=0 transition=?
2026-02-18T10:30:08+03:00 sysUpTime=0:21:09:31.44 mode=3 fr=0 gn="08 " stageLen=? stageCounter=0 transition=?
2026-02-18T10:30:08+03:00 sysUpTime=0:21:09:32.11 mode=3 fr=0 gn="08 " stageLen=? stageCounter=0 transition=?
2026-02-18T10:30:09+03:00 sysUpTime=0:21:09:32.77 mode=3 fr=0 gn="08 " stageLen=? stageCounter=0 transition=?
2026-02-18T10:30:10+03:00 sysUpTime=0:21:09:33.56 mode=3 fr=0 gn="08 " stageLen=? stageCounter=0 transition=?
2026-02-18T10:30:11+03:00 sysUpTime=0:21:09:34.24 mode=3 fr=0 gn="08 " stageLen=? stageCounter=0 transition=?
2026-02-18T10:30:11+03:00 sysUpTime=0:21:09:34.96 mode=3 fr=0 gn="08 " stageLen=? stageCounter=0 transition=?
2026-02-18T10:30:12+03:00 sysUpTime=0:21:09:35.63 mode=3 fr=0 gn="08 " stageLen=? stageCounter=0 transition=?
2026-02-18T10:30:13+03:00 sysUpTime=0:21:09:36.33 mode=3 fr=0 gn="08 " stageLen=? stageCounter=0 transition=?
2026-02-18T10:30:13+03:00 sysUpTime=0:21:09:37.02 mode=3 fr=0 gn="08 " stageLen=? stageCounter=0 transition=?
2026-02-18T10:30:14+03:00 sysUpTime=0:21:09:37.88 mode=3 fr=0 gn="08 " stageLen=? stageCounter=0 transition=?
2026-02-18T10:30:15+03:00 sysUpTime=0:21:09:38.55 mode=3 fr=0 gn="08 " stageLen=? stageCounter=0 transition=?
2026-02-18T10:30:16+03:00 sysUpTime=0:21:09:39.19 mode=3 fr=0 gn="08 " stageLen=? stageCounter=0 transition=?
2026-02-18T10:30:16+03:00 sysUpTime=0:21:09:39.86 mode=3 fr=0 gn="10 " stageLen=? stageCounter=0 transition=?
2026-02-18T10:30:17+03:00 sysUpTime=0:21:09:40.52 mode=3 fr=0 gn="10 " stageLen=? stageCounter=0 transition=?
2026-02-18T10:30:18+03:00 sysUpTime=0:21:09:41.22 mode=3 fr=0 gn="10 " stageLen=? stageCounter=0 transition=?
2026-02-18T10:30:18+03:00 sysUpTime=0:21:09:41.90 mode=3 fr=0 gn="10 " stageLen=? stageCounter=0 transition=?
2026-02-18T10:30:19+03:00 sysUpTime=0:21:09:42.56 mode=3 fr=0 gn="10 " stageLen=? stageCounter=0 transition=?
2026-02-18T10:30:19+03:00 sysUpTime=0:21:09:43.07 mode=3 fr=0 gn="10 " stageLen=? stageCounter=0 transition=?
2026-02-18T10:30:20+03:00 sysUpTime=0:21:09:43.68 mode=3 fr=0 gn="10 " stageLen=? stageCounter=0 transition=?
2026-02-18T10:30:21+03:00 sysUpTime=0:21:09:44.27 mode=3 fr=0 gn="10 " stageLen=? stageCounter=0 transition=?
2026-02-18T10:30:21+03:00 sysUpTime=0:21:09:45.01 mode=3 fr=0 gn="10 " stageLen=? stageCounter=0 transition=?
2026-02-18T10:30:22+03:00 sysUpTime=0:21:09:45.73 mode=3 fr=0 gn="10 " stageLen=? stageCounter=0 transition=?
2026-02-18T10:30:23+03:00 sysUpTime=0:21:09:46.38 mode=3 fr=0 gn="10 " stageLen=? stageCounter=0 transition=?
2026-02-18T10:30:23+03:00 sysUpTime=0:21:09:47.08 mode=3 fr=0 gn="10 " stageLen=? stageCounter=0 transition=?
2026-02-18T10:30:24+03:00 sysUpTime=0:21:09:47.72 mode=3 fr=0 gn="10 " stageLen=? stageCounter=0 transition=?
2026-02-18T10:30:25+03:00 sysUpTime=0:21:09:48.52 mode=3 fr=0 gn="10 " stageLen=? stageCounter=0 transition=?
2026-02-18T10:30:25+03:00 sysUpTime=0:21:09:49.11 mode=3 fr=0 gn="10 " stageLen=? stageCounter=0 transition=?
2026-02-18T10:30:26+03:00 sysUpTime=0:21:09:49.76 mode=3 fr=0 gn="10 " stageLen=? stageCounter=0 transition=?
2026-02-18T10:30:27+03:00 sysUpTime=0:21:09:50.49 mode=3 fr=0 gn="10 " stageLen=? stageCounter=0 transition=?
2026-02-18T10:30:27+03:00 sysUpTime=0:21:09:51.10 mode=3 fr=0 gn="10 " stageLen=? stageCounter=0 transition=?
2026-02-18T10:30:28+03:00 sysUpTime=0:21:09:51.77 mode=3 fr=0 gn="10 " stageLen=? stageCounter=0 transition=?
2026-02-18T10:30:29+03:00 sysUpTime=0:21:09:52.38 mode=3 fr=0 gn="10 " stageLen=? stageCounter=0 transition=?
2026-02-18T10:30:29+03:00 sysUpTime=0:21:09:52.95 mode=3 fr=0 gn="10 " stageLen=? stageCounter=0 transition=?
2026-02-18T10:30:30+03:00 sysUpTime=0:21:09:53.65 mode=1 fr=0 gn="10 " stageLen=? stageCounter=0 transition=?
2026-02-18T10:30:31+03:00 sysUpTime=0:21:09:54.25 mode=1 fr=0 gn="10 " stageLen=? stageCounter=0 transition=?
2026-02-18T10:30:31+03:00 sysUpTime=0:21:09:54.94 mode=1 fr=0 gn="10 " stageLen=? stageCounter=0 transition=?
2026-02-18T10:30:32+03:00 sysUpTime=0:21:09:55.56 mode=1 fr=0 gn="10 " stageLen=? stageCounter=0 transition=?
2026-02-18T10:30:33+03:00 sysUpTime=0:21:09:56.21 mode=1 fr=0 gn="10 " stageLen=? stageCounter=0 transition=?
2026-02-18T10:30:33+03:00 sysUpTime=0:21:09:56.92 mode=1 fr=0 gn="10 " stageLen=? stageCounter=0 transition=?
2026-02-18T10:30:34+03:00 sysUpTime=0:21:09:57.46 mode=1 fr=0 gn="10 " stageLen=? stageCounter=0 transition=?
2026-02-18T10:30:34+03:00 sysUpTime=0:21:09:58.02 mode=1 fr=0 gn="10 " stageLen=? stageCounter=0 transition=?
2026-02-18T10:30:35+03:00 sysUpTime=0:21:09:58.66 mode=1 fr=0 gn=" " stageLen=? stageCounter=0 transition=?
2026-02-18T10:30:36+03:00 sysUpTime=0:21:09:59.53 mode=1 fr=0 gn=" " stageLen=? stageCounter=0 transition=?
2026-02-18T10:30:37+03:00 sysUpTime=0:21:10:00.26 mode=1 fr=0 gn=" " stageLen=? stageCounter=0 transition=?
2026-02-18T10:30:37+03:00 sysUpTime=0:21:10:00.96 mode=1 fr=0 gn=" " stageLen=? stageCounter=0 transition=?
2026-02-18T10:30:38+03:00 sysUpTime=0:21:10:01.58 mode=1 fr=0 gn=" " stageLen=? stageCounter=0 transition=?
2026-02-18T10:30:39+03:00 sysUpTime=0:21:10:02.22 mode=1 fr=0 gn=" " stageLen=? stageCounter=0 transition=?
2026-02-18T10:30:39+03:00 sysUpTime=0:21:10:02.94 mode=1 fr=0 gn=" " stageLen=? stageCounter=0 transition=?
2026-02-18T10:30:40+03:00 sysUpTime=0:21:10:03.68 mode=1 fr=0 gn=" " stageLen=? stageCounter=0 transition=?
2026-02-18T10:30:41+03:00 sysUpTime=0:21:10:04.37 mode=1 fr=0 gn=" " stageLen=? stageCounter=0 transition=?
2026-02-18T10:30:41+03:00 sysUpTime=0:21:10:04.94 mode=1 fr=0 gn=" " stageLen=? stageCounter=0 transition=?
2026-02-18T10:30:42+03:00 sysUpTime=0:21:10:05.62 mode=1 fr=0 gn=" " stageLen=? stageCounter=0 transition=?
2026-02-18T10:30:43+03:00 sysUpTime=0:21:10:06.30 mode=1 fr=0 gn=" " stageLen=? stageCounter=0 transition=?
2026-02-18T10:30:43+03:00 sysUpTime=0:21:10:07.04 mode=1 fr=0 gn=" " stageLen=? stageCounter=0 transition=?
2026-02-18T10:30:44+03:00 sysUpTime=0:21:10:07.74 mode=1 fr=0 gn=" " stageLen=? stageCounter=0 transition=?
2026-02-18T10:30:45+03:00 sysUpTime=0:21:10:08.18 mode=1 fr=0 gn=" " stageLen=? stageCounter=0 transition=?
2026-02-18T10:30:45+03:00 sysUpTime=0:21:10:08.75 mode=1 fr=0 gn=" " stageLen=? stageCounter=0 transition=?
2026-02-18T10:30:46+03:00 sysUpTime=0:21:10:09.25 mode=1 fr=0 gn=" " stageLen=? stageCounter=0 transition=?
2026-02-18T10:30:46+03:00 sysUpTime=0:21:10:09.95 mode=1 fr=0 gn=" " stageLen=? stageCounter=0 transition=?
2026-02-18T10:30:47+03:00 sysUpTime=0:21:10:10.65 mode=1 fr=0 gn=" " stageLen=? stageCounter=0 transition=?
2026-02-18T10:30:48+03:00 sysUpTime=0:21:10:11.27 mode=1 fr=0 gn=" " stageLen=? stageCounter=0 transition=?
2026-02-18T10:30:48+03:00 sysUpTime=0:21:10:11.81 mode=1 fr=0 gn=" " stageLen=? stageCounter=0 transition=?
2026-02-18T10:30:49+03:00 sysUpTime=0:21:10:12.35 mode=1 fr=0 gn=" " stageLen=? stageCounter=0 transition=?
2026-02-18T10:30:49+03:00 sysUpTime=0:21:10:12.87 mode=1 fr=0 gn=" " stageLen=? stageCounter=0 transition=?
2026-02-18T10:30:50+03:00 sysUpTime=0:21:10:13.49 mode=1 fr=0 gn=" " stageLen=? stageCounter=0 transition=?
2026-02-18T10:30:50+03:00 sysUpTime=0:21:10:14.14 mode=1 fr=0 gn=" " stageLen=? stageCounter=0 transition=?
2026-02-18T10:30:51+03:00 sysUpTime=0:21:10:14.83 mode=1 fr=0 gn=" " stageLen=? stageCounter=0 transition=?
2026-02-18T10:30:52+03:00 sysUpTime=0:21:10:15.45 mode=1 fr=0 gn=" " stageLen=? stageCounter=0 transition=?
2026-02-18T10:30:52+03:00 sysUpTime=0:21:10:16.09 mode=1 fr=0 gn="@" stageLen=? stageCounter=0 transition=?
2026-02-18T10:30:53+03:00 sysUpTime=0:21:10:16.77 mode=1 fr=0 gn="@" stageLen=? stageCounter=0 transition=?
2026-02-18T10:30:54+03:00 sysUpTime=0:21:10:17.38 mode=1 fr=0 gn="@" stageLen=? stageCounter=0 transition=?
2026-02-18T10:30:54+03:00 sysUpTime=0:21:10:18.02 mode=1 fr=0 gn="@" stageLen=? stageCounter=0 transition=?
2026-02-18T10:30:55+03:00 sysUpTime=0:21:10:18.55 mode=1 fr=0 gn="@" stageLen=? stageCounter=0 transition=?
2026-02-18T10:30:55+03:00 sysUpTime=0:21:10:19.08 mode=1 fr=0 gn="@" stageLen=? stageCounter=0 transition=?
2026-02-18T10:30:56+03:00 sysUpTime=0:21:10:19.85 mode=3 fr=0 gn="@" stageLen=? stageCounter=0 transition=?
2026-02-18T10:30:57+03:00 sysUpTime=0:21:10:20.54 mode=3 fr=0 gn="@" stageLen=? stageCounter=0 transition=?
2026-02-18T10:30:57+03:00 sysUpTime=0:21:10:21.14 mode=3 fr=0 gn="@" stageLen=? stageCounter=0 transition=?
2026-02-18T10:30:58+03:00 sysUpTime=0:21:10:21.71 mode=3 fr=0 gn="@" stageLen=? stageCounter=0 transition=?
2026-02-18T10:30:59+03:00 sysUpTime=0:21:10:22.20 mode=3 fr=0 gn="@" stageLen=? stageCounter=0 transition=?
2026-02-18T10:30:59+03:00 sysUpTime=0:21:10:22.79 mode=3 fr=0 gn="@" stageLen=? stageCounter=0 transition=?
2026-02-18T10:31:00+03:00 sysUpTime=0:21:10:23.52 mode=3 fr=0 gn="@" stageLen=? stageCounter=0 transition=?
2026-02-18T10:31:00+03:00 sysUpTime=0:21:10:24.14 mode=3 fr=0 gn="@" stageLen=? stageCounter=0 transition=?
2026-02-18T10:31:01+03:00 sysUpTime=0:21:10:24.83 mode=3 fr=0 gn="@" stageLen=? stageCounter=0 transition=?
2026-02-18T10:31:02+03:00 sysUpTime=0:21:10:25.36 mode=3 fr=0 gn="@" stageLen=? stageCounter=0 transition=?
2026-02-18T10:31:02+03:00 sysUpTime=0:21:10:26.00 mode=3 fr=0 gn="@" stageLen=? stageCounter=0 transition=?
2026-02-18T10:31:03+03:00 sysUpTime=0:21:10:26.54 mode=3 fr=0 gn="@" stageLen=? stageCounter=0 transition=?
2026-02-18T10:31:03+03:00 sysUpTime=0:21:10:27.13 mode=3 fr=0 gn="@" stageLen=? stageCounter=0 transition=?
2026-02-18T10:31:04+03:00 sysUpTime=0:21:10:27.76 mode=3 fr=0 gn="@" stageLen=? stageCounter=0 transition=?
2026-02-18T10:31:05+03:00 sysUpTime=0:21:10:28.39 mode=3 fr=0 gn="@" stageLen=? stageCounter=0 transition=?
2026-02-18T10:31:05+03:00 sysUpTime=0:21:10:28.90 mode=3 fr=0 gn="@" stageLen=? stageCounter=0 transition=?
2026-02-18T10:31:06+03:00 sysUpTime=0:21:10:29.45 mode=3 fr=0 gn="@" stageLen=? stageCounter=0 transition=?
2026-02-18T10:31:06+03:00 sysUpTime=0:21:10:30.06 mode=3 fr=0 gn="@" stageLen=? stageCounter=0 transition=?
2026-02-18T10:31:07+03:00 sysUpTime=0:21:10:30.74 mode=3 fr=0 gn="@" stageLen=? stageCounter=0 transition=?
2026-02-18T10:31:08+03:00 sysUpTime=0:21:10:31.40 mode=3 fr=0 gn="@" stageLen=? stageCounter=0 transition=?
2026-02-18T10:31:08+03:00 sysUpTime=0:21:10:32.10 mode=3 fr=0 gn="@" stageLen=? stageCounter=0 transition=?
2026-02-18T10:31:09+03:00 sysUpTime=0:21:10:32.76 mode=3 fr=0 gn="@" stageLen=? stageCounter=0 transition=?
2026-02-18T10:31:10+03:00 sysUpTime=0:21:10:33.43 mode=3 fr=0 gn="@" stageLen=? stageCounter=0 transition=?
2026-02-18T10:31:10+03:00 sysUpTime=0:21:10:34.15 mode=3 fr=0 gn="@" stageLen=? stageCounter=0 transition=?
2026-02-18T10:31:11+03:00 sysUpTime=0:21:10:34.88 mode=3 fr=0 gn="80 " stageLen=? stageCounter=0 transition=?
2026-02-18T10:31:12+03:00 sysUpTime=0:21:10:35.58 mode=3 fr=0 gn="80 " stageLen=? stageCounter=0 transition=?
2026-02-18T10:31:13+03:00 sysUpTime=0:21:10:36.24 mode=3 fr=0 gn="80 " stageLen=? stageCounter=0 transition=?
2026-02-18T10:31:13+03:00 sysUpTime=0:21:10:36.97 mode=3 fr=0 gn="80 " stageLen=? stageCounter=0 transition=?
2026-02-18T10:31:14+03:00 sysUpTime=0:21:10:37.61 mode=3 fr=0 gn="80 " stageLen=? stageCounter=0 transition=?
2026-02-18T10:31:14+03:00 sysUpTime=0:21:10:38.17 mode=3 fr=0 gn="80 " stageLen=? stageCounter=0 transition=?
2026-02-18T10:31:15+03:00 sysUpTime=0:21:10:38.75 mode=3 fr=0 gn="80 " stageLen=? stageCounter=0 transition=?
2026-02-18T10:31:16+03:00 sysUpTime=0:21:10:39.35 mode=3 fr=0 gn="80 " stageLen=? stageCounter=0 transition=?
2026-02-18T10:31:16+03:00 sysUpTime=0:21:10:39.97 mode=3 fr=0 gn="80 " stageLen=? stageCounter=0 transition=?
2026-02-18T10:31:17+03:00 sysUpTime=0:21:10:40.58 mode=3 fr=0 gn="80 " stageLen=? stageCounter=0 transition=?
2026-02-18T10:31:17+03:00 sysUpTime=0:21:10:41.16 mode=3 fr=0 gn="80 " stageLen=? stageCounter=0 transition=?
2026-02-18T10:31:18+03:00 sysUpTime=0:21:10:41.76 mode=3 fr=0 gn="80 " stageLen=? stageCounter=0 transition=?
2026-02-18T10:31:19+03:00 sysUpTime=0:21:10:42.34 mode=3 fr=0 gn="80 " stageLen=? stageCounter=0 transition=?
2026-02-18T10:31:19+03:00 sysUpTime=0:21:10:42.93 mode=3 fr=0 gn="80 " stageLen=? stageCounter=0 transition=?
2026-02-18T10:31:20+03:00 sysUpTime=0:21:10:43.62 mode=3 fr=0 gn="80 " stageLen=? stageCounter=0 transition=?
2026-02-18T10:31:21+03:00 sysUpTime=0:21:10:44.34 mode=3 fr=0 gn="80 " stageLen=? stageCounter=0 transition=?
2026-02-18T10:31:21+03:00 sysUpTime=0:21:10:45.03 mode=3 fr=0 gn="80 " stageLen=? stageCounter=0 transition=?
2026-02-18T10:31:22+03:00 sysUpTime=0:21:10:45.74 mode=3 fr=0 gn="80 " stageLen=? stageCounter=0 transition=?
2026-02-18T10:31:23+03:00 sysUpTime=0:21:10:46.38 mode=3 fr=0 gn="80 " stageLen=? stageCounter=0 transition=?
2026-02-18T10:31:23+03:00 sysUpTime=0:21:10:47.08 mode=3 fr=0 gn="80 " stageLen=? stageCounter=0 transition=?
2026-02-18T10:31:24+03:00 sysUpTime=0:21:10:47.77 mode=3 fr=0 gn="80 " stageLen=? stageCounter=0 transition=?
2026-02-18T10:31:25+03:00 sysUpTime=0:21:10:48.47 mode=3 fr=0 gn="80 " stageLen=? stageCounter=0 transition=?
2026-02-18T10:31:25+03:00 sysUpTime=0:21:10:49.13 mode=3 fr=0 gn="80 " stageLen=? stageCounter=0 transition=?
2026-02-18T10:31:26+03:00 sysUpTime=0:21:10:49.76 mode=3 fr=0 gn="80 " stageLen=? stageCounter=0 transition=?
2026-02-18T10:31:27+03:00 sysUpTime=0:21:10:50.45 mode=3 fr=0 gn="80 " stageLen=? stageCounter=0 transition=?
2026-02-18T10:31:28+03:00 sysUpTime=0:21:10:51.23 mode=3 fr=0 gn="80 " stageLen=? stageCounter=0 transition=?
2026-02-18T10:31:28+03:00 sysUpTime=0:21:10:51.89 mode=3 fr=0 gn="80 " stageLen=? stageCounter=0 transition=?
2026-02-18T10:31:29+03:00 sysUpTime=0:21:10:52.54 mode=3 fr=0 gn="01 00 " stageLen=? stageCounter=0 transition=?
2026-02-18T10:31:29+03:00 sysUpTime=0:21:10:53.15 mode=3 fr=0 gn="01 00 " stageLen=? stageCounter=0 transition=?
2026-02-18T10:31:30+03:00 sysUpTime=0:21:10:53.83 mode=3 fr=0 gn="01 00 " stageLen=? stageCounter=0 transition=?
2026-02-18T10:31:31+03:00 sysUpTime=0:21:10:54.52 mode=3 fr=0 gn="01 00 " stageLen=? stageCounter=0 transition=?
2026-02-18T10:31:31+03:00 sysUpTime=0:21:10:55.12 mode=3 fr=0 gn="01 00 " stageLen=? stageCounter=0 transition=?
2026-02-18T10:31:32+03:00 sysUpTime=0:21:10:55.78 mode=3 fr=0 gn="01 00 " stageLen=? stageCounter=0 transition=?
2026-02-18T10:31:33+03:00 sysUpTime=0:21:10:56.36 mode=3 fr=0 gn="01 00 " stageLen=? stageCounter=0 transition=?
2026-02-18T10:31:33+03:00 sysUpTime=0:21:10:56.92 mode=3 fr=0 gn="01 00 " stageLen=? stageCounter=0 transition=?
2026-02-18T10:31:34+03:00 sysUpTime=0:21:10:57.44 mode=3 fr=0 gn="01 00 " stageLen=? stageCounter=0 transition=?
2026-02-18T10:31:34+03:00 sysUpTime=0:21:10:57.98 mode=3 fr=0 gn="01 00 " stageLen=? stageCounter=0 transition=?
2026-02-18T10:31:35+03:00 sysUpTime=0:21:10:58.68 mode=3 fr=0 gn="01 00 " stageLen=? stageCounter=0 transition=?
2026-02-18T10:31:36+03:00 sysUpTime=0:21:10:59.34 mode=3 fr=0 gn="01 00 " stageLen=? stageCounter=0 transition=?
2026-02-18T10:31:36+03:00 sysUpTime=0:21:10:59.91 mode=3 fr=0 gn="01 00 " stageLen=? stageCounter=0 transition=?
2026-02-18T10:31:37+03:00 sysUpTime=0:21:11:00.61 mode=3 fr=0 gn="01 00 " stageLen=? stageCounter=0 transition=?
2026-02-18T10:31:38+03:00 sysUpTime=0:21:11:01.31 mode=3 fr=0 gn="01 00 " stageLen=? stageCounter=0 transition=?
2026-02-18T10:31:38+03:00 sysUpTime=0:21:11:02.01 mode=3 fr=0 gn="01 00 " stageLen=? stageCounter=0 transition=?
2026-02-18T10:31:39+03:00 sysUpTime=0:21:11:02.75 mode=3 fr=0 gn="01 00 " stageLen=? stageCounter=0 transition=?
2026-02-18T10:31:40+03:00 sysUpTime=0:21:11:03.37 mode=3 fr=0 gn="01 00 " stageLen=? stageCounter=0 transition=?
2026-02-18T10:31:40+03:00 sysUpTime=0:21:11:04.07 mode=3 fr=0 gn="01 00 " stageLen=? stageCounter=0 transition=?
2026-02-18T10:31:41+03:00 sysUpTime=0:21:11:04.78 mode=3 fr=0 gn="01 00 " stageLen=? stageCounter=0 transition=?
2026-02-18T10:31:42+03:00 sysUpTime=0:21:11:05.50 mode=3 fr=0 gn="01 00 " stageLen=? stageCounter=0 transition=?
2026-02-18T10:31:42+03:00 sysUpTime=0:21:11:06.17 mode=3 fr=0 gn="01 00 " stageLen=? stageCounter=0 transition=?
2026-02-18T10:31:43+03:00 sysUpTime=0:21:11:06.84 mode=3 fr=0 gn="01 00 " stageLen=? stageCounter=0 transition=?
2026-02-18T10:31:44+03:00 sysUpTime=0:21:11:07.51 mode=3 fr=0 gn="01 00 " stageLen=? stageCounter=0 transition=?
2026-02-18T10:31:45+03:00 sysUpTime=0:21:11:08.21 mode=3 fr=0 gn="01 00 " stageLen=? stageCounter=0 transition=?
2026-02-18T10:31:45+03:00 sysUpTime=0:21:11:08.89 mode=3 fr=0 gn="01 00 " stageLen=? stageCounter=0 transition=?
2026-02-18T10:31:46+03:00 sysUpTime=0:21:11:09.63 mode=3 fr=0 gn="01 00 " stageLen=? stageCounter=0 transition=?
2026-02-18T10:31:47+03:00 sysUpTime=0:21:11:10.19 mode=3 fr=0 gn="01 00 " stageLen=? stageCounter=0 transition=?
2026-02-18T10:31:47+03:00 sysUpTime=0:21:11:11.06 mode=3 fr=0 gn="02 00 " stageLen=? stageCounter=0 transition=?
2026-02-18T10:31:48+03:00 sysUpTime=0:21:11:11.74 mode=3 fr=0 gn="02 00 " stageLen=? stageCounter=0 transition=?
2026-02-18T10:31:49+03:00 sysUpTime=0:21:11:12.46 mode=3 fr=0 gn="02 00 " stageLen=? stageCounter=0 transition=?
2026-02-18T10:31:49+03:00 sysUpTime=0:21:11:13.14 mode=3 fr=0 gn="02 00 " stageLen=? stageCounter=0 transition=?
2026-02-18T10:31:50+03:00 sysUpTime=0:21:11:13.71 mode=3 fr=0 gn="02 00 " stageLen=? stageCounter=0 transition=?
2026-02-18T10:31:51+03:00 sysUpTime=0:21:11:14.28 mode=3 fr=0 gn="02 00 " stageLen=? stageCounter=0 transition=?
2026-02-18T10:31:51+03:00 sysUpTime=0:21:11:14.88 mode=3 fr=0 gn="02 00 " stageLen=? stageCounter=0 transition=?
2026-02-18T10:31:52+03:00 sysUpTime=0:21:11:15.45 mode=3 fr=0 gn="02 00 " stageLen=? stageCounter=0 transition=?
2026-02-18T10:31:52+03:00 sysUpTime=0:21:11:15.96 mode=3 fr=0 gn="02 00 " stageLen=? stageCounter=0 transition=?
2026-02-18T10:31:53+03:00 sysUpTime=0:21:11:16.61 mode=3 fr=0 gn="02 00 " stageLen=? stageCounter=0 transition=?
2026-02-18T10:31:53+03:00 sysUpTime=0:21:11:17.17 mode=3 fr=0 gn="02 00 " stageLen=? stageCounter=0 transition=?
2026-02-18T10:31:54+03:00 sysUpTime=0:21:11:17.78 mode=3 fr=0 gn="02 00 " stageLen=? stageCounter=0 transition=?
2026-02-18T10:31:55+03:00 sysUpTime=0:21:11:18.46 mode=3 fr=0 gn="02 00 " stageLen=? stageCounter=0 transition=?
2026-02-18T10:31:55+03:00 sysUpTime=0:21:11:19.08 mode=3 fr=0 gn="02 00 " stageLen=? stageCounter=0 transition=?
2026-02-18T10:31:56+03:00 sysUpTime=0:21:11:19.70 mode=3 fr=0 gn="02 00 " stageLen=? stageCounter=0 transition=?
2026-02-18T10:31:57+03:00 sysUpTime=0:21:11:20.21 mode=1 fr=0 gn="02 00 " stageLen=? stageCounter=0 transition=?
2026-02-18T10:31:57+03:00 sysUpTime=0:21:11:20.89 mode=1 fr=0 gn="02 00 " stageLen=? stageCounter=0 transition=?
2026-02-18T10:31:58+03:00 sysUpTime=0:21:11:21.44 mode=1 fr=0 gn="02 00 " stageLen=? stageCounter=0 transition=?
2026-02-18T10:31:58+03:00 sysUpTime=0:21:11:22.14 mode=1 fr=0 gn="02 00 " stageLen=? stageCounter=0 transition=?
2026-02-18T10:31:59+03:00 sysUpTime=0:21:11:22.76 mode=1 fr=0 gn="02 00 " stageLen=? stageCounter=0 transition=?
2026-02-18T10:32:00+03:00 sysUpTime=0:21:11:23.42 mode=1 fr=0 gn="02 00 " stageLen=? stageCounter=0 transition=?
2026-02-18T10:32:00+03:00 sysUpTime=0:21:11:24.02 mode=1 fr=0 gn="02 00 " stageLen=? stageCounter=0 transition=?
2026-02-18T10:32:01+03:00 sysUpTime=0:21:11:24.71 mode=1 fr=0 gn="02 00 " stageLen=? stageCounter=0 transition=?
2026-02-18T10:32:02+03:00 sysUpTime=0:21:11:25.33 mode=1 fr=0 gn="02 00 " stageLen=? stageCounter=0 transition=?
2026-02-18T10:32:02+03:00 sysUpTime=0:21:11:25.90 mode=1 fr=0 gn="02 00 " stageLen=? stageCounter=0 transition=?
2026-02-18T10:32:03+03:00 sysUpTime=0:21:11:26.58 mode=1 fr=0 gn="02 00 " stageLen=? stageCounter=0 transition=?
2026-02-18T10:32:04+03:00 sysUpTime=0:21:11:27.20 mode=1 fr=0 gn="02 00 " stageLen=? stageCounter=0 transition=?
2026-02-18T10:32:04+03:00 sysUpTime=0:21:11:27.82 mode=1 fr=0 gn="02 00 " stageLen=? stageCounter=0 transition=?
