-- Logs begin at Tue 2026-02-17 13:20:19 +03. --
2026-02-18T10:25:08+0300 sintez-lite-3b node[465]: 10101 '<-' '#10:25:08 EVENT (12569) 4 12 255 255$eb\r'
2026-02-18T10:25:10+0300 sintez-lite-3b node[465]: 10101 '<-' '#10:25:10 EVENT (12570) 4 12 255 0$2e\r'
2026-02-18T10:25:20+0300 sintez-lite-3b node[465]: 10101 '<-' '#10:25:20 EVENT (12571) 4 12 255 255$a8\r'
2026-02-18T10:25:26+0300 sintez-lite-3b node[465]: 10101 '<-' '#10:25:26 EVENT (12572) 4 1 255 255$92\r'
2026-02-18T10:25:28+0300 sintez-lite-3b node[465]: 10101 '<-' '#10:25:28 EVENT (12573) 4 1 255 0$e4\r'
2026-02-18T10:25:38+0300 sintez-lite-3b node[465]: 10101 '<-' '#10:25:38 EVENT (12574) 4 1 255 255$33\r'
2026-02-18T10:25:45+0300 sintez-lite-3b node[465]: 10101 '<-' '#10:25:44 EVENT (12575) 4 2 255 255$65\r'
2026-02-18T10:25:47+0300 sintez-lite-3b node[465]: 10101 '<-' '#10:25:46 EVENT (12576) 4 2 255 0$99\r'
2026-02-18T10:25:48+0300 sintez-lite-3b node[465]: 10101 '->' '#GET_REFER (1120) 0 $75\r'
2026-02-18T10:25:48+0300 sintez-lite-3b node[465]: 10101 '<-' '#10:25:47 REFER (1120) "Spectr" 10101 "Test SINTEZ UTMC"$cb\r'
2026-02-18T10:25:57+0300 sintez-lite-3b node[465]: 10101 '<-' '#10:25:56 EVENT (12577) 4 2 255 255$06\r'
2026-02-18T10:26:03+0300 sintez-lite-3b node[465]: 10101 '<-' '#10:26:02 EVENT (12578) 4 3 255 255$18\r'
2026-02-18T10:26:05+0300 sintez-lite-3b node[465]: 10101 '<-' '#10:26:04 EVENT (12579) 4 3 255 0$46\r'
2026-02-18T10:26:15+0300 sintez-lite-3b node[465]: 10101 '<-' '#10:26:14 EVENT (12580) 4 3 255 255$b6\r'
2026-02-18T10:26:21+0300 sintez-lite-3b node[465]: 10101 '<-' '#10:26:21 EVENT (12581) 4 4 255 255$f0\r'
2026-02-18T10:26:23+0300 sintez-lite-3b node[465]: 10101 '<-' '#10:26:23 EVENT (12582) 4 4 255 0$7c\r'
2026-02-18T10:26:25+0300 sintez-lite-3b node[465]: 10101 '<-' '#10:26:24 EVENT (12583) 3 1 3 1 255 3$bf\r'
2026-02-18T10:26:25+0300 sintez-lite-3b node[465]: 10101 '->' '#GET_STAT (1121) $EE\r'
2026-02-18T10:26:25+0300 sintez-lite-3b node[465]: 10101 '<-' '#10:26:24 STAT (1121) 0 0 0 0 0 3 1 255 58 4 255 3 0 3 0 0 0$57\r'
2026-02-18T10:26:33+0300 sintez-lite-3b node[465]: 10101 '<-' '#10:26:32 EVENT (12584) 4 4 255 255$c9\r'
2026-02-18T10:26:39+0300 sintez-lite-3b node[465]: 10101 '<-' '#10:26:39 EVENT (12585) 4 5 255 255$44\r'
2026-02-18T10:26:41+0300 sintez-lite-3b node[465]: 10101 '<-' '#10:26:41 EVENT (12586) 4 5 255 0$41\r'
2026-02-18T10:26:50+0300 sintez-lite-3b node[465]: 10101 '<-' '#10:26:50 EVENT (12587) 3 1 1 1 255 3$ff\r'
2026-02-18T10:26:50+0300 sintez-lite-3b node[465]: 10101 '->' '#GET_STAT (1122) $F6\r'
2026-02-18T10:26:50+0300 sintez-lite-3b node[465]: 10101 '<-' '#10:26:50 STAT (1122) 0 0 0 0 0 1 1 255 84 5 255 11 0 3 0 0 0$33\r'
2026-02-18T10:26:51+0300 sintez-lite-3b node[465]: 10101 '<-' '#10:26:50 EVENT (12588) 4 5 255 255$dc\r'
2026-02-18T10:26:57+0300 sintez-lite-3b node[465]: 10101 '<-' '#10:26:57 EVENT (12589) 4 6 255 255$57\r'
2026-02-18T10:27:00+0300 sintez-lite-3b node[465]: 10101 '<-' '#10:26:59 EVENT (12590) 4 6 255 0$95\r'
2026-02-18T10:27:09+0300 sintez-lite-3b node[465]: 10101 '<-' '#10:27:09 EVENT (12591) 4 6 255 255$d5\r'
2026-02-18T10:27:15+0300 sintez-lite-3b node[465]: 10101 '<-' '#10:27:15 EVENT (12592) 4 7 255 255$08\r'
2026-02-18T10:27:17+0300 sintez-lite-3b node[465]: 10101 '<-' '#10:27:17 EVENT (12593) 4 7 255 0$42\r'
2026-02-18T10:27:19+0300 sintez-lite-3b node[465]: 10101 '<-' '#10:27:18 EVENT (12594) 3 1 3 1 255 3$04\r'
2026-02-18T10:27:19+0300 sintez-lite-3b node[465]: 10101 '->' '#GET_STAT (1123) $FE\r'
2026-02-18T10:27:19+0300 sintez-lite-3b node[465]: 10101 '<-' '#10:27:18 STAT (1123) 0 0 0 0 0 3 1 255 113 7 255 4 0 3 0 0 0$ef\r'
2026-02-18T10:27:28+0300 sintez-lite-3b node[465]: 10101 '<-' '#10:27:27 EVENT (12595) 4 7 255 255$e8\r'
2026-02-18T10:27:33+0300 sintez-lite-3b node[465]: 10101 '<-' '#10:27:33 EVENT (12596) 4 8 255 255$1b\r'
2026-02-18T10:27:36+0300 sintez-lite-3b node[465]: 10101 '<-' '#10:27:35 EVENT (12597) 4 8 255 0$07\r'
2026-02-18T10:27:45+0300 sintez-lite-3b node[465]: 10101 '<-' '#10:27:45 EVENT (12598) 4 8 255 255$bb\r'
2026-02-18T10:27:45+0300 sintez-lite-3b node[465]: 10101 '<-' '#10:27:45 EVENT (12599) 3 1 1 1 255 3$65\r'
2026-02-18T10:27:45+0300 sintez-lite-3b node[465]: 10101 '->' '#GET_STAT (1124) $07\r'
2026-02-18T10:27:45+0300 sintez-lite-3b node[465]: 10101 '<-' '#10:27:45 STAT (1124) 0 0 0 0 0 1 1 255 139 8 255 12 255 3 0 0 0$4f\r'
2026-02-18T10:27:52+0300 sintez-lite-3b node[465]: 10101 '<-' '#10:27:51 EVENT (12600) 4 9 255 255$28\r'
2026-02-18T10:27:54+0300 sintez-lite-3b node[465]: 10101 '<-' '#10:27:53 EVENT (12601) 4 9 255 0$4a\r'
2026-02-18T10:28:03+0300 sintez-lite-3b node[465]: 10101 '<-' '#10:28:03 EVENT (12602) 4 9 255 255$a8\r'
2026-02-18T10:28:09+0300 sintez-lite-3b node[465]: 10101 '<-' '#10:28:09 EVENT (12603) 4 10 255 255$72\r'
2026-02-18T10:28:12+0300 sintez-lite-3b node[465]: 10101 '<-' '#10:28:11 EVENT (12604) 4 10 255 0$d0\r'
2026-02-18T10:28:13+0300 sintez-lite-3b node[465]: 10101 '<-' '#10:28:13 EVENT (12605) 3 1 3 1 255 3$57\r'
2026-02-18T10:28:13+0300 sintez-lite-3b node[465]: 10101 '->' '#GET_STAT (1125) $0F\r'
2026-02-18T10:28:13+0300 sintez-lite-3b node[465]: 10101 '<-' '#10:28:13 STAT (1125) 0 0 0 0 0 3 1 255 167 10 255 4 0 3 0 0 0$fb\r'
2026-02-18T10:28:22+0300 sintez-lite-3b node[465]: 10101 '<-' '#10:28:21 EVENT (12606) 4 10 255 255$b3\r'
2026-02-18T10:28:28+0300 sintez-lite-3b node[465]: 10101 '<-' '#10:28:28 EVENT (12607) 4 11 255 255$a6\r'
2026-02-18T10:28:30+0300 sintez-lite-3b node[465]: 10101 '<-' '#10:28:29 EVENT (12608) 4 11 255 0$f9\r'
2026-02-18T10:28:39+0300 sintez-lite-3b node[465]: 10101 '<-' '#10:28:38 EVENT (12609) 3 1 1 1 255 3$78\r'
2026-02-18T10:28:39+0300 sintez-lite-3b node[465]: 10101 '->' '#GET_STAT (1126) $17\r'
2026-02-18T10:28:39+0300 sintez-lite-3b node[465]: 10101 '<-' '#10:28:38 STAT (1126) 0 0 0 0 0 1 1 255 193 11 255 11 0 3 0 0 0$1c\r'
2026-02-18T10:28:40+0300 sintez-lite-3b node[465]: 10101 '<-' '#10:28:39 EVENT (12610) 4 11 255 255$54\r'
2026-02-18T10:28:46+0300 sintez-lite-3b node[465]: 10101 '<-' '#10:28:46 EVENT (12611) 4 12 255 255$c6\r'
2026-02-18T10:28:48+0300 sintez-lite-3b node[465]: 10101 '<-' '#10:28:48 EVENT (12612) 4 12 255 0$06\r'
2026-02-18T10:28:58+0300 sintez-lite-3b node[465]: 10101 '<-' '#10:28:57 EVENT (12613) 4 12 255 255$f7\r'
2026-02-18T10:29:04+0300 sintez-lite-3b node[465]: 10101 '<-' '#10:29:04 EVENT (12614) 4 1 255 255$e1\r'
2026-02-18T10:29:06+0300 sintez-lite-3b node[465]: 10101 '<-' '#10:29:06 EVENT (12615) 4 1 255 0$b8\r'
2026-02-18T10:29:08+0300 sintez-lite-3b node[465]: 10101 '<-' '#10:29:08 EVENT (12616) 3 1 3 1 255 3$bb\r'
2026-02-18T10:29:08+0300 sintez-lite-3b node[465]: 10101 '->' '#GET_STAT (1127) $1F\r'
2026-02-18T10:29:08+0300 sintez-lite-3b node[465]: 10101 '<-' '#10:29:08 STAT (1127) 0 0 0 0 0 3 1 255 4 1 255 4 0 3 0 0 0$ea\r'
2026-02-18T10:29:16+0300 sintez-lite-3b node[465]: 10101 '<-' '#10:29:16 EVENT (12617) 4 1 255 255$c2\r'
2026-02-18T10:29:23+0300 sintez-lite-3b node[465]: 10101 '<-' '#10:29:22 EVENT (12618) 4 2 255 255$f4\r'
2026-02-18T10:29:24+0300 sintez-lite-3b node[465]: 10101 '<-' '#10:29:24 EVENT (12619) 4 2 255 0$7d\r'
2026-02-18T10:29:34+0300 sintez-lite-3b node[465]: 10101 '<-' '#10:29:34 EVENT (12620) 4 2 255 255$93\r'
2026-02-18T10:29:34+0300 sintez-lite-3b node[465]: 10101 '<-' '#10:29:34 EVENT (12621) 3 1 1 1 255 3$f4\r'
2026-02-18T10:29:35+0300 sintez-lite-3b node[465]: 10101 '->' '#GET_STAT (1128) $27\r'
2026-02-18T10:29:35+0300 sintez-lite-3b node[465]: 10101 '<-' '#10:29:34 STAT (1128) 0 0 0 0 0 1 1 255 30 2 255 12 255 3 0 0 0$70\r'
2026-02-18T10:29:41+0300 sintez-lite-3b node[465]: 10101 '<-' '#10:29:40 EVENT (12622) 4 3 255 255$06\r'
2026-02-18T10:29:43+0300 sintez-lite-3b node[465]: 10101 '<-' '#10:29:42 EVENT (12623) 4 3 255 0$c1\r'
2026-02-18T10:29:53+0300 sintez-lite-3b node[465]: 10101 '<-' '#10:29:52 EVENT (12624) 4 3 255 255$a6\r'
2026-02-18T10:29:56+0300 sintez-lite-3b node[465]: 10101 '->' '#GET_STAT (1129) $2F\r'
2026-02-18T10:29:56+0300 sintez-lite-3b node[465]: 10101 '<-' '#10:29:55 STAT (1129) 0 0 0 0 0 1 1 255 52 3 255 15 255 3 0 0 0$f4\r'
2026-02-18T10:29:59+0300 sintez-lite-3b node[465]: 10101 '<-' '#10:29:58 EVENT (12625) 4 4 255 255$19\r'
2026-02-18T10:30:01+0300 sintez-lite-3b node[465]: 10101 '<-' '#10:30:00 EVENT (12626) 4 4 255 0$ed\r'
2026-02-18T10:30:02+0300 sintez-lite-3b node[465]: 10101 '<-' '#10:30:02 EVENT (12627) 3 1 3 1 255 3$f6\r'
2026-02-18T10:30:02+0300 sintez-lite-3b node[465]: 10101 '->' '#GET_STAT (1130) $F6\r'
2026-02-18T10:30:02+0300 sintez-lite-3b node[465]: 10101 '<-' '#10:30:02 STAT (1130) 0 0 0 0 0 3 1 255 58 4 255 4 0 3 0 0 0$fe\r'
2026-02-18T10:30:02+0300 sintez-lite-3b node[465]: 10101 '->' '#GET_STAT (1131) $FE\r'
2026-02-18T10:30:02+0300 sintez-lite-3b node[465]: 10101 '<-' '#10:30:02 STAT (1131) 0 0 0 0 0 3 1 255 58 4 255 4 0 3 0 0 0$01\r'
2026-02-18T10:30:11+0300 sintez-lite-3b node[465]: 10101 '<-' '#10:30:10 EVENT (12628) 4 4 255 255$97\r'
2026-02-18T10:30:17+0300 sintez-lite-3b node[465]: 10101 '<-' '#10:30:16 EVENT (12629) 4 5 255 255$0a\r'
2026-02-18T10:30:19+0300 sintez-lite-3b node[465]: 10101 '<-' '#10:30:18 EVENT (12630) 4 5 255 0$42\r'
2026-02-18T10:30:29+0300 sintez-lite-3b node[465]: 10101 '<-' '#10:30:28 EVENT (12631) 4 5 255 255$a8\r'
2026-02-18T10:30:30+0300 sintez-lite-3b node[465]: 10101 '<-' '#10:30:30 EVENT (12632) 3 1 1 1 255 3$70\r'
2026-02-18T10:30:30+0300 sintez-lite-3b node[465]: 10101 '->' '#GET_STAT (1132) $07\r'
2026-02-18T10:30:30+0300 sintez-lite-3b node[465]: 10101 '<-' '#10:30:30 STAT (1132) 0 0 0 0 0 1 1 255 86 5 255 14 255 3 0 0 0$86\r'
2026-02-18T10:30:30+0300 sintez-lite-3b node[465]: 10101 '->' '#GET_STAT (1133) $0F\r'
2026-02-18T10:30:30+0300 sintez-lite-3b node[465]: 10101 '<-' '#10:30:30 STAT (1133) 0 0 0 0 0 1 1 255 86 5 255 14 255 3 0 0 0$96\r'
2026-02-18T10:30:35+0300 sintez-lite-3b node[465]: 10101 '<-' '#10:30:35 EVENT (12633) 4 6 255 255$23\r'
2026-02-18T10:30:37+0300 sintez-lite-3b node[465]: 10101 '<-' '#10:30:36 EVENT (12634) 4 6 255 0$07\r'
2026-02-18T10:30:47+0300 sintez-lite-3b node[465]: 10101 '<-' '#10:30:47 EVENT (12635) 4 6 255 255$c3\r'
2026-02-18T10:30:53+0300 sintez-lite-3b node[465]: 10101 '<-' '#10:30:52 EVENT (12636) 4 7 255 255$ed\r'
2026-02-18T10:30:55+0300 sintez-lite-3b node[465]: 10101 '<-' '#10:30:54 EVENT (12637) 4 7 255 0$bb\r'
2026-02-18T10:30:56+0300 sintez-lite-3b node[465]: 10101 '<-' '#10:30:56 EVENT (12638) 3 1 3 1 255 3$bb\r'
2026-02-18T10:30:57+0300 sintez-lite-3b node[465]: 10101 '->' '#GET_STAT (1134) $17\r'
2026-02-18T10:30:57+0300 sintez-lite-3b node[465]: 10101 '<-' '#10:30:56 STAT (1134) 0 0 0 0 0 3 1 255 112 7 255 4 0 3 0 0 0$af\r'
2026-02-18T10:30:57+0300 sintez-lite-3b node[465]: 10101 '->' '#GET_STAT (1135) $1F\r'
2026-02-18T10:30:57+0300 sintez-lite-3b node[465]: 10101 '<-' '#10:30:56 STAT (1135) 0 0 0 0 0 3 1 255 112 7 255 4 0 3 0 0 0$b3\r'
2026-02-18T10:31:05+0300 sintez-lite-3b node[465]: 10101 '<-' '#10:31:05 EVENT (12639) 4 7 255 255$b6\r'
2026-02-18T10:31:11+0300 sintez-lite-3b node[465]: 10101 '<-' '#10:31:11 EVENT (12640) 4 8 255 255$e6\r'
2026-02-18T10:31:13+0300 sintez-lite-3b node[465]: 10101 '<-' '#10:31:12 EVENT (12641) 4 8 255 0$f7\r'
2026-02-18T10:31:23+0300 sintez-lite-3b node[465]: 10101 '<-' '#10:31:22 EVENT (12642) 4 8 255 255$7f\r'
2026-02-18T10:31:29+0300 sintez-lite-3b node[465]: 10101 '<-' '#10:31:29 EVENT (12643) 4 9 255 255$f9\r'
2026-02-18T10:31:31+0300 sintez-lite-3b node[465]: 10101 '<-' '#10:31:30 EVENT (12644) 4 9 255 0$ac\r'
2026-02-18T10:31:41+0300 sintez-lite-3b node[465]: 10101 '<-' '#10:31:41 EVENT (12645) 4 9 255 255$5a\r'
2026-02-18T10:31:48+0300 sintez-lite-3b node[465]: 10101 '<-' '#10:31:47 EVENT (12646) 4 10 255 255$d5\r'
2026-02-18T10:31:50+0300 sintez-lite-3b node[465]: 10101 '<-' '#10:31:49 EVENT (12647) 4 10 255 0$c9\r'
2026-02-18T10:31:56+0300 sintez-lite-3b node[465]: 10101 '<-' '#10:31:56 EVENT (12648) 3 1 1 1 255 3$ba\r'
2026-02-18T10:31:57+0300 sintez-lite-3b node[465]: 10101 '->' '#GET_STAT (1136) $27\r'
2026-02-18T10:31:57+0300 sintez-lite-3b node[465]: 10101 '<-' '#10:31:56 STAT (1136) 0 0 0 0 0 1 1 255 172 10 255 9 0 3 0 0 0$44\r'
2026-02-18T10:31:57+0300 sintez-lite-3b node[465]: 10101 '->' '#GET_STAT (1137) $2F\r'
2026-02-18T10:31:57+0300 sintez-lite-3b node[465]: 10101 '<-' '#10:31:56 STAT (1137) 0 0 0 0 0 1 1 255 172 10 255 9 0 3 0 0 0$4c\r'
2026-02-18T10:31:59+0300 sintez-lite-3b node[465]: 10101 '<-' '#10:31:59 EVENT (12649) 4 10 255 255$97\r'
2026-02-18T10:32:06+0300 sintez-lite-3b node[465]: 10101 '<-' '#10:32:05 EVENT (12650) 4 11 255 255$b5\r'
